[2025-06-06T00:36:08.795+0000] {processor.py:161} INFO - Started process (PID=191) to work on /opt/airflow/dags/api_to_db_dag_post.py
[2025-06-06T00:36:08.802+0000] {processor.py:830} INFO - Processing file /opt/airflow/dags/api_to_db_dag_post.py for tasks to queue
[2025-06-06T00:36:08.814+0000] {logging_mixin.py:188} INFO - [2025-06-06T00:36:08.813+0000] {dagbag.py:538} INFO - Filling up the DagBag from /opt/airflow/dags/api_to_db_dag_post.py
[2025-06-06T00:36:09.065+0000] {processor.py:840} INFO - DAG(s) 'posts_ingestion' retrieved from /opt/airflow/dags/api_to_db_dag_post.py
[2025-06-06T00:36:09.756+0000] {logging_mixin.py:188} INFO - [2025-06-06T00:36:09.755+0000] {dag.py:3036} INFO - Sync 1 DAGs
[2025-06-06T00:36:09.864+0000] {logging_mixin.py:188} INFO - [2025-06-06T00:36:09.864+0000] {dag.py:3823} INFO - Setting next_dagrun for posts_ingestion to 2025-06-06 00:30:00+00:00, run_after=2025-06-06 01:00:00+00:00
[2025-06-06T00:36:09.940+0000] {processor.py:183} INFO - Processing /opt/airflow/dags/api_to_db_dag_post.py took 1.174 seconds
[2025-06-06T00:36:40.030+0000] {processor.py:161} INFO - Started process (PID=222) to work on /opt/airflow/dags/api_to_db_dag_post.py
[2025-06-06T00:36:40.031+0000] {processor.py:830} INFO - Processing file /opt/airflow/dags/api_to_db_dag_post.py for tasks to queue
[2025-06-06T00:36:40.032+0000] {logging_mixin.py:188} INFO - [2025-06-06T00:36:40.032+0000] {dagbag.py:538} INFO - Filling up the DagBag from /opt/airflow/dags/api_to_db_dag_post.py
[2025-06-06T00:36:40.060+0000] {processor.py:840} INFO - DAG(s) 'posts_ingestion' retrieved from /opt/airflow/dags/api_to_db_dag_post.py
[2025-06-06T00:36:40.083+0000] {logging_mixin.py:188} INFO - [2025-06-06T00:36:40.083+0000] {dag.py:3036} INFO - Sync 1 DAGs
[2025-06-06T00:36:40.103+0000] {logging_mixin.py:188} INFO - [2025-06-06T00:36:40.103+0000] {dag.py:3823} INFO - Setting next_dagrun for posts_ingestion to 2025-06-06 00:30:00+00:00, run_after=2025-06-06 01:00:00+00:00
[2025-06-06T00:36:40.129+0000] {processor.py:183} INFO - Processing /opt/airflow/dags/api_to_db_dag_post.py took 0.102 seconds
[2025-06-06T00:37:10.995+0000] {processor.py:161} INFO - Started process (PID=252) to work on /opt/airflow/dags/api_to_db_dag_post.py
[2025-06-06T00:37:10.996+0000] {processor.py:830} INFO - Processing file /opt/airflow/dags/api_to_db_dag_post.py for tasks to queue
[2025-06-06T00:37:10.997+0000] {logging_mixin.py:188} INFO - [2025-06-06T00:37:10.997+0000] {dagbag.py:538} INFO - Filling up the DagBag from /opt/airflow/dags/api_to_db_dag_post.py
[2025-06-06T00:37:11.018+0000] {processor.py:840} INFO - DAG(s) 'posts_ingestion' retrieved from /opt/airflow/dags/api_to_db_dag_post.py
[2025-06-06T00:37:11.042+0000] {logging_mixin.py:188} INFO - [2025-06-06T00:37:11.042+0000] {dag.py:3036} INFO - Sync 1 DAGs
[2025-06-06T00:37:11.065+0000] {logging_mixin.py:188} INFO - [2025-06-06T00:37:11.064+0000] {dag.py:3823} INFO - Setting next_dagrun for posts_ingestion to 2025-06-06 00:30:00+00:00, run_after=2025-06-06 01:00:00+00:00
[2025-06-06T00:37:11.089+0000] {processor.py:183} INFO - Processing /opt/airflow/dags/api_to_db_dag_post.py took 0.097 seconds
[2025-06-06T00:37:41.676+0000] {processor.py:161} INFO - Started process (PID=282) to work on /opt/airflow/dags/api_to_db_dag_post.py
[2025-06-06T00:37:41.677+0000] {processor.py:830} INFO - Processing file /opt/airflow/dags/api_to_db_dag_post.py for tasks to queue
[2025-06-06T00:37:41.677+0000] {logging_mixin.py:188} INFO - [2025-06-06T00:37:41.677+0000] {dagbag.py:538} INFO - Filling up the DagBag from /opt/airflow/dags/api_to_db_dag_post.py
[2025-06-06T00:37:41.697+0000] {processor.py:840} INFO - DAG(s) 'posts_ingestion' retrieved from /opt/airflow/dags/api_to_db_dag_post.py
[2025-06-06T00:37:41.723+0000] {logging_mixin.py:188} INFO - [2025-06-06T00:37:41.723+0000] {dag.py:3036} INFO - Sync 1 DAGs
[2025-06-06T00:37:41.744+0000] {logging_mixin.py:188} INFO - [2025-06-06T00:37:41.744+0000] {dag.py:3823} INFO - Setting next_dagrun for posts_ingestion to 2025-06-06 00:30:00+00:00, run_after=2025-06-06 01:00:00+00:00
[2025-06-06T00:37:41.770+0000] {processor.py:183} INFO - Processing /opt/airflow/dags/api_to_db_dag_post.py took 0.097 seconds
[2025-06-06T00:38:12.513+0000] {processor.py:161} INFO - Started process (PID=312) to work on /opt/airflow/dags/api_to_db_dag_post.py
[2025-06-06T00:38:12.514+0000] {processor.py:830} INFO - Processing file /opt/airflow/dags/api_to_db_dag_post.py for tasks to queue
[2025-06-06T00:38:12.516+0000] {logging_mixin.py:188} INFO - [2025-06-06T00:38:12.515+0000] {dagbag.py:538} INFO - Filling up the DagBag from /opt/airflow/dags/api_to_db_dag_post.py
[2025-06-06T00:38:12.554+0000] {processor.py:840} INFO - DAG(s) 'posts_ingestion' retrieved from /opt/airflow/dags/api_to_db_dag_post.py
[2025-06-06T00:38:12.580+0000] {logging_mixin.py:188} INFO - [2025-06-06T00:38:12.580+0000] {dag.py:3036} INFO - Sync 1 DAGs
[2025-06-06T00:38:12.600+0000] {logging_mixin.py:188} INFO - [2025-06-06T00:38:12.600+0000] {dag.py:3823} INFO - Setting next_dagrun for posts_ingestion to 2025-06-06 00:30:00+00:00, run_after=2025-06-06 01:00:00+00:00
[2025-06-06T00:38:12.622+0000] {processor.py:183} INFO - Processing /opt/airflow/dags/api_to_db_dag_post.py took 0.113 seconds
[2025-06-06T00:38:43.251+0000] {processor.py:161} INFO - Started process (PID=342) to work on /opt/airflow/dags/api_to_db_dag_post.py
[2025-06-06T00:38:43.252+0000] {processor.py:830} INFO - Processing file /opt/airflow/dags/api_to_db_dag_post.py for tasks to queue
[2025-06-06T00:38:43.253+0000] {logging_mixin.py:188} INFO - [2025-06-06T00:38:43.253+0000] {dagbag.py:538} INFO - Filling up the DagBag from /opt/airflow/dags/api_to_db_dag_post.py
[2025-06-06T00:38:43.275+0000] {processor.py:840} INFO - DAG(s) 'posts_ingestion' retrieved from /opt/airflow/dags/api_to_db_dag_post.py
[2025-06-06T00:38:43.300+0000] {logging_mixin.py:188} INFO - [2025-06-06T00:38:43.300+0000] {dag.py:3036} INFO - Sync 1 DAGs
[2025-06-06T00:38:43.323+0000] {logging_mixin.py:188} INFO - [2025-06-06T00:38:43.323+0000] {dag.py:3823} INFO - Setting next_dagrun for posts_ingestion to 2025-06-06 00:30:00+00:00, run_after=2025-06-06 01:00:00+00:00
[2025-06-06T00:38:43.347+0000] {processor.py:183} INFO - Processing /opt/airflow/dags/api_to_db_dag_post.py took 0.099 seconds
[2025-06-06T00:39:14.060+0000] {processor.py:161} INFO - Started process (PID=372) to work on /opt/airflow/dags/api_to_db_dag_post.py
[2025-06-06T00:39:14.061+0000] {processor.py:830} INFO - Processing file /opt/airflow/dags/api_to_db_dag_post.py for tasks to queue
[2025-06-06T00:39:14.062+0000] {logging_mixin.py:188} INFO - [2025-06-06T00:39:14.061+0000] {dagbag.py:538} INFO - Filling up the DagBag from /opt/airflow/dags/api_to_db_dag_post.py
[2025-06-06T00:39:14.083+0000] {processor.py:840} INFO - DAG(s) 'posts_ingestion' retrieved from /opt/airflow/dags/api_to_db_dag_post.py
[2025-06-06T00:39:14.108+0000] {logging_mixin.py:188} INFO - [2025-06-06T00:39:14.108+0000] {dag.py:3036} INFO - Sync 1 DAGs
[2025-06-06T00:39:14.130+0000] {logging_mixin.py:188} INFO - [2025-06-06T00:39:14.130+0000] {dag.py:3823} INFO - Setting next_dagrun for posts_ingestion to 2025-06-06 00:30:00+00:00, run_after=2025-06-06 01:00:00+00:00
[2025-06-06T00:39:14.155+0000] {processor.py:183} INFO - Processing /opt/airflow/dags/api_to_db_dag_post.py took 0.098 seconds
[2025-06-06T00:39:44.773+0000] {processor.py:161} INFO - Started process (PID=402) to work on /opt/airflow/dags/api_to_db_dag_post.py
[2025-06-06T00:39:44.774+0000] {processor.py:830} INFO - Processing file /opt/airflow/dags/api_to_db_dag_post.py for tasks to queue
[2025-06-06T00:39:44.775+0000] {logging_mixin.py:188} INFO - [2025-06-06T00:39:44.775+0000] {dagbag.py:538} INFO - Filling up the DagBag from /opt/airflow/dags/api_to_db_dag_post.py
[2025-06-06T00:39:44.796+0000] {processor.py:840} INFO - DAG(s) 'posts_ingestion' retrieved from /opt/airflow/dags/api_to_db_dag_post.py
[2025-06-06T00:39:44.821+0000] {logging_mixin.py:188} INFO - [2025-06-06T00:39:44.820+0000] {dag.py:3036} INFO - Sync 1 DAGs
[2025-06-06T00:39:44.842+0000] {logging_mixin.py:188} INFO - [2025-06-06T00:39:44.842+0000] {dag.py:3823} INFO - Setting next_dagrun for posts_ingestion to 2025-06-06 00:30:00+00:00, run_after=2025-06-06 01:00:00+00:00
[2025-06-06T00:39:44.865+0000] {processor.py:183} INFO - Processing /opt/airflow/dags/api_to_db_dag_post.py took 0.095 seconds
[2025-06-06T00:40:15.698+0000] {processor.py:161} INFO - Started process (PID=432) to work on /opt/airflow/dags/api_to_db_dag_post.py
[2025-06-06T00:40:15.699+0000] {processor.py:830} INFO - Processing file /opt/airflow/dags/api_to_db_dag_post.py for tasks to queue
[2025-06-06T00:40:15.700+0000] {logging_mixin.py:188} INFO - [2025-06-06T00:40:15.700+0000] {dagbag.py:538} INFO - Filling up the DagBag from /opt/airflow/dags/api_to_db_dag_post.py
[2025-06-06T00:40:15.721+0000] {processor.py:840} INFO - DAG(s) 'posts_ingestion' retrieved from /opt/airflow/dags/api_to_db_dag_post.py
[2025-06-06T00:40:15.744+0000] {logging_mixin.py:188} INFO - [2025-06-06T00:40:15.744+0000] {dag.py:3036} INFO - Sync 1 DAGs
[2025-06-06T00:40:15.765+0000] {logging_mixin.py:188} INFO - [2025-06-06T00:40:15.765+0000] {dag.py:3823} INFO - Setting next_dagrun for posts_ingestion to 2025-06-06 00:30:00+00:00, run_after=2025-06-06 01:00:00+00:00
[2025-06-06T00:40:15.802+0000] {processor.py:183} INFO - Processing /opt/airflow/dags/api_to_db_dag_post.py took 0.106 seconds
[2025-06-06T00:40:46.495+0000] {processor.py:161} INFO - Started process (PID=462) to work on /opt/airflow/dags/api_to_db_dag_post.py
[2025-06-06T00:40:46.496+0000] {processor.py:830} INFO - Processing file /opt/airflow/dags/api_to_db_dag_post.py for tasks to queue
[2025-06-06T00:40:46.497+0000] {logging_mixin.py:188} INFO - [2025-06-06T00:40:46.497+0000] {dagbag.py:538} INFO - Filling up the DagBag from /opt/airflow/dags/api_to_db_dag_post.py
[2025-06-06T00:40:46.523+0000] {processor.py:840} INFO - DAG(s) 'posts_ingestion' retrieved from /opt/airflow/dags/api_to_db_dag_post.py
[2025-06-06T00:40:46.550+0000] {logging_mixin.py:188} INFO - [2025-06-06T00:40:46.549+0000] {dag.py:3036} INFO - Sync 1 DAGs
[2025-06-06T00:40:46.576+0000] {logging_mixin.py:188} INFO - [2025-06-06T00:40:46.576+0000] {dag.py:3823} INFO - Setting next_dagrun for posts_ingestion to 2025-06-06 00:30:00+00:00, run_after=2025-06-06 01:00:00+00:00
[2025-06-06T00:40:46.608+0000] {processor.py:183} INFO - Processing /opt/airflow/dags/api_to_db_dag_post.py took 0.116 seconds
[2025-06-06T00:41:17.345+0000] {processor.py:161} INFO - Started process (PID=492) to work on /opt/airflow/dags/api_to_db_dag_post.py
[2025-06-06T00:41:17.348+0000] {processor.py:830} INFO - Processing file /opt/airflow/dags/api_to_db_dag_post.py for tasks to queue
[2025-06-06T00:41:17.350+0000] {logging_mixin.py:188} INFO - [2025-06-06T00:41:17.349+0000] {dagbag.py:538} INFO - Filling up the DagBag from /opt/airflow/dags/api_to_db_dag_post.py
[2025-06-06T00:41:17.399+0000] {processor.py:840} INFO - DAG(s) 'posts_ingestion' retrieved from /opt/airflow/dags/api_to_db_dag_post.py
[2025-06-06T00:41:17.446+0000] {logging_mixin.py:188} INFO - [2025-06-06T00:41:17.445+0000] {dag.py:3036} INFO - Sync 1 DAGs
[2025-06-06T00:41:17.484+0000] {logging_mixin.py:188} INFO - [2025-06-06T00:41:17.484+0000] {dag.py:3823} INFO - Setting next_dagrun for posts_ingestion to 2025-06-06 00:30:00+00:00, run_after=2025-06-06 01:00:00+00:00
[2025-06-06T00:41:17.529+0000] {processor.py:183} INFO - Processing /opt/airflow/dags/api_to_db_dag_post.py took 0.188 seconds
[2025-06-06T00:41:48.283+0000] {processor.py:161} INFO - Started process (PID=522) to work on /opt/airflow/dags/api_to_db_dag_post.py
[2025-06-06T00:41:48.284+0000] {processor.py:830} INFO - Processing file /opt/airflow/dags/api_to_db_dag_post.py for tasks to queue
[2025-06-06T00:41:48.285+0000] {logging_mixin.py:188} INFO - [2025-06-06T00:41:48.285+0000] {dagbag.py:538} INFO - Filling up the DagBag from /opt/airflow/dags/api_to_db_dag_post.py
[2025-06-06T00:41:48.318+0000] {processor.py:840} INFO - DAG(s) 'posts_ingestion' retrieved from /opt/airflow/dags/api_to_db_dag_post.py
[2025-06-06T00:41:48.354+0000] {logging_mixin.py:188} INFO - [2025-06-06T00:41:48.354+0000] {dag.py:3036} INFO - Sync 1 DAGs
[2025-06-06T00:41:48.384+0000] {logging_mixin.py:188} INFO - [2025-06-06T00:41:48.383+0000] {dag.py:3823} INFO - Setting next_dagrun for posts_ingestion to 2025-06-06 00:30:00+00:00, run_after=2025-06-06 01:00:00+00:00
[2025-06-06T00:41:48.415+0000] {processor.py:183} INFO - Processing /opt/airflow/dags/api_to_db_dag_post.py took 0.136 seconds
[2025-06-06T00:42:19.074+0000] {processor.py:161} INFO - Started process (PID=552) to work on /opt/airflow/dags/api_to_db_dag_post.py
[2025-06-06T00:42:19.075+0000] {processor.py:830} INFO - Processing file /opt/airflow/dags/api_to_db_dag_post.py for tasks to queue
[2025-06-06T00:42:19.077+0000] {logging_mixin.py:188} INFO - [2025-06-06T00:42:19.076+0000] {dagbag.py:538} INFO - Filling up the DagBag from /opt/airflow/dags/api_to_db_dag_post.py
[2025-06-06T00:42:19.112+0000] {processor.py:840} INFO - DAG(s) 'posts_ingestion' retrieved from /opt/airflow/dags/api_to_db_dag_post.py
[2025-06-06T00:42:19.150+0000] {logging_mixin.py:188} INFO - [2025-06-06T00:42:19.150+0000] {dag.py:3036} INFO - Sync 1 DAGs
[2025-06-06T00:42:19.183+0000] {logging_mixin.py:188} INFO - [2025-06-06T00:42:19.183+0000] {dag.py:3823} INFO - Setting next_dagrun for posts_ingestion to 2025-06-06 00:30:00+00:00, run_after=2025-06-06 01:00:00+00:00
[2025-06-06T00:42:19.224+0000] {processor.py:183} INFO - Processing /opt/airflow/dags/api_to_db_dag_post.py took 0.154 seconds
[2025-06-06T00:42:49.878+0000] {processor.py:161} INFO - Started process (PID=582) to work on /opt/airflow/dags/api_to_db_dag_post.py
[2025-06-06T00:42:49.879+0000] {processor.py:830} INFO - Processing file /opt/airflow/dags/api_to_db_dag_post.py for tasks to queue
[2025-06-06T00:42:49.880+0000] {logging_mixin.py:188} INFO - [2025-06-06T00:42:49.880+0000] {dagbag.py:538} INFO - Filling up the DagBag from /opt/airflow/dags/api_to_db_dag_post.py
[2025-06-06T00:42:49.913+0000] {processor.py:840} INFO - DAG(s) 'posts_ingestion' retrieved from /opt/airflow/dags/api_to_db_dag_post.py
[2025-06-06T00:42:49.951+0000] {logging_mixin.py:188} INFO - [2025-06-06T00:42:49.951+0000] {dag.py:3036} INFO - Sync 1 DAGs
[2025-06-06T00:42:49.982+0000] {logging_mixin.py:188} INFO - [2025-06-06T00:42:49.982+0000] {dag.py:3823} INFO - Setting next_dagrun for posts_ingestion to 2025-06-06 00:30:00+00:00, run_after=2025-06-06 01:00:00+00:00
[2025-06-06T00:42:50.021+0000] {processor.py:183} INFO - Processing /opt/airflow/dags/api_to_db_dag_post.py took 0.147 seconds
[2025-06-06T00:43:20.776+0000] {processor.py:161} INFO - Started process (PID=612) to work on /opt/airflow/dags/api_to_db_dag_post.py
[2025-06-06T00:43:20.777+0000] {processor.py:830} INFO - Processing file /opt/airflow/dags/api_to_db_dag_post.py for tasks to queue
[2025-06-06T00:43:20.778+0000] {logging_mixin.py:188} INFO - [2025-06-06T00:43:20.778+0000] {dagbag.py:538} INFO - Filling up the DagBag from /opt/airflow/dags/api_to_db_dag_post.py
[2025-06-06T00:43:20.812+0000] {processor.py:840} INFO - DAG(s) 'posts_ingestion' retrieved from /opt/airflow/dags/api_to_db_dag_post.py
[2025-06-06T00:43:20.852+0000] {logging_mixin.py:188} INFO - [2025-06-06T00:43:20.851+0000] {dag.py:3036} INFO - Sync 1 DAGs
[2025-06-06T00:43:20.895+0000] {logging_mixin.py:188} INFO - [2025-06-06T00:43:20.895+0000] {dag.py:3823} INFO - Setting next_dagrun for posts_ingestion to 2025-06-06 00:30:00+00:00, run_after=2025-06-06 01:00:00+00:00
[2025-06-06T00:43:20.943+0000] {processor.py:183} INFO - Processing /opt/airflow/dags/api_to_db_dag_post.py took 0.172 seconds
[2025-06-06T00:43:51.565+0000] {processor.py:161} INFO - Started process (PID=642) to work on /opt/airflow/dags/api_to_db_dag_post.py
[2025-06-06T00:43:51.567+0000] {processor.py:830} INFO - Processing file /opt/airflow/dags/api_to_db_dag_post.py for tasks to queue
[2025-06-06T00:43:51.569+0000] {logging_mixin.py:188} INFO - [2025-06-06T00:43:51.569+0000] {dagbag.py:538} INFO - Filling up the DagBag from /opt/airflow/dags/api_to_db_dag_post.py
[2025-06-06T00:43:51.632+0000] {processor.py:840} INFO - DAG(s) 'posts_ingestion' retrieved from /opt/airflow/dags/api_to_db_dag_post.py
[2025-06-06T00:43:51.681+0000] {logging_mixin.py:188} INFO - [2025-06-06T00:43:51.680+0000] {dag.py:3036} INFO - Sync 1 DAGs
[2025-06-06T00:43:51.723+0000] {logging_mixin.py:188} INFO - [2025-06-06T00:43:51.722+0000] {dag.py:3823} INFO - Setting next_dagrun for posts_ingestion to 2025-06-06 00:30:00+00:00, run_after=2025-06-06 01:00:00+00:00
[2025-06-06T00:43:51.769+0000] {processor.py:183} INFO - Processing /opt/airflow/dags/api_to_db_dag_post.py took 0.209 seconds
[2025-06-06T00:44:22.588+0000] {processor.py:161} INFO - Started process (PID=672) to work on /opt/airflow/dags/api_to_db_dag_post.py
[2025-06-06T00:44:22.589+0000] {processor.py:830} INFO - Processing file /opt/airflow/dags/api_to_db_dag_post.py for tasks to queue
[2025-06-06T00:44:22.591+0000] {logging_mixin.py:188} INFO - [2025-06-06T00:44:22.590+0000] {dagbag.py:538} INFO - Filling up the DagBag from /opt/airflow/dags/api_to_db_dag_post.py
[2025-06-06T00:44:22.630+0000] {processor.py:840} INFO - DAG(s) 'posts_ingestion' retrieved from /opt/airflow/dags/api_to_db_dag_post.py
[2025-06-06T00:44:22.685+0000] {logging_mixin.py:188} INFO - [2025-06-06T00:44:22.685+0000] {dag.py:3036} INFO - Sync 1 DAGs
[2025-06-06T00:44:22.750+0000] {logging_mixin.py:188} INFO - [2025-06-06T00:44:22.750+0000] {dag.py:3823} INFO - Setting next_dagrun for posts_ingestion to 2025-06-06 00:30:00+00:00, run_after=2025-06-06 01:00:00+00:00
[2025-06-06T00:44:22.800+0000] {processor.py:183} INFO - Processing /opt/airflow/dags/api_to_db_dag_post.py took 0.216 seconds
[2025-06-06T00:44:53.407+0000] {processor.py:161} INFO - Started process (PID=702) to work on /opt/airflow/dags/api_to_db_dag_post.py
[2025-06-06T00:44:53.408+0000] {processor.py:830} INFO - Processing file /opt/airflow/dags/api_to_db_dag_post.py for tasks to queue
[2025-06-06T00:44:53.409+0000] {logging_mixin.py:188} INFO - [2025-06-06T00:44:53.409+0000] {dagbag.py:538} INFO - Filling up the DagBag from /opt/airflow/dags/api_to_db_dag_post.py
[2025-06-06T00:44:53.447+0000] {processor.py:840} INFO - DAG(s) 'posts_ingestion' retrieved from /opt/airflow/dags/api_to_db_dag_post.py
[2025-06-06T00:44:53.488+0000] {logging_mixin.py:188} INFO - [2025-06-06T00:44:53.487+0000] {dag.py:3036} INFO - Sync 1 DAGs
[2025-06-06T00:44:53.521+0000] {logging_mixin.py:188} INFO - [2025-06-06T00:44:53.521+0000] {dag.py:3823} INFO - Setting next_dagrun for posts_ingestion to 2025-06-06 00:30:00+00:00, run_after=2025-06-06 01:00:00+00:00
[2025-06-06T00:44:53.566+0000] {processor.py:183} INFO - Processing /opt/airflow/dags/api_to_db_dag_post.py took 0.163 seconds
[2025-06-06T00:45:24.217+0000] {processor.py:161} INFO - Started process (PID=732) to work on /opt/airflow/dags/api_to_db_dag_post.py
[2025-06-06T00:45:24.219+0000] {processor.py:830} INFO - Processing file /opt/airflow/dags/api_to_db_dag_post.py for tasks to queue
[2025-06-06T00:45:24.221+0000] {logging_mixin.py:188} INFO - [2025-06-06T00:45:24.220+0000] {dagbag.py:538} INFO - Filling up the DagBag from /opt/airflow/dags/api_to_db_dag_post.py
[2025-06-06T00:45:24.255+0000] {processor.py:840} INFO - DAG(s) 'posts_ingestion' retrieved from /opt/airflow/dags/api_to_db_dag_post.py
[2025-06-06T00:45:24.291+0000] {logging_mixin.py:188} INFO - [2025-06-06T00:45:24.291+0000] {dag.py:3036} INFO - Sync 1 DAGs
[2025-06-06T00:45:24.323+0000] {logging_mixin.py:188} INFO - [2025-06-06T00:45:24.322+0000] {dag.py:3823} INFO - Setting next_dagrun for posts_ingestion to 2025-06-06 00:30:00+00:00, run_after=2025-06-06 01:00:00+00:00
[2025-06-06T00:45:24.359+0000] {processor.py:183} INFO - Processing /opt/airflow/dags/api_to_db_dag_post.py took 0.147 seconds
[2025-06-06T00:45:55.161+0000] {processor.py:161} INFO - Started process (PID=762) to work on /opt/airflow/dags/api_to_db_dag_post.py
[2025-06-06T00:45:55.163+0000] {processor.py:830} INFO - Processing file /opt/airflow/dags/api_to_db_dag_post.py for tasks to queue
[2025-06-06T00:45:55.164+0000] {logging_mixin.py:188} INFO - [2025-06-06T00:45:55.164+0000] {dagbag.py:538} INFO - Filling up the DagBag from /opt/airflow/dags/api_to_db_dag_post.py
[2025-06-06T00:45:55.200+0000] {processor.py:840} INFO - DAG(s) 'posts_ingestion' retrieved from /opt/airflow/dags/api_to_db_dag_post.py
[2025-06-06T00:45:55.249+0000] {logging_mixin.py:188} INFO - [2025-06-06T00:45:55.248+0000] {dag.py:3036} INFO - Sync 1 DAGs
[2025-06-06T00:45:55.290+0000] {logging_mixin.py:188} INFO - [2025-06-06T00:45:55.290+0000] {dag.py:3823} INFO - Setting next_dagrun for posts_ingestion to 2025-06-06 00:30:00+00:00, run_after=2025-06-06 01:00:00+00:00
[2025-06-06T00:45:55.331+0000] {processor.py:183} INFO - Processing /opt/airflow/dags/api_to_db_dag_post.py took 0.173 seconds
[2025-06-06T00:46:26.027+0000] {processor.py:161} INFO - Started process (PID=792) to work on /opt/airflow/dags/api_to_db_dag_post.py
[2025-06-06T00:46:26.028+0000] {processor.py:830} INFO - Processing file /opt/airflow/dags/api_to_db_dag_post.py for tasks to queue
[2025-06-06T00:46:26.029+0000] {logging_mixin.py:188} INFO - [2025-06-06T00:46:26.029+0000] {dagbag.py:538} INFO - Filling up the DagBag from /opt/airflow/dags/api_to_db_dag_post.py
[2025-06-06T00:46:26.052+0000] {processor.py:840} INFO - DAG(s) 'posts_ingestion' retrieved from /opt/airflow/dags/api_to_db_dag_post.py
[2025-06-06T00:46:26.081+0000] {logging_mixin.py:188} INFO - [2025-06-06T00:46:26.081+0000] {dag.py:3036} INFO - Sync 1 DAGs
[2025-06-06T00:46:26.108+0000] {logging_mixin.py:188} INFO - [2025-06-06T00:46:26.107+0000] {dag.py:3823} INFO - Setting next_dagrun for posts_ingestion to 2025-06-06 00:30:00+00:00, run_after=2025-06-06 01:00:00+00:00
[2025-06-06T00:46:26.132+0000] {processor.py:183} INFO - Processing /opt/airflow/dags/api_to_db_dag_post.py took 0.108 seconds
[2025-06-06T00:46:56.809+0000] {processor.py:161} INFO - Started process (PID=822) to work on /opt/airflow/dags/api_to_db_dag_post.py
[2025-06-06T00:46:56.810+0000] {processor.py:830} INFO - Processing file /opt/airflow/dags/api_to_db_dag_post.py for tasks to queue
[2025-06-06T00:46:56.811+0000] {logging_mixin.py:188} INFO - [2025-06-06T00:46:56.811+0000] {dagbag.py:538} INFO - Filling up the DagBag from /opt/airflow/dags/api_to_db_dag_post.py
[2025-06-06T00:46:56.837+0000] {processor.py:840} INFO - DAG(s) 'posts_ingestion' retrieved from /opt/airflow/dags/api_to_db_dag_post.py
[2025-06-06T00:46:56.862+0000] {logging_mixin.py:188} INFO - [2025-06-06T00:46:56.862+0000] {dag.py:3036} INFO - Sync 1 DAGs
[2025-06-06T00:46:56.883+0000] {logging_mixin.py:188} INFO - [2025-06-06T00:46:56.883+0000] {dag.py:3823} INFO - Setting next_dagrun for posts_ingestion to 2025-06-06 00:30:00+00:00, run_after=2025-06-06 01:00:00+00:00
[2025-06-06T00:46:56.908+0000] {processor.py:183} INFO - Processing /opt/airflow/dags/api_to_db_dag_post.py took 0.102 seconds
[2025-06-06T00:47:27.453+0000] {processor.py:161} INFO - Started process (PID=852) to work on /opt/airflow/dags/api_to_db_dag_post.py
[2025-06-06T00:47:27.454+0000] {processor.py:830} INFO - Processing file /opt/airflow/dags/api_to_db_dag_post.py for tasks to queue
[2025-06-06T00:47:27.456+0000] {logging_mixin.py:188} INFO - [2025-06-06T00:47:27.455+0000] {dagbag.py:538} INFO - Filling up the DagBag from /opt/airflow/dags/api_to_db_dag_post.py
[2025-06-06T00:47:27.481+0000] {processor.py:840} INFO - DAG(s) 'posts_ingestion' retrieved from /opt/airflow/dags/api_to_db_dag_post.py
[2025-06-06T00:47:27.507+0000] {logging_mixin.py:188} INFO - [2025-06-06T00:47:27.507+0000] {dag.py:3036} INFO - Sync 1 DAGs
[2025-06-06T00:47:27.530+0000] {logging_mixin.py:188} INFO - [2025-06-06T00:47:27.530+0000] {dag.py:3823} INFO - Setting next_dagrun for posts_ingestion to 2025-06-06 00:30:00+00:00, run_after=2025-06-06 01:00:00+00:00
[2025-06-06T00:47:27.557+0000] {processor.py:183} INFO - Processing /opt/airflow/dags/api_to_db_dag_post.py took 0.107 seconds
[2025-06-06T00:47:58.259+0000] {processor.py:161} INFO - Started process (PID=882) to work on /opt/airflow/dags/api_to_db_dag_post.py
[2025-06-06T00:47:58.260+0000] {processor.py:830} INFO - Processing file /opt/airflow/dags/api_to_db_dag_post.py for tasks to queue
[2025-06-06T00:47:58.261+0000] {logging_mixin.py:188} INFO - [2025-06-06T00:47:58.260+0000] {dagbag.py:538} INFO - Filling up the DagBag from /opt/airflow/dags/api_to_db_dag_post.py
[2025-06-06T00:47:58.282+0000] {processor.py:840} INFO - DAG(s) 'posts_ingestion' retrieved from /opt/airflow/dags/api_to_db_dag_post.py
[2025-06-06T00:47:58.308+0000] {logging_mixin.py:188} INFO - [2025-06-06T00:47:58.308+0000] {dag.py:3036} INFO - Sync 1 DAGs
[2025-06-06T00:47:58.329+0000] {logging_mixin.py:188} INFO - [2025-06-06T00:47:58.328+0000] {dag.py:3823} INFO - Setting next_dagrun for posts_ingestion to 2025-06-06 00:30:00+00:00, run_after=2025-06-06 01:00:00+00:00
[2025-06-06T00:47:58.354+0000] {processor.py:183} INFO - Processing /opt/airflow/dags/api_to_db_dag_post.py took 0.099 seconds
[2025-06-06T00:48:28.989+0000] {processor.py:161} INFO - Started process (PID=912) to work on /opt/airflow/dags/api_to_db_dag_post.py
[2025-06-06T00:48:28.990+0000] {processor.py:830} INFO - Processing file /opt/airflow/dags/api_to_db_dag_post.py for tasks to queue
[2025-06-06T00:48:28.991+0000] {logging_mixin.py:188} INFO - [2025-06-06T00:48:28.990+0000] {dagbag.py:538} INFO - Filling up the DagBag from /opt/airflow/dags/api_to_db_dag_post.py
[2025-06-06T00:48:29.012+0000] {processor.py:840} INFO - DAG(s) 'posts_ingestion' retrieved from /opt/airflow/dags/api_to_db_dag_post.py
[2025-06-06T00:48:29.039+0000] {logging_mixin.py:188} INFO - [2025-06-06T00:48:29.039+0000] {dag.py:3036} INFO - Sync 1 DAGs
[2025-06-06T00:48:29.062+0000] {logging_mixin.py:188} INFO - [2025-06-06T00:48:29.061+0000] {dag.py:3823} INFO - Setting next_dagrun for posts_ingestion to 2025-06-06 00:30:00+00:00, run_after=2025-06-06 01:00:00+00:00
[2025-06-06T00:48:29.085+0000] {processor.py:183} INFO - Processing /opt/airflow/dags/api_to_db_dag_post.py took 0.099 seconds
[2025-06-06T00:48:59.748+0000] {processor.py:161} INFO - Started process (PID=942) to work on /opt/airflow/dags/api_to_db_dag_post.py
[2025-06-06T00:48:59.749+0000] {processor.py:830} INFO - Processing file /opt/airflow/dags/api_to_db_dag_post.py for tasks to queue
[2025-06-06T00:48:59.750+0000] {logging_mixin.py:188} INFO - [2025-06-06T00:48:59.750+0000] {dagbag.py:538} INFO - Filling up the DagBag from /opt/airflow/dags/api_to_db_dag_post.py
[2025-06-06T00:48:59.772+0000] {processor.py:840} INFO - DAG(s) 'posts_ingestion' retrieved from /opt/airflow/dags/api_to_db_dag_post.py
[2025-06-06T00:48:59.800+0000] {logging_mixin.py:188} INFO - [2025-06-06T00:48:59.799+0000] {dag.py:3036} INFO - Sync 1 DAGs
[2025-06-06T00:48:59.821+0000] {logging_mixin.py:188} INFO - [2025-06-06T00:48:59.820+0000] {dag.py:3823} INFO - Setting next_dagrun for posts_ingestion to 2025-06-06 00:30:00+00:00, run_after=2025-06-06 01:00:00+00:00
[2025-06-06T00:48:59.845+0000] {processor.py:183} INFO - Processing /opt/airflow/dags/api_to_db_dag_post.py took 0.100 seconds
[2025-06-06T00:49:30.460+0000] {processor.py:161} INFO - Started process (PID=972) to work on /opt/airflow/dags/api_to_db_dag_post.py
[2025-06-06T00:49:30.462+0000] {processor.py:830} INFO - Processing file /opt/airflow/dags/api_to_db_dag_post.py for tasks to queue
[2025-06-06T00:49:30.463+0000] {logging_mixin.py:188} INFO - [2025-06-06T00:49:30.463+0000] {dagbag.py:538} INFO - Filling up the DagBag from /opt/airflow/dags/api_to_db_dag_post.py
[2025-06-06T00:49:30.491+0000] {processor.py:840} INFO - DAG(s) 'posts_ingestion' retrieved from /opt/airflow/dags/api_to_db_dag_post.py
[2025-06-06T00:49:30.521+0000] {logging_mixin.py:188} INFO - [2025-06-06T00:49:30.521+0000] {dag.py:3036} INFO - Sync 1 DAGs
[2025-06-06T00:49:30.549+0000] {logging_mixin.py:188} INFO - [2025-06-06T00:49:30.549+0000] {dag.py:3823} INFO - Setting next_dagrun for posts_ingestion to 2025-06-06 00:30:00+00:00, run_after=2025-06-06 01:00:00+00:00
[2025-06-06T00:49:30.577+0000] {processor.py:183} INFO - Processing /opt/airflow/dags/api_to_db_dag_post.py took 0.120 seconds
[2025-06-06T00:50:01.146+0000] {processor.py:161} INFO - Started process (PID=1002) to work on /opt/airflow/dags/api_to_db_dag_post.py
[2025-06-06T00:50:01.147+0000] {processor.py:830} INFO - Processing file /opt/airflow/dags/api_to_db_dag_post.py for tasks to queue
[2025-06-06T00:50:01.148+0000] {logging_mixin.py:188} INFO - [2025-06-06T00:50:01.148+0000] {dagbag.py:538} INFO - Filling up the DagBag from /opt/airflow/dags/api_to_db_dag_post.py
[2025-06-06T00:50:01.171+0000] {processor.py:840} INFO - DAG(s) 'posts_ingestion' retrieved from /opt/airflow/dags/api_to_db_dag_post.py
[2025-06-06T00:50:01.197+0000] {logging_mixin.py:188} INFO - [2025-06-06T00:50:01.197+0000] {dag.py:3036} INFO - Sync 1 DAGs
[2025-06-06T00:50:01.222+0000] {logging_mixin.py:188} INFO - [2025-06-06T00:50:01.221+0000] {dag.py:3823} INFO - Setting next_dagrun for posts_ingestion to 2025-06-06 00:30:00+00:00, run_after=2025-06-06 01:00:00+00:00
[2025-06-06T00:50:01.247+0000] {processor.py:183} INFO - Processing /opt/airflow/dags/api_to_db_dag_post.py took 0.104 seconds
[2025-06-06T00:50:31.917+0000] {processor.py:161} INFO - Started process (PID=1032) to work on /opt/airflow/dags/api_to_db_dag_post.py
[2025-06-06T00:50:31.918+0000] {processor.py:830} INFO - Processing file /opt/airflow/dags/api_to_db_dag_post.py for tasks to queue
[2025-06-06T00:50:31.918+0000] {logging_mixin.py:188} INFO - [2025-06-06T00:50:31.918+0000] {dagbag.py:538} INFO - Filling up the DagBag from /opt/airflow/dags/api_to_db_dag_post.py
[2025-06-06T00:50:31.940+0000] {processor.py:840} INFO - DAG(s) 'posts_ingestion' retrieved from /opt/airflow/dags/api_to_db_dag_post.py
[2025-06-06T00:50:31.964+0000] {logging_mixin.py:188} INFO - [2025-06-06T00:50:31.964+0000] {dag.py:3036} INFO - Sync 1 DAGs
[2025-06-06T00:50:31.990+0000] {logging_mixin.py:188} INFO - [2025-06-06T00:50:31.990+0000] {dag.py:3823} INFO - Setting next_dagrun for posts_ingestion to 2025-06-06 00:30:00+00:00, run_after=2025-06-06 01:00:00+00:00
[2025-06-06T00:50:32.015+0000] {processor.py:183} INFO - Processing /opt/airflow/dags/api_to_db_dag_post.py took 0.102 seconds
