[2025-06-06T00:36:08.650+0000] {processor.py:161} INFO - Started process (PID=188) to work on /opt/airflow/dags/api_to_db_dag.py
[2025-06-06T00:36:08.665+0000] {processor.py:830} INFO - Processing file /opt/airflow/dags/api_to_db_dag.py for tasks to queue
[2025-06-06T00:36:08.681+0000] {logging_mixin.py:188} INFO - [2025-06-06T00:36:08.680+0000] {dagbag.py:538} INFO - Filling up the DagBag from /opt/airflow/dags/api_to_db_dag.py
[2025-06-06T00:36:08.894+0000] {processor.py:840} INFO - DAG(s) 'community_members_ingestion' retrieved from /opt/airflow/dags/api_to_db_dag.py
[2025-06-06T00:36:09.589+0000] {logging_mixin.py:188} INFO - [2025-06-06T00:36:09.588+0000] {dag.py:3036} INFO - Sync 1 DAGs
[2025-06-06T00:36:09.684+0000] {logging_mixin.py:188} INFO - [2025-06-06T00:36:09.683+0000] {dag.py:3823} INFO - Setting next_dagrun for community_members_ingestion to 2025-06-06 00:30:00+00:00, run_after=2025-06-06 01:00:00+00:00
[2025-06-06T00:36:09.760+0000] {processor.py:183} INFO - Processing /opt/airflow/dags/api_to_db_dag.py took 1.123 seconds
[2025-06-06T00:36:39.956+0000] {processor.py:161} INFO - Started process (PID=219) to work on /opt/airflow/dags/api_to_db_dag.py
[2025-06-06T00:36:39.957+0000] {processor.py:830} INFO - Processing file /opt/airflow/dags/api_to_db_dag.py for tasks to queue
[2025-06-06T00:36:39.958+0000] {logging_mixin.py:188} INFO - [2025-06-06T00:36:39.958+0000] {dagbag.py:538} INFO - Filling up the DagBag from /opt/airflow/dags/api_to_db_dag.py
[2025-06-06T00:36:39.979+0000] {processor.py:840} INFO - DAG(s) 'community_members_ingestion' retrieved from /opt/airflow/dags/api_to_db_dag.py
[2025-06-06T00:36:40.005+0000] {logging_mixin.py:188} INFO - [2025-06-06T00:36:40.005+0000] {dag.py:3036} INFO - Sync 1 DAGs
[2025-06-06T00:36:40.027+0000] {logging_mixin.py:188} INFO - [2025-06-06T00:36:40.027+0000] {dag.py:3823} INFO - Setting next_dagrun for community_members_ingestion to 2025-06-06 00:30:00+00:00, run_after=2025-06-06 01:00:00+00:00
[2025-06-06T00:36:40.050+0000] {processor.py:183} INFO - Processing /opt/airflow/dags/api_to_db_dag.py took 0.097 seconds
[2025-06-06T00:37:10.986+0000] {processor.py:161} INFO - Started process (PID=249) to work on /opt/airflow/dags/api_to_db_dag.py
[2025-06-06T00:37:10.987+0000] {processor.py:830} INFO - Processing file /opt/airflow/dags/api_to_db_dag.py for tasks to queue
[2025-06-06T00:37:10.988+0000] {logging_mixin.py:188} INFO - [2025-06-06T00:37:10.988+0000] {dagbag.py:538} INFO - Filling up the DagBag from /opt/airflow/dags/api_to_db_dag.py
[2025-06-06T00:37:11.009+0000] {processor.py:840} INFO - DAG(s) 'community_members_ingestion' retrieved from /opt/airflow/dags/api_to_db_dag.py
[2025-06-06T00:37:11.033+0000] {logging_mixin.py:188} INFO - [2025-06-06T00:37:11.033+0000] {dag.py:3036} INFO - Sync 1 DAGs
[2025-06-06T00:37:11.055+0000] {logging_mixin.py:188} INFO - [2025-06-06T00:37:11.055+0000] {dag.py:3823} INFO - Setting next_dagrun for community_members_ingestion to 2025-06-06 00:30:00+00:00, run_after=2025-06-06 01:00:00+00:00
[2025-06-06T00:37:11.083+0000] {processor.py:183} INFO - Processing /opt/airflow/dags/api_to_db_dag.py took 0.099 seconds
[2025-06-06T00:37:41.668+0000] {processor.py:161} INFO - Started process (PID=279) to work on /opt/airflow/dags/api_to_db_dag.py
[2025-06-06T00:37:41.669+0000] {processor.py:830} INFO - Processing file /opt/airflow/dags/api_to_db_dag.py for tasks to queue
[2025-06-06T00:37:41.671+0000] {logging_mixin.py:188} INFO - [2025-06-06T00:37:41.670+0000] {dagbag.py:538} INFO - Filling up the DagBag from /opt/airflow/dags/api_to_db_dag.py
[2025-06-06T00:37:41.692+0000] {processor.py:840} INFO - DAG(s) 'community_members_ingestion' retrieved from /opt/airflow/dags/api_to_db_dag.py
[2025-06-06T00:37:41.717+0000] {logging_mixin.py:188} INFO - [2025-06-06T00:37:41.717+0000] {dag.py:3036} INFO - Sync 1 DAGs
[2025-06-06T00:37:41.740+0000] {logging_mixin.py:188} INFO - [2025-06-06T00:37:41.740+0000] {dag.py:3823} INFO - Setting next_dagrun for community_members_ingestion to 2025-06-06 00:30:00+00:00, run_after=2025-06-06 01:00:00+00:00
[2025-06-06T00:37:41.768+0000] {processor.py:183} INFO - Processing /opt/airflow/dags/api_to_db_dag.py took 0.103 seconds
[2025-06-06T00:38:12.503+0000] {processor.py:161} INFO - Started process (PID=309) to work on /opt/airflow/dags/api_to_db_dag.py
[2025-06-06T00:38:12.506+0000] {processor.py:830} INFO - Processing file /opt/airflow/dags/api_to_db_dag.py for tasks to queue
[2025-06-06T00:38:12.508+0000] {logging_mixin.py:188} INFO - [2025-06-06T00:38:12.508+0000] {dagbag.py:538} INFO - Filling up the DagBag from /opt/airflow/dags/api_to_db_dag.py
[2025-06-06T00:38:12.540+0000] {processor.py:840} INFO - DAG(s) 'community_members_ingestion' retrieved from /opt/airflow/dags/api_to_db_dag.py
[2025-06-06T00:38:12.573+0000] {logging_mixin.py:188} INFO - [2025-06-06T00:38:12.573+0000] {dag.py:3036} INFO - Sync 1 DAGs
[2025-06-06T00:38:12.594+0000] {logging_mixin.py:188} INFO - [2025-06-06T00:38:12.594+0000] {dag.py:3823} INFO - Setting next_dagrun for community_members_ingestion to 2025-06-06 00:30:00+00:00, run_after=2025-06-06 01:00:00+00:00
[2025-06-06T00:38:12.617+0000] {processor.py:183} INFO - Processing /opt/airflow/dags/api_to_db_dag.py took 0.118 seconds
[2025-06-06T00:38:43.244+0000] {processor.py:161} INFO - Started process (PID=339) to work on /opt/airflow/dags/api_to_db_dag.py
[2025-06-06T00:38:43.245+0000] {processor.py:830} INFO - Processing file /opt/airflow/dags/api_to_db_dag.py for tasks to queue
[2025-06-06T00:38:43.246+0000] {logging_mixin.py:188} INFO - [2025-06-06T00:38:43.246+0000] {dagbag.py:538} INFO - Filling up the DagBag from /opt/airflow/dags/api_to_db_dag.py
[2025-06-06T00:38:43.268+0000] {processor.py:840} INFO - DAG(s) 'community_members_ingestion' retrieved from /opt/airflow/dags/api_to_db_dag.py
[2025-06-06T00:38:43.294+0000] {logging_mixin.py:188} INFO - [2025-06-06T00:38:43.293+0000] {dag.py:3036} INFO - Sync 1 DAGs
[2025-06-06T00:38:43.317+0000] {logging_mixin.py:188} INFO - [2025-06-06T00:38:43.317+0000] {dag.py:3823} INFO - Setting next_dagrun for community_members_ingestion to 2025-06-06 00:30:00+00:00, run_after=2025-06-06 01:00:00+00:00
[2025-06-06T00:38:43.343+0000] {processor.py:183} INFO - Processing /opt/airflow/dags/api_to_db_dag.py took 0.102 seconds
[2025-06-06T00:39:14.053+0000] {processor.py:161} INFO - Started process (PID=369) to work on /opt/airflow/dags/api_to_db_dag.py
[2025-06-06T00:39:14.054+0000] {processor.py:830} INFO - Processing file /opt/airflow/dags/api_to_db_dag.py for tasks to queue
[2025-06-06T00:39:14.055+0000] {logging_mixin.py:188} INFO - [2025-06-06T00:39:14.054+0000] {dagbag.py:538} INFO - Filling up the DagBag from /opt/airflow/dags/api_to_db_dag.py
[2025-06-06T00:39:14.076+0000] {processor.py:840} INFO - DAG(s) 'community_members_ingestion' retrieved from /opt/airflow/dags/api_to_db_dag.py
[2025-06-06T00:39:14.099+0000] {logging_mixin.py:188} INFO - [2025-06-06T00:39:14.099+0000] {dag.py:3036} INFO - Sync 1 DAGs
[2025-06-06T00:39:14.121+0000] {logging_mixin.py:188} INFO - [2025-06-06T00:39:14.121+0000] {dag.py:3823} INFO - Setting next_dagrun for community_members_ingestion to 2025-06-06 00:30:00+00:00, run_after=2025-06-06 01:00:00+00:00
[2025-06-06T00:39:14.149+0000] {processor.py:183} INFO - Processing /opt/airflow/dags/api_to_db_dag.py took 0.099 seconds
[2025-06-06T00:39:44.765+0000] {processor.py:161} INFO - Started process (PID=399) to work on /opt/airflow/dags/api_to_db_dag.py
[2025-06-06T00:39:44.766+0000] {processor.py:830} INFO - Processing file /opt/airflow/dags/api_to_db_dag.py for tasks to queue
[2025-06-06T00:39:44.767+0000] {logging_mixin.py:188} INFO - [2025-06-06T00:39:44.766+0000] {dagbag.py:538} INFO - Filling up the DagBag from /opt/airflow/dags/api_to_db_dag.py
[2025-06-06T00:39:44.788+0000] {processor.py:840} INFO - DAG(s) 'community_members_ingestion' retrieved from /opt/airflow/dags/api_to_db_dag.py
[2025-06-06T00:39:44.813+0000] {logging_mixin.py:188} INFO - [2025-06-06T00:39:44.813+0000] {dag.py:3036} INFO - Sync 1 DAGs
[2025-06-06T00:39:44.835+0000] {logging_mixin.py:188} INFO - [2025-06-06T00:39:44.834+0000] {dag.py:3823} INFO - Setting next_dagrun for community_members_ingestion to 2025-06-06 00:30:00+00:00, run_after=2025-06-06 01:00:00+00:00
[2025-06-06T00:39:44.859+0000] {processor.py:183} INFO - Processing /opt/airflow/dags/api_to_db_dag.py took 0.097 seconds
[2025-06-06T00:40:15.690+0000] {processor.py:161} INFO - Started process (PID=429) to work on /opt/airflow/dags/api_to_db_dag.py
[2025-06-06T00:40:15.691+0000] {processor.py:830} INFO - Processing file /opt/airflow/dags/api_to_db_dag.py for tasks to queue
[2025-06-06T00:40:15.692+0000] {logging_mixin.py:188} INFO - [2025-06-06T00:40:15.692+0000] {dagbag.py:538} INFO - Filling up the DagBag from /opt/airflow/dags/api_to_db_dag.py
[2025-06-06T00:40:15.715+0000] {processor.py:840} INFO - DAG(s) 'community_members_ingestion' retrieved from /opt/airflow/dags/api_to_db_dag.py
[2025-06-06T00:40:15.739+0000] {logging_mixin.py:188} INFO - [2025-06-06T00:40:15.739+0000] {dag.py:3036} INFO - Sync 1 DAGs
[2025-06-06T00:40:15.761+0000] {logging_mixin.py:188} INFO - [2025-06-06T00:40:15.760+0000] {dag.py:3823} INFO - Setting next_dagrun for community_members_ingestion to 2025-06-06 00:30:00+00:00, run_after=2025-06-06 01:00:00+00:00
[2025-06-06T00:40:15.802+0000] {processor.py:183} INFO - Processing /opt/airflow/dags/api_to_db_dag.py took 0.115 seconds
[2025-06-06T00:40:46.488+0000] {processor.py:161} INFO - Started process (PID=459) to work on /opt/airflow/dags/api_to_db_dag.py
[2025-06-06T00:40:46.489+0000] {processor.py:830} INFO - Processing file /opt/airflow/dags/api_to_db_dag.py for tasks to queue
[2025-06-06T00:40:46.490+0000] {logging_mixin.py:188} INFO - [2025-06-06T00:40:46.490+0000] {dagbag.py:538} INFO - Filling up the DagBag from /opt/airflow/dags/api_to_db_dag.py
[2025-06-06T00:40:46.516+0000] {processor.py:840} INFO - DAG(s) 'community_members_ingestion' retrieved from /opt/airflow/dags/api_to_db_dag.py
[2025-06-06T00:40:46.542+0000] {logging_mixin.py:188} INFO - [2025-06-06T00:40:46.542+0000] {dag.py:3036} INFO - Sync 1 DAGs
[2025-06-06T00:40:46.569+0000] {logging_mixin.py:188} INFO - [2025-06-06T00:40:46.569+0000] {dag.py:3823} INFO - Setting next_dagrun for community_members_ingestion to 2025-06-06 00:30:00+00:00, run_after=2025-06-06 01:00:00+00:00
[2025-06-06T00:40:46.600+0000] {processor.py:183} INFO - Processing /opt/airflow/dags/api_to_db_dag.py took 0.115 seconds
[2025-06-06T00:41:17.330+0000] {processor.py:161} INFO - Started process (PID=489) to work on /opt/airflow/dags/api_to_db_dag.py
[2025-06-06T00:41:17.331+0000] {processor.py:830} INFO - Processing file /opt/airflow/dags/api_to_db_dag.py for tasks to queue
[2025-06-06T00:41:17.333+0000] {logging_mixin.py:188} INFO - [2025-06-06T00:41:17.333+0000] {dagbag.py:538} INFO - Filling up the DagBag from /opt/airflow/dags/api_to_db_dag.py
[2025-06-06T00:41:17.383+0000] {processor.py:840} INFO - DAG(s) 'community_members_ingestion' retrieved from /opt/airflow/dags/api_to_db_dag.py
[2025-06-06T00:41:17.425+0000] {logging_mixin.py:188} INFO - [2025-06-06T00:41:17.424+0000] {dag.py:3036} INFO - Sync 1 DAGs
[2025-06-06T00:41:17.466+0000] {logging_mixin.py:188} INFO - [2025-06-06T00:41:17.465+0000] {dag.py:3823} INFO - Setting next_dagrun for community_members_ingestion to 2025-06-06 00:30:00+00:00, run_after=2025-06-06 01:00:00+00:00
[2025-06-06T00:41:17.504+0000] {processor.py:183} INFO - Processing /opt/airflow/dags/api_to_db_dag.py took 0.179 seconds
[2025-06-06T00:41:48.268+0000] {processor.py:161} INFO - Started process (PID=519) to work on /opt/airflow/dags/api_to_db_dag.py
[2025-06-06T00:41:48.270+0000] {processor.py:830} INFO - Processing file /opt/airflow/dags/api_to_db_dag.py for tasks to queue
[2025-06-06T00:41:48.271+0000] {logging_mixin.py:188} INFO - [2025-06-06T00:41:48.271+0000] {dagbag.py:538} INFO - Filling up the DagBag from /opt/airflow/dags/api_to_db_dag.py
[2025-06-06T00:41:48.306+0000] {processor.py:840} INFO - DAG(s) 'community_members_ingestion' retrieved from /opt/airflow/dags/api_to_db_dag.py
[2025-06-06T00:41:48.345+0000] {logging_mixin.py:188} INFO - [2025-06-06T00:41:48.344+0000] {dag.py:3036} INFO - Sync 1 DAGs
[2025-06-06T00:41:48.375+0000] {logging_mixin.py:188} INFO - [2025-06-06T00:41:48.375+0000] {dag.py:3823} INFO - Setting next_dagrun for community_members_ingestion to 2025-06-06 00:30:00+00:00, run_after=2025-06-06 01:00:00+00:00
[2025-06-06T00:41:48.408+0000] {processor.py:183} INFO - Processing /opt/airflow/dags/api_to_db_dag.py took 0.143 seconds
[2025-06-06T00:42:19.070+0000] {processor.py:161} INFO - Started process (PID=549) to work on /opt/airflow/dags/api_to_db_dag.py
[2025-06-06T00:42:19.072+0000] {processor.py:830} INFO - Processing file /opt/airflow/dags/api_to_db_dag.py for tasks to queue
[2025-06-06T00:42:19.073+0000] {logging_mixin.py:188} INFO - [2025-06-06T00:42:19.072+0000] {dagbag.py:538} INFO - Filling up the DagBag from /opt/airflow/dags/api_to_db_dag.py
[2025-06-06T00:42:19.108+0000] {processor.py:840} INFO - DAG(s) 'community_members_ingestion' retrieved from /opt/airflow/dags/api_to_db_dag.py
[2025-06-06T00:42:19.146+0000] {logging_mixin.py:188} INFO - [2025-06-06T00:42:19.146+0000] {dag.py:3036} INFO - Sync 1 DAGs
[2025-06-06T00:42:19.181+0000] {logging_mixin.py:188} INFO - [2025-06-06T00:42:19.181+0000] {dag.py:3823} INFO - Setting next_dagrun for community_members_ingestion to 2025-06-06 00:30:00+00:00, run_after=2025-06-06 01:00:00+00:00
[2025-06-06T00:42:19.220+0000] {processor.py:183} INFO - Processing /opt/airflow/dags/api_to_db_dag.py took 0.154 seconds
[2025-06-06T00:42:49.868+0000] {processor.py:161} INFO - Started process (PID=579) to work on /opt/airflow/dags/api_to_db_dag.py
[2025-06-06T00:42:49.869+0000] {processor.py:830} INFO - Processing file /opt/airflow/dags/api_to_db_dag.py for tasks to queue
[2025-06-06T00:42:49.870+0000] {logging_mixin.py:188} INFO - [2025-06-06T00:42:49.870+0000] {dagbag.py:538} INFO - Filling up the DagBag from /opt/airflow/dags/api_to_db_dag.py
[2025-06-06T00:42:49.904+0000] {processor.py:840} INFO - DAG(s) 'community_members_ingestion' retrieved from /opt/airflow/dags/api_to_db_dag.py
[2025-06-06T00:42:49.939+0000] {logging_mixin.py:188} INFO - [2025-06-06T00:42:49.939+0000] {dag.py:3036} INFO - Sync 1 DAGs
[2025-06-06T00:42:49.972+0000] {logging_mixin.py:188} INFO - [2025-06-06T00:42:49.971+0000] {dag.py:3823} INFO - Setting next_dagrun for community_members_ingestion to 2025-06-06 00:30:00+00:00, run_after=2025-06-06 01:00:00+00:00
[2025-06-06T00:42:50.010+0000] {processor.py:183} INFO - Processing /opt/airflow/dags/api_to_db_dag.py took 0.146 seconds
[2025-06-06T00:43:20.763+0000] {processor.py:161} INFO - Started process (PID=609) to work on /opt/airflow/dags/api_to_db_dag.py
[2025-06-06T00:43:20.764+0000] {processor.py:830} INFO - Processing file /opt/airflow/dags/api_to_db_dag.py for tasks to queue
[2025-06-06T00:43:20.766+0000] {logging_mixin.py:188} INFO - [2025-06-06T00:43:20.765+0000] {dagbag.py:538} INFO - Filling up the DagBag from /opt/airflow/dags/api_to_db_dag.py
[2025-06-06T00:43:20.804+0000] {processor.py:840} INFO - DAG(s) 'community_members_ingestion' retrieved from /opt/airflow/dags/api_to_db_dag.py
[2025-06-06T00:43:20.843+0000] {logging_mixin.py:188} INFO - [2025-06-06T00:43:20.842+0000] {dag.py:3036} INFO - Sync 1 DAGs
[2025-06-06T00:43:20.879+0000] {logging_mixin.py:188} INFO - [2025-06-06T00:43:20.878+0000] {dag.py:3823} INFO - Setting next_dagrun for community_members_ingestion to 2025-06-06 00:30:00+00:00, run_after=2025-06-06 01:00:00+00:00
[2025-06-06T00:43:20.927+0000] {processor.py:183} INFO - Processing /opt/airflow/dags/api_to_db_dag.py took 0.169 seconds
[2025-06-06T00:43:51.549+0000] {processor.py:161} INFO - Started process (PID=639) to work on /opt/airflow/dags/api_to_db_dag.py
[2025-06-06T00:43:51.550+0000] {processor.py:830} INFO - Processing file /opt/airflow/dags/api_to_db_dag.py for tasks to queue
[2025-06-06T00:43:51.552+0000] {logging_mixin.py:188} INFO - [2025-06-06T00:43:51.552+0000] {dagbag.py:538} INFO - Filling up the DagBag from /opt/airflow/dags/api_to_db_dag.py
[2025-06-06T00:43:51.609+0000] {processor.py:840} INFO - DAG(s) 'community_members_ingestion' retrieved from /opt/airflow/dags/api_to_db_dag.py
[2025-06-06T00:43:51.659+0000] {logging_mixin.py:188} INFO - [2025-06-06T00:43:51.658+0000] {dag.py:3036} INFO - Sync 1 DAGs
[2025-06-06T00:43:51.699+0000] {logging_mixin.py:188} INFO - [2025-06-06T00:43:51.699+0000] {dag.py:3823} INFO - Setting next_dagrun for community_members_ingestion to 2025-06-06 00:30:00+00:00, run_after=2025-06-06 01:00:00+00:00
[2025-06-06T00:43:51.743+0000] {processor.py:183} INFO - Processing /opt/airflow/dags/api_to_db_dag.py took 0.201 seconds
[2025-06-06T00:44:22.577+0000] {processor.py:161} INFO - Started process (PID=669) to work on /opt/airflow/dags/api_to_db_dag.py
[2025-06-06T00:44:22.579+0000] {processor.py:830} INFO - Processing file /opt/airflow/dags/api_to_db_dag.py for tasks to queue
[2025-06-06T00:44:22.580+0000] {logging_mixin.py:188} INFO - [2025-06-06T00:44:22.580+0000] {dagbag.py:538} INFO - Filling up the DagBag from /opt/airflow/dags/api_to_db_dag.py
[2025-06-06T00:44:22.616+0000] {processor.py:840} INFO - DAG(s) 'community_members_ingestion' retrieved from /opt/airflow/dags/api_to_db_dag.py
[2025-06-06T00:44:22.678+0000] {logging_mixin.py:188} INFO - [2025-06-06T00:44:22.678+0000] {dag.py:3036} INFO - Sync 1 DAGs
[2025-06-06T00:44:22.740+0000] {logging_mixin.py:188} INFO - [2025-06-06T00:44:22.739+0000] {dag.py:3823} INFO - Setting next_dagrun for community_members_ingestion to 2025-06-06 00:30:00+00:00, run_after=2025-06-06 01:00:00+00:00
[2025-06-06T00:44:22.797+0000] {processor.py:183} INFO - Processing /opt/airflow/dags/api_to_db_dag.py took 0.223 seconds
[2025-06-06T00:44:53.393+0000] {processor.py:161} INFO - Started process (PID=699) to work on /opt/airflow/dags/api_to_db_dag.py
[2025-06-06T00:44:53.395+0000] {processor.py:830} INFO - Processing file /opt/airflow/dags/api_to_db_dag.py for tasks to queue
[2025-06-06T00:44:53.397+0000] {logging_mixin.py:188} INFO - [2025-06-06T00:44:53.396+0000] {dagbag.py:538} INFO - Filling up the DagBag from /opt/airflow/dags/api_to_db_dag.py
[2025-06-06T00:44:53.436+0000] {processor.py:840} INFO - DAG(s) 'community_members_ingestion' retrieved from /opt/airflow/dags/api_to_db_dag.py
[2025-06-06T00:44:53.482+0000] {logging_mixin.py:188} INFO - [2025-06-06T00:44:53.482+0000] {dag.py:3036} INFO - Sync 1 DAGs
[2025-06-06T00:44:53.519+0000] {logging_mixin.py:188} INFO - [2025-06-06T00:44:53.518+0000] {dag.py:3823} INFO - Setting next_dagrun for community_members_ingestion to 2025-06-06 00:30:00+00:00, run_after=2025-06-06 01:00:00+00:00
[2025-06-06T00:44:53.563+0000] {processor.py:183} INFO - Processing /opt/airflow/dags/api_to_db_dag.py took 0.175 seconds
[2025-06-06T00:45:24.208+0000] {processor.py:161} INFO - Started process (PID=729) to work on /opt/airflow/dags/api_to_db_dag.py
[2025-06-06T00:45:24.210+0000] {processor.py:830} INFO - Processing file /opt/airflow/dags/api_to_db_dag.py for tasks to queue
[2025-06-06T00:45:24.211+0000] {logging_mixin.py:188} INFO - [2025-06-06T00:45:24.211+0000] {dagbag.py:538} INFO - Filling up the DagBag from /opt/airflow/dags/api_to_db_dag.py
[2025-06-06T00:45:24.245+0000] {processor.py:840} INFO - DAG(s) 'community_members_ingestion' retrieved from /opt/airflow/dags/api_to_db_dag.py
[2025-06-06T00:45:24.282+0000] {logging_mixin.py:188} INFO - [2025-06-06T00:45:24.282+0000] {dag.py:3036} INFO - Sync 1 DAGs
[2025-06-06T00:45:24.316+0000] {logging_mixin.py:188} INFO - [2025-06-06T00:45:24.315+0000] {dag.py:3823} INFO - Setting next_dagrun for community_members_ingestion to 2025-06-06 00:30:00+00:00, run_after=2025-06-06 01:00:00+00:00
[2025-06-06T00:45:24.353+0000] {processor.py:183} INFO - Processing /opt/airflow/dags/api_to_db_dag.py took 0.149 seconds
[2025-06-06T00:45:55.149+0000] {processor.py:161} INFO - Started process (PID=759) to work on /opt/airflow/dags/api_to_db_dag.py
[2025-06-06T00:45:55.151+0000] {processor.py:830} INFO - Processing file /opt/airflow/dags/api_to_db_dag.py for tasks to queue
[2025-06-06T00:45:55.152+0000] {logging_mixin.py:188} INFO - [2025-06-06T00:45:55.152+0000] {dagbag.py:538} INFO - Filling up the DagBag from /opt/airflow/dags/api_to_db_dag.py
[2025-06-06T00:45:55.187+0000] {processor.py:840} INFO - DAG(s) 'community_members_ingestion' retrieved from /opt/airflow/dags/api_to_db_dag.py
[2025-06-06T00:45:55.228+0000] {logging_mixin.py:188} INFO - [2025-06-06T00:45:55.227+0000] {dag.py:3036} INFO - Sync 1 DAGs
[2025-06-06T00:45:55.272+0000] {logging_mixin.py:188} INFO - [2025-06-06T00:45:55.272+0000] {dag.py:3823} INFO - Setting next_dagrun for community_members_ingestion to 2025-06-06 00:30:00+00:00, run_after=2025-06-06 01:00:00+00:00
[2025-06-06T00:45:55.309+0000] {processor.py:183} INFO - Processing /opt/airflow/dags/api_to_db_dag.py took 0.165 seconds
[2025-06-06T00:46:26.018+0000] {processor.py:161} INFO - Started process (PID=789) to work on /opt/airflow/dags/api_to_db_dag.py
[2025-06-06T00:46:26.019+0000] {processor.py:830} INFO - Processing file /opt/airflow/dags/api_to_db_dag.py for tasks to queue
[2025-06-06T00:46:26.020+0000] {logging_mixin.py:188} INFO - [2025-06-06T00:46:26.020+0000] {dagbag.py:538} INFO - Filling up the DagBag from /opt/airflow/dags/api_to_db_dag.py
[2025-06-06T00:46:26.044+0000] {processor.py:840} INFO - DAG(s) 'community_members_ingestion' retrieved from /opt/airflow/dags/api_to_db_dag.py
[2025-06-06T00:46:26.071+0000] {logging_mixin.py:188} INFO - [2025-06-06T00:46:26.070+0000] {dag.py:3036} INFO - Sync 1 DAGs
[2025-06-06T00:46:26.099+0000] {logging_mixin.py:188} INFO - [2025-06-06T00:46:26.099+0000] {dag.py:3823} INFO - Setting next_dagrun for community_members_ingestion to 2025-06-06 00:30:00+00:00, run_after=2025-06-06 01:00:00+00:00
[2025-06-06T00:46:26.128+0000] {processor.py:183} INFO - Processing /opt/airflow/dags/api_to_db_dag.py took 0.112 seconds
[2025-06-06T00:46:56.803+0000] {processor.py:161} INFO - Started process (PID=819) to work on /opt/airflow/dags/api_to_db_dag.py
[2025-06-06T00:46:56.804+0000] {processor.py:830} INFO - Processing file /opt/airflow/dags/api_to_db_dag.py for tasks to queue
[2025-06-06T00:46:56.805+0000] {logging_mixin.py:188} INFO - [2025-06-06T00:46:56.804+0000] {dagbag.py:538} INFO - Filling up the DagBag from /opt/airflow/dags/api_to_db_dag.py
[2025-06-06T00:46:56.828+0000] {processor.py:840} INFO - DAG(s) 'community_members_ingestion' retrieved from /opt/airflow/dags/api_to_db_dag.py
[2025-06-06T00:46:56.853+0000] {logging_mixin.py:188} INFO - [2025-06-06T00:46:56.852+0000] {dag.py:3036} INFO - Sync 1 DAGs
[2025-06-06T00:46:56.874+0000] {logging_mixin.py:188} INFO - [2025-06-06T00:46:56.874+0000] {dag.py:3823} INFO - Setting next_dagrun for community_members_ingestion to 2025-06-06 00:30:00+00:00, run_after=2025-06-06 01:00:00+00:00
[2025-06-06T00:46:56.903+0000] {processor.py:183} INFO - Processing /opt/airflow/dags/api_to_db_dag.py took 0.104 seconds
[2025-06-06T00:47:27.443+0000] {processor.py:161} INFO - Started process (PID=849) to work on /opt/airflow/dags/api_to_db_dag.py
[2025-06-06T00:47:27.444+0000] {processor.py:830} INFO - Processing file /opt/airflow/dags/api_to_db_dag.py for tasks to queue
[2025-06-06T00:47:27.445+0000] {logging_mixin.py:188} INFO - [2025-06-06T00:47:27.445+0000] {dagbag.py:538} INFO - Filling up the DagBag from /opt/airflow/dags/api_to_db_dag.py
[2025-06-06T00:47:27.470+0000] {processor.py:840} INFO - DAG(s) 'community_members_ingestion' retrieved from /opt/airflow/dags/api_to_db_dag.py
[2025-06-06T00:47:27.498+0000] {logging_mixin.py:188} INFO - [2025-06-06T00:47:27.497+0000] {dag.py:3036} INFO - Sync 1 DAGs
[2025-06-06T00:47:27.520+0000] {logging_mixin.py:188} INFO - [2025-06-06T00:47:27.520+0000] {dag.py:3823} INFO - Setting next_dagrun for community_members_ingestion to 2025-06-06 00:30:00+00:00, run_after=2025-06-06 01:00:00+00:00
[2025-06-06T00:47:27.548+0000] {processor.py:183} INFO - Processing /opt/airflow/dags/api_to_db_dag.py took 0.108 seconds
[2025-06-06T00:47:58.249+0000] {processor.py:161} INFO - Started process (PID=879) to work on /opt/airflow/dags/api_to_db_dag.py
[2025-06-06T00:47:58.250+0000] {processor.py:830} INFO - Processing file /opt/airflow/dags/api_to_db_dag.py for tasks to queue
[2025-06-06T00:47:58.251+0000] {logging_mixin.py:188} INFO - [2025-06-06T00:47:58.250+0000] {dagbag.py:538} INFO - Filling up the DagBag from /opt/airflow/dags/api_to_db_dag.py
[2025-06-06T00:47:58.277+0000] {processor.py:840} INFO - DAG(s) 'community_members_ingestion' retrieved from /opt/airflow/dags/api_to_db_dag.py
[2025-06-06T00:47:58.301+0000] {logging_mixin.py:188} INFO - [2025-06-06T00:47:58.301+0000] {dag.py:3036} INFO - Sync 1 DAGs
[2025-06-06T00:47:58.324+0000] {logging_mixin.py:188} INFO - [2025-06-06T00:47:58.324+0000] {dag.py:3823} INFO - Setting next_dagrun for community_members_ingestion to 2025-06-06 00:30:00+00:00, run_after=2025-06-06 01:00:00+00:00
[2025-06-06T00:47:58.350+0000] {processor.py:183} INFO - Processing /opt/airflow/dags/api_to_db_dag.py took 0.104 seconds
[2025-06-06T00:48:28.981+0000] {processor.py:161} INFO - Started process (PID=909) to work on /opt/airflow/dags/api_to_db_dag.py
[2025-06-06T00:48:28.983+0000] {processor.py:830} INFO - Processing file /opt/airflow/dags/api_to_db_dag.py for tasks to queue
[2025-06-06T00:48:28.984+0000] {logging_mixin.py:188} INFO - [2025-06-06T00:48:28.983+0000] {dagbag.py:538} INFO - Filling up the DagBag from /opt/airflow/dags/api_to_db_dag.py
[2025-06-06T00:48:29.006+0000] {processor.py:840} INFO - DAG(s) 'community_members_ingestion' retrieved from /opt/airflow/dags/api_to_db_dag.py
[2025-06-06T00:48:29.030+0000] {logging_mixin.py:188} INFO - [2025-06-06T00:48:29.030+0000] {dag.py:3036} INFO - Sync 1 DAGs
[2025-06-06T00:48:29.053+0000] {logging_mixin.py:188} INFO - [2025-06-06T00:48:29.053+0000] {dag.py:3823} INFO - Setting next_dagrun for community_members_ingestion to 2025-06-06 00:30:00+00:00, run_after=2025-06-06 01:00:00+00:00
[2025-06-06T00:48:29.081+0000] {processor.py:183} INFO - Processing /opt/airflow/dags/api_to_db_dag.py took 0.103 seconds
[2025-06-06T00:48:59.742+0000] {processor.py:161} INFO - Started process (PID=939) to work on /opt/airflow/dags/api_to_db_dag.py
[2025-06-06T00:48:59.743+0000] {processor.py:830} INFO - Processing file /opt/airflow/dags/api_to_db_dag.py for tasks to queue
[2025-06-06T00:48:59.744+0000] {logging_mixin.py:188} INFO - [2025-06-06T00:48:59.744+0000] {dagbag.py:538} INFO - Filling up the DagBag from /opt/airflow/dags/api_to_db_dag.py
[2025-06-06T00:48:59.766+0000] {processor.py:840} INFO - DAG(s) 'community_members_ingestion' retrieved from /opt/airflow/dags/api_to_db_dag.py
[2025-06-06T00:48:59.791+0000] {logging_mixin.py:188} INFO - [2025-06-06T00:48:59.791+0000] {dag.py:3036} INFO - Sync 1 DAGs
[2025-06-06T00:48:59.812+0000] {logging_mixin.py:188} INFO - [2025-06-06T00:48:59.812+0000] {dag.py:3823} INFO - Setting next_dagrun for community_members_ingestion to 2025-06-06 00:30:00+00:00, run_after=2025-06-06 01:00:00+00:00
[2025-06-06T00:48:59.839+0000] {processor.py:183} INFO - Processing /opt/airflow/dags/api_to_db_dag.py took 0.100 seconds
[2025-06-06T00:49:30.451+0000] {processor.py:161} INFO - Started process (PID=969) to work on /opt/airflow/dags/api_to_db_dag.py
[2025-06-06T00:49:30.452+0000] {processor.py:830} INFO - Processing file /opt/airflow/dags/api_to_db_dag.py for tasks to queue
[2025-06-06T00:49:30.453+0000] {logging_mixin.py:188} INFO - [2025-06-06T00:49:30.453+0000] {dagbag.py:538} INFO - Filling up the DagBag from /opt/airflow/dags/api_to_db_dag.py
[2025-06-06T00:49:30.482+0000] {processor.py:840} INFO - DAG(s) 'community_members_ingestion' retrieved from /opt/airflow/dags/api_to_db_dag.py
[2025-06-06T00:49:30.514+0000] {logging_mixin.py:188} INFO - [2025-06-06T00:49:30.514+0000] {dag.py:3036} INFO - Sync 1 DAGs
[2025-06-06T00:49:30.539+0000] {logging_mixin.py:188} INFO - [2025-06-06T00:49:30.539+0000] {dag.py:3823} INFO - Setting next_dagrun for community_members_ingestion to 2025-06-06 00:30:00+00:00, run_after=2025-06-06 01:00:00+00:00
[2025-06-06T00:49:30.570+0000] {processor.py:183} INFO - Processing /opt/airflow/dags/api_to_db_dag.py took 0.122 seconds
[2025-06-06T00:50:01.137+0000] {processor.py:161} INFO - Started process (PID=999) to work on /opt/airflow/dags/api_to_db_dag.py
[2025-06-06T00:50:01.138+0000] {processor.py:830} INFO - Processing file /opt/airflow/dags/api_to_db_dag.py for tasks to queue
[2025-06-06T00:50:01.139+0000] {logging_mixin.py:188} INFO - [2025-06-06T00:50:01.139+0000] {dagbag.py:538} INFO - Filling up the DagBag from /opt/airflow/dags/api_to_db_dag.py
[2025-06-06T00:50:01.163+0000] {processor.py:840} INFO - DAG(s) 'community_members_ingestion' retrieved from /opt/airflow/dags/api_to_db_dag.py
[2025-06-06T00:50:01.189+0000] {logging_mixin.py:188} INFO - [2025-06-06T00:50:01.188+0000] {dag.py:3036} INFO - Sync 1 DAGs
[2025-06-06T00:50:01.212+0000] {logging_mixin.py:188} INFO - [2025-06-06T00:50:01.212+0000] {dag.py:3823} INFO - Setting next_dagrun for community_members_ingestion to 2025-06-06 00:30:00+00:00, run_after=2025-06-06 01:00:00+00:00
[2025-06-06T00:50:01.240+0000] {processor.py:183} INFO - Processing /opt/airflow/dags/api_to_db_dag.py took 0.106 seconds
[2025-06-06T00:50:31.908+0000] {processor.py:161} INFO - Started process (PID=1029) to work on /opt/airflow/dags/api_to_db_dag.py
[2025-06-06T00:50:31.909+0000] {processor.py:830} INFO - Processing file /opt/airflow/dags/api_to_db_dag.py for tasks to queue
[2025-06-06T00:50:31.910+0000] {logging_mixin.py:188} INFO - [2025-06-06T00:50:31.910+0000] {dagbag.py:538} INFO - Filling up the DagBag from /opt/airflow/dags/api_to_db_dag.py
[2025-06-06T00:50:31.934+0000] {processor.py:840} INFO - DAG(s) 'community_members_ingestion' retrieved from /opt/airflow/dags/api_to_db_dag.py
[2025-06-06T00:50:31.958+0000] {logging_mixin.py:188} INFO - [2025-06-06T00:50:31.957+0000] {dag.py:3036} INFO - Sync 1 DAGs
[2025-06-06T00:50:31.981+0000] {logging_mixin.py:188} INFO - [2025-06-06T00:50:31.981+0000] {dag.py:3823} INFO - Setting next_dagrun for community_members_ingestion to 2025-06-06 00:30:00+00:00, run_after=2025-06-06 01:00:00+00:00
[2025-06-06T00:50:32.008+0000] {processor.py:183} INFO - Processing /opt/airflow/dags/api_to_db_dag.py took 0.103 seconds
