[2025-06-06T00:36:07.051+0000] {processor.py:161} INFO - Started process (PID=169) to work on /opt/airflow/dags/api_to_db_dag_events.py
[2025-06-06T00:36:07.055+0000] {processor.py:830} INFO - Processing file /opt/airflow/dags/api_to_db_dag_events.py for tasks to queue
[2025-06-06T00:36:07.057+0000] {logging_mixin.py:188} INFO - [2025-06-06T00:36:07.056+0000] {dagbag.py:538} INFO - Filling up the DagBag from /opt/airflow/dags/api_to_db_dag_events.py
[2025-06-06T00:36:07.120+0000] {processor.py:840} INFO - DAG(s) 'events_ingestion' retrieved from /opt/airflow/dags/api_to_db_dag_events.py
[2025-06-06T00:36:08.030+0000] {logging_mixin.py:188} INFO - [2025-06-06T00:36:08.029+0000] {dag.py:3036} INFO - Sync 1 DAGs
[2025-06-06T00:36:08.167+0000] {logging_mixin.py:188} INFO - [2025-06-06T00:36:08.166+0000] {dag.py:3823} INFO - Setting next_dagrun for events_ingestion to 2025-06-06 00:30:00+00:00, run_after=2025-06-06 01:00:00+00:00
[2025-06-06T00:36:08.471+0000] {processor.py:183} INFO - Processing /opt/airflow/dags/api_to_db_dag_events.py took 1.427 seconds
[2025-06-06T00:36:38.880+0000] {processor.py:161} INFO - Started process (PID=212) to work on /opt/airflow/dags/api_to_db_dag_events.py
[2025-06-06T00:36:38.882+0000] {processor.py:830} INFO - Processing file /opt/airflow/dags/api_to_db_dag_events.py for tasks to queue
[2025-06-06T00:36:38.882+0000] {logging_mixin.py:188} INFO - [2025-06-06T00:36:38.882+0000] {dagbag.py:538} INFO - Filling up the DagBag from /opt/airflow/dags/api_to_db_dag_events.py
[2025-06-06T00:36:38.906+0000] {processor.py:840} INFO - DAG(s) 'events_ingestion' retrieved from /opt/airflow/dags/api_to_db_dag_events.py
[2025-06-06T00:36:38.932+0000] {logging_mixin.py:188} INFO - [2025-06-06T00:36:38.932+0000] {dag.py:3036} INFO - Sync 1 DAGs
[2025-06-06T00:36:38.954+0000] {logging_mixin.py:188} INFO - [2025-06-06T00:36:38.954+0000] {dag.py:3823} INFO - Setting next_dagrun for events_ingestion to 2025-06-06 00:30:00+00:00, run_after=2025-06-06 01:00:00+00:00
[2025-06-06T00:36:38.984+0000] {processor.py:183} INFO - Processing /opt/airflow/dags/api_to_db_dag_events.py took 0.107 seconds
[2025-06-06T00:37:09.807+0000] {processor.py:161} INFO - Started process (PID=242) to work on /opt/airflow/dags/api_to_db_dag_events.py
[2025-06-06T00:37:09.808+0000] {processor.py:830} INFO - Processing file /opt/airflow/dags/api_to_db_dag_events.py for tasks to queue
[2025-06-06T00:37:09.809+0000] {logging_mixin.py:188} INFO - [2025-06-06T00:37:09.808+0000] {dagbag.py:538} INFO - Filling up the DagBag from /opt/airflow/dags/api_to_db_dag_events.py
[2025-06-06T00:37:09.833+0000] {processor.py:840} INFO - DAG(s) 'events_ingestion' retrieved from /opt/airflow/dags/api_to_db_dag_events.py
[2025-06-06T00:37:09.864+0000] {logging_mixin.py:188} INFO - [2025-06-06T00:37:09.863+0000] {dag.py:3036} INFO - Sync 1 DAGs
[2025-06-06T00:37:09.896+0000] {logging_mixin.py:188} INFO - [2025-06-06T00:37:09.896+0000] {dag.py:3823} INFO - Setting next_dagrun for events_ingestion to 2025-06-06 00:30:00+00:00, run_after=2025-06-06 01:00:00+00:00
[2025-06-06T00:37:09.928+0000] {processor.py:183} INFO - Processing /opt/airflow/dags/api_to_db_dag_events.py took 0.124 seconds
[2025-06-06T00:37:40.619+0000] {processor.py:161} INFO - Started process (PID=272) to work on /opt/airflow/dags/api_to_db_dag_events.py
[2025-06-06T00:37:40.620+0000] {processor.py:830} INFO - Processing file /opt/airflow/dags/api_to_db_dag_events.py for tasks to queue
[2025-06-06T00:37:40.621+0000] {logging_mixin.py:188} INFO - [2025-06-06T00:37:40.621+0000] {dagbag.py:538} INFO - Filling up the DagBag from /opt/airflow/dags/api_to_db_dag_events.py
[2025-06-06T00:37:40.642+0000] {processor.py:840} INFO - DAG(s) 'events_ingestion' retrieved from /opt/airflow/dags/api_to_db_dag_events.py
[2025-06-06T00:37:40.666+0000] {logging_mixin.py:188} INFO - [2025-06-06T00:37:40.666+0000] {dag.py:3036} INFO - Sync 1 DAGs
[2025-06-06T00:37:40.688+0000] {logging_mixin.py:188} INFO - [2025-06-06T00:37:40.688+0000] {dag.py:3823} INFO - Setting next_dagrun for events_ingestion to 2025-06-06 00:30:00+00:00, run_after=2025-06-06 01:00:00+00:00
[2025-06-06T00:37:40.712+0000] {processor.py:183} INFO - Processing /opt/airflow/dags/api_to_db_dag_events.py took 0.096 seconds
[2025-06-06T00:38:11.445+0000] {processor.py:161} INFO - Started process (PID=302) to work on /opt/airflow/dags/api_to_db_dag_events.py
[2025-06-06T00:38:11.446+0000] {processor.py:830} INFO - Processing file /opt/airflow/dags/api_to_db_dag_events.py for tasks to queue
[2025-06-06T00:38:11.447+0000] {logging_mixin.py:188} INFO - [2025-06-06T00:38:11.447+0000] {dagbag.py:538} INFO - Filling up the DagBag from /opt/airflow/dags/api_to_db_dag_events.py
[2025-06-06T00:38:11.469+0000] {processor.py:840} INFO - DAG(s) 'events_ingestion' retrieved from /opt/airflow/dags/api_to_db_dag_events.py
[2025-06-06T00:38:11.493+0000] {logging_mixin.py:188} INFO - [2025-06-06T00:38:11.493+0000] {dag.py:3036} INFO - Sync 1 DAGs
[2025-06-06T00:38:11.515+0000] {logging_mixin.py:188} INFO - [2025-06-06T00:38:11.515+0000] {dag.py:3823} INFO - Setting next_dagrun for events_ingestion to 2025-06-06 00:30:00+00:00, run_after=2025-06-06 01:00:00+00:00
[2025-06-06T00:38:11.539+0000] {processor.py:183} INFO - Processing /opt/airflow/dags/api_to_db_dag_events.py took 0.097 seconds
[2025-06-06T00:38:42.210+0000] {processor.py:161} INFO - Started process (PID=332) to work on /opt/airflow/dags/api_to_db_dag_events.py
[2025-06-06T00:38:42.211+0000] {processor.py:830} INFO - Processing file /opt/airflow/dags/api_to_db_dag_events.py for tasks to queue
[2025-06-06T00:38:42.212+0000] {logging_mixin.py:188} INFO - [2025-06-06T00:38:42.212+0000] {dagbag.py:538} INFO - Filling up the DagBag from /opt/airflow/dags/api_to_db_dag_events.py
[2025-06-06T00:38:42.235+0000] {processor.py:840} INFO - DAG(s) 'events_ingestion' retrieved from /opt/airflow/dags/api_to_db_dag_events.py
[2025-06-06T00:38:42.260+0000] {logging_mixin.py:188} INFO - [2025-06-06T00:38:42.259+0000] {dag.py:3036} INFO - Sync 1 DAGs
[2025-06-06T00:38:42.281+0000] {logging_mixin.py:188} INFO - [2025-06-06T00:38:42.281+0000] {dag.py:3823} INFO - Setting next_dagrun for events_ingestion to 2025-06-06 00:30:00+00:00, run_after=2025-06-06 01:00:00+00:00
[2025-06-06T00:38:42.309+0000] {processor.py:183} INFO - Processing /opt/airflow/dags/api_to_db_dag_events.py took 0.101 seconds
[2025-06-06T00:39:13.003+0000] {processor.py:161} INFO - Started process (PID=362) to work on /opt/airflow/dags/api_to_db_dag_events.py
[2025-06-06T00:39:13.004+0000] {processor.py:830} INFO - Processing file /opt/airflow/dags/api_to_db_dag_events.py for tasks to queue
[2025-06-06T00:39:13.005+0000] {logging_mixin.py:188} INFO - [2025-06-06T00:39:13.005+0000] {dagbag.py:538} INFO - Filling up the DagBag from /opt/airflow/dags/api_to_db_dag_events.py
[2025-06-06T00:39:13.028+0000] {processor.py:840} INFO - DAG(s) 'events_ingestion' retrieved from /opt/airflow/dags/api_to_db_dag_events.py
[2025-06-06T00:39:13.050+0000] {logging_mixin.py:188} INFO - [2025-06-06T00:39:13.050+0000] {dag.py:3036} INFO - Sync 1 DAGs
[2025-06-06T00:39:13.072+0000] {logging_mixin.py:188} INFO - [2025-06-06T00:39:13.071+0000] {dag.py:3823} INFO - Setting next_dagrun for events_ingestion to 2025-06-06 00:30:00+00:00, run_after=2025-06-06 01:00:00+00:00
[2025-06-06T00:39:13.098+0000] {processor.py:183} INFO - Processing /opt/airflow/dags/api_to_db_dag_events.py took 0.098 seconds
[2025-06-06T00:39:43.733+0000] {processor.py:161} INFO - Started process (PID=392) to work on /opt/airflow/dags/api_to_db_dag_events.py
[2025-06-06T00:39:43.734+0000] {processor.py:830} INFO - Processing file /opt/airflow/dags/api_to_db_dag_events.py for tasks to queue
[2025-06-06T00:39:43.735+0000] {logging_mixin.py:188} INFO - [2025-06-06T00:39:43.734+0000] {dagbag.py:538} INFO - Filling up the DagBag from /opt/airflow/dags/api_to_db_dag_events.py
[2025-06-06T00:39:43.756+0000] {processor.py:840} INFO - DAG(s) 'events_ingestion' retrieved from /opt/airflow/dags/api_to_db_dag_events.py
[2025-06-06T00:39:43.779+0000] {logging_mixin.py:188} INFO - [2025-06-06T00:39:43.779+0000] {dag.py:3036} INFO - Sync 1 DAGs
[2025-06-06T00:39:43.802+0000] {logging_mixin.py:188} INFO - [2025-06-06T00:39:43.801+0000] {dag.py:3823} INFO - Setting next_dagrun for events_ingestion to 2025-06-06 00:30:00+00:00, run_after=2025-06-06 01:00:00+00:00
[2025-06-06T00:39:43.826+0000] {processor.py:183} INFO - Processing /opt/airflow/dags/api_to_db_dag_events.py took 0.096 seconds
[2025-06-06T00:40:14.524+0000] {processor.py:161} INFO - Started process (PID=422) to work on /opt/airflow/dags/api_to_db_dag_events.py
[2025-06-06T00:40:14.525+0000] {processor.py:830} INFO - Processing file /opt/airflow/dags/api_to_db_dag_events.py for tasks to queue
[2025-06-06T00:40:14.526+0000] {logging_mixin.py:188} INFO - [2025-06-06T00:40:14.526+0000] {dagbag.py:538} INFO - Filling up the DagBag from /opt/airflow/dags/api_to_db_dag_events.py
[2025-06-06T00:40:14.549+0000] {processor.py:840} INFO - DAG(s) 'events_ingestion' retrieved from /opt/airflow/dags/api_to_db_dag_events.py
[2025-06-06T00:40:14.580+0000] {logging_mixin.py:188} INFO - [2025-06-06T00:40:14.580+0000] {dag.py:3036} INFO - Sync 1 DAGs
[2025-06-06T00:40:14.619+0000] {logging_mixin.py:188} INFO - [2025-06-06T00:40:14.618+0000] {dag.py:3823} INFO - Setting next_dagrun for events_ingestion to 2025-06-06 00:30:00+00:00, run_after=2025-06-06 01:00:00+00:00
[2025-06-06T00:40:14.647+0000] {processor.py:183} INFO - Processing /opt/airflow/dags/api_to_db_dag_events.py took 0.127 seconds
[2025-06-06T00:40:45.457+0000] {processor.py:161} INFO - Started process (PID=452) to work on /opt/airflow/dags/api_to_db_dag_events.py
[2025-06-06T00:40:45.458+0000] {processor.py:830} INFO - Processing file /opt/airflow/dags/api_to_db_dag_events.py for tasks to queue
[2025-06-06T00:40:45.459+0000] {logging_mixin.py:188} INFO - [2025-06-06T00:40:45.459+0000] {dagbag.py:538} INFO - Filling up the DagBag from /opt/airflow/dags/api_to_db_dag_events.py
[2025-06-06T00:40:45.481+0000] {processor.py:840} INFO - DAG(s) 'events_ingestion' retrieved from /opt/airflow/dags/api_to_db_dag_events.py
[2025-06-06T00:40:45.504+0000] {logging_mixin.py:188} INFO - [2025-06-06T00:40:45.504+0000] {dag.py:3036} INFO - Sync 1 DAGs
[2025-06-06T00:40:45.528+0000] {logging_mixin.py:188} INFO - [2025-06-06T00:40:45.528+0000] {dag.py:3823} INFO - Setting next_dagrun for events_ingestion to 2025-06-06 00:30:00+00:00, run_after=2025-06-06 01:00:00+00:00
[2025-06-06T00:40:45.552+0000] {processor.py:183} INFO - Processing /opt/airflow/dags/api_to_db_dag_events.py took 0.097 seconds
[2025-06-06T00:41:16.270+0000] {processor.py:161} INFO - Started process (PID=482) to work on /opt/airflow/dags/api_to_db_dag_events.py
[2025-06-06T00:41:16.272+0000] {processor.py:830} INFO - Processing file /opt/airflow/dags/api_to_db_dag_events.py for tasks to queue
[2025-06-06T00:41:16.273+0000] {logging_mixin.py:188} INFO - [2025-06-06T00:41:16.273+0000] {dagbag.py:538} INFO - Filling up the DagBag from /opt/airflow/dags/api_to_db_dag_events.py
[2025-06-06T00:41:16.317+0000] {processor.py:840} INFO - DAG(s) 'events_ingestion' retrieved from /opt/airflow/dags/api_to_db_dag_events.py
[2025-06-06T00:41:16.356+0000] {logging_mixin.py:188} INFO - [2025-06-06T00:41:16.356+0000] {dag.py:3036} INFO - Sync 1 DAGs
[2025-06-06T00:41:16.397+0000] {logging_mixin.py:188} INFO - [2025-06-06T00:41:16.396+0000] {dag.py:3823} INFO - Setting next_dagrun for events_ingestion to 2025-06-06 00:30:00+00:00, run_after=2025-06-06 01:00:00+00:00
[2025-06-06T00:41:16.432+0000] {processor.py:183} INFO - Processing /opt/airflow/dags/api_to_db_dag_events.py took 0.165 seconds
[2025-06-06T00:41:47.037+0000] {processor.py:161} INFO - Started process (PID=512) to work on /opt/airflow/dags/api_to_db_dag_events.py
[2025-06-06T00:41:47.038+0000] {processor.py:830} INFO - Processing file /opt/airflow/dags/api_to_db_dag_events.py for tasks to queue
[2025-06-06T00:41:47.040+0000] {logging_mixin.py:188} INFO - [2025-06-06T00:41:47.039+0000] {dagbag.py:538} INFO - Filling up the DagBag from /opt/airflow/dags/api_to_db_dag_events.py
[2025-06-06T00:41:47.076+0000] {processor.py:840} INFO - DAG(s) 'events_ingestion' retrieved from /opt/airflow/dags/api_to_db_dag_events.py
[2025-06-06T00:41:47.129+0000] {logging_mixin.py:188} INFO - [2025-06-06T00:41:47.129+0000] {dag.py:3036} INFO - Sync 1 DAGs
[2025-06-06T00:41:47.173+0000] {logging_mixin.py:188} INFO - [2025-06-06T00:41:47.173+0000] {dag.py:3823} INFO - Setting next_dagrun for events_ingestion to 2025-06-06 00:30:00+00:00, run_after=2025-06-06 01:00:00+00:00
[2025-06-06T00:41:47.214+0000] {processor.py:183} INFO - Processing /opt/airflow/dags/api_to_db_dag_events.py took 0.182 seconds
[2025-06-06T00:42:18.006+0000] {processor.py:161} INFO - Started process (PID=542) to work on /opt/airflow/dags/api_to_db_dag_events.py
[2025-06-06T00:42:18.007+0000] {processor.py:830} INFO - Processing file /opt/airflow/dags/api_to_db_dag_events.py for tasks to queue
[2025-06-06T00:42:18.009+0000] {logging_mixin.py:188} INFO - [2025-06-06T00:42:18.008+0000] {dagbag.py:538} INFO - Filling up the DagBag from /opt/airflow/dags/api_to_db_dag_events.py
[2025-06-06T00:42:18.044+0000] {processor.py:840} INFO - DAG(s) 'events_ingestion' retrieved from /opt/airflow/dags/api_to_db_dag_events.py
[2025-06-06T00:42:18.080+0000] {logging_mixin.py:188} INFO - [2025-06-06T00:42:18.079+0000] {dag.py:3036} INFO - Sync 1 DAGs
[2025-06-06T00:42:18.113+0000] {logging_mixin.py:188} INFO - [2025-06-06T00:42:18.112+0000] {dag.py:3823} INFO - Setting next_dagrun for events_ingestion to 2025-06-06 00:30:00+00:00, run_after=2025-06-06 01:00:00+00:00
[2025-06-06T00:42:18.150+0000] {processor.py:183} INFO - Processing /opt/airflow/dags/api_to_db_dag_events.py took 0.148 seconds
[2025-06-06T00:42:48.752+0000] {processor.py:161} INFO - Started process (PID=572) to work on /opt/airflow/dags/api_to_db_dag_events.py
[2025-06-06T00:42:48.754+0000] {processor.py:830} INFO - Processing file /opt/airflow/dags/api_to_db_dag_events.py for tasks to queue
[2025-06-06T00:42:48.755+0000] {logging_mixin.py:188} INFO - [2025-06-06T00:42:48.755+0000] {dagbag.py:538} INFO - Filling up the DagBag from /opt/airflow/dags/api_to_db_dag_events.py
[2025-06-06T00:42:48.785+0000] {processor.py:840} INFO - DAG(s) 'events_ingestion' retrieved from /opt/airflow/dags/api_to_db_dag_events.py
[2025-06-06T00:42:48.826+0000] {logging_mixin.py:188} INFO - [2025-06-06T00:42:48.825+0000] {dag.py:3036} INFO - Sync 1 DAGs
[2025-06-06T00:42:48.862+0000] {logging_mixin.py:188} INFO - [2025-06-06T00:42:48.862+0000] {dag.py:3823} INFO - Setting next_dagrun for events_ingestion to 2025-06-06 00:30:00+00:00, run_after=2025-06-06 01:00:00+00:00
[2025-06-06T00:42:48.897+0000] {processor.py:183} INFO - Processing /opt/airflow/dags/api_to_db_dag_events.py took 0.149 seconds
[2025-06-06T00:43:19.569+0000] {processor.py:161} INFO - Started process (PID=602) to work on /opt/airflow/dags/api_to_db_dag_events.py
[2025-06-06T00:43:19.571+0000] {processor.py:830} INFO - Processing file /opt/airflow/dags/api_to_db_dag_events.py for tasks to queue
[2025-06-06T00:43:19.572+0000] {logging_mixin.py:188} INFO - [2025-06-06T00:43:19.572+0000] {dagbag.py:538} INFO - Filling up the DagBag from /opt/airflow/dags/api_to_db_dag_events.py
[2025-06-06T00:43:19.603+0000] {processor.py:840} INFO - DAG(s) 'events_ingestion' retrieved from /opt/airflow/dags/api_to_db_dag_events.py
[2025-06-06T00:43:19.641+0000] {logging_mixin.py:188} INFO - [2025-06-06T00:43:19.641+0000] {dag.py:3036} INFO - Sync 1 DAGs
[2025-06-06T00:43:19.672+0000] {logging_mixin.py:188} INFO - [2025-06-06T00:43:19.671+0000] {dag.py:3823} INFO - Setting next_dagrun for events_ingestion to 2025-06-06 00:30:00+00:00, run_after=2025-06-06 01:00:00+00:00
[2025-06-06T00:43:19.708+0000] {processor.py:183} INFO - Processing /opt/airflow/dags/api_to_db_dag_events.py took 0.143 seconds
[2025-06-06T00:43:50.472+0000] {processor.py:161} INFO - Started process (PID=632) to work on /opt/airflow/dags/api_to_db_dag_events.py
[2025-06-06T00:43:50.473+0000] {processor.py:830} INFO - Processing file /opt/airflow/dags/api_to_db_dag_events.py for tasks to queue
[2025-06-06T00:43:50.475+0000] {logging_mixin.py:188} INFO - [2025-06-06T00:43:50.475+0000] {dagbag.py:538} INFO - Filling up the DagBag from /opt/airflow/dags/api_to_db_dag_events.py
[2025-06-06T00:43:50.520+0000] {processor.py:840} INFO - DAG(s) 'events_ingestion' retrieved from /opt/airflow/dags/api_to_db_dag_events.py
[2025-06-06T00:43:50.561+0000] {logging_mixin.py:188} INFO - [2025-06-06T00:43:50.560+0000] {dag.py:3036} INFO - Sync 1 DAGs
[2025-06-06T00:43:50.594+0000] {logging_mixin.py:188} INFO - [2025-06-06T00:43:50.594+0000] {dag.py:3823} INFO - Setting next_dagrun for events_ingestion to 2025-06-06 00:30:00+00:00, run_after=2025-06-06 01:00:00+00:00
[2025-06-06T00:43:50.632+0000] {processor.py:183} INFO - Processing /opt/airflow/dags/api_to_db_dag_events.py took 0.166 seconds
[2025-06-06T00:44:21.371+0000] {processor.py:161} INFO - Started process (PID=662) to work on /opt/airflow/dags/api_to_db_dag_events.py
[2025-06-06T00:44:21.373+0000] {processor.py:830} INFO - Processing file /opt/airflow/dags/api_to_db_dag_events.py for tasks to queue
[2025-06-06T00:44:21.374+0000] {logging_mixin.py:188} INFO - [2025-06-06T00:44:21.374+0000] {dagbag.py:538} INFO - Filling up the DagBag from /opt/airflow/dags/api_to_db_dag_events.py
[2025-06-06T00:44:21.409+0000] {processor.py:840} INFO - DAG(s) 'events_ingestion' retrieved from /opt/airflow/dags/api_to_db_dag_events.py
[2025-06-06T00:44:21.451+0000] {logging_mixin.py:188} INFO - [2025-06-06T00:44:21.450+0000] {dag.py:3036} INFO - Sync 1 DAGs
[2025-06-06T00:44:21.484+0000] {logging_mixin.py:188} INFO - [2025-06-06T00:44:21.484+0000] {dag.py:3823} INFO - Setting next_dagrun for events_ingestion to 2025-06-06 00:30:00+00:00, run_after=2025-06-06 01:00:00+00:00
[2025-06-06T00:44:21.522+0000] {processor.py:183} INFO - Processing /opt/airflow/dags/api_to_db_dag_events.py took 0.155 seconds
[2025-06-06T00:44:52.144+0000] {processor.py:161} INFO - Started process (PID=692) to work on /opt/airflow/dags/api_to_db_dag_events.py
[2025-06-06T00:44:52.146+0000] {processor.py:830} INFO - Processing file /opt/airflow/dags/api_to_db_dag_events.py for tasks to queue
[2025-06-06T00:44:52.148+0000] {logging_mixin.py:188} INFO - [2025-06-06T00:44:52.148+0000] {dagbag.py:538} INFO - Filling up the DagBag from /opt/airflow/dags/api_to_db_dag_events.py
[2025-06-06T00:44:52.197+0000] {processor.py:840} INFO - DAG(s) 'events_ingestion' retrieved from /opt/airflow/dags/api_to_db_dag_events.py
[2025-06-06T00:44:52.237+0000] {logging_mixin.py:188} INFO - [2025-06-06T00:44:52.237+0000] {dag.py:3036} INFO - Sync 1 DAGs
[2025-06-06T00:44:52.277+0000] {logging_mixin.py:188} INFO - [2025-06-06T00:44:52.277+0000] {dag.py:3823} INFO - Setting next_dagrun for events_ingestion to 2025-06-06 00:30:00+00:00, run_after=2025-06-06 01:00:00+00:00
[2025-06-06T00:44:52.328+0000] {processor.py:183} INFO - Processing /opt/airflow/dags/api_to_db_dag_events.py took 0.189 seconds
[2025-06-06T00:45:23.149+0000] {processor.py:161} INFO - Started process (PID=722) to work on /opt/airflow/dags/api_to_db_dag_events.py
[2025-06-06T00:45:23.151+0000] {processor.py:830} INFO - Processing file /opt/airflow/dags/api_to_db_dag_events.py for tasks to queue
[2025-06-06T00:45:23.153+0000] {logging_mixin.py:188} INFO - [2025-06-06T00:45:23.152+0000] {dagbag.py:538} INFO - Filling up the DagBag from /opt/airflow/dags/api_to_db_dag_events.py
[2025-06-06T00:45:23.197+0000] {processor.py:840} INFO - DAG(s) 'events_ingestion' retrieved from /opt/airflow/dags/api_to_db_dag_events.py
[2025-06-06T00:45:23.239+0000] {logging_mixin.py:188} INFO - [2025-06-06T00:45:23.238+0000] {dag.py:3036} INFO - Sync 1 DAGs
[2025-06-06T00:45:23.274+0000] {logging_mixin.py:188} INFO - [2025-06-06T00:45:23.274+0000] {dag.py:3823} INFO - Setting next_dagrun for events_ingestion to 2025-06-06 00:30:00+00:00, run_after=2025-06-06 01:00:00+00:00
[2025-06-06T00:45:23.312+0000] {processor.py:183} INFO - Processing /opt/airflow/dags/api_to_db_dag_events.py took 0.167 seconds
[2025-06-06T00:45:53.941+0000] {processor.py:161} INFO - Started process (PID=752) to work on /opt/airflow/dags/api_to_db_dag_events.py
[2025-06-06T00:45:53.942+0000] {processor.py:830} INFO - Processing file /opt/airflow/dags/api_to_db_dag_events.py for tasks to queue
[2025-06-06T00:45:53.943+0000] {logging_mixin.py:188} INFO - [2025-06-06T00:45:53.943+0000] {dagbag.py:538} INFO - Filling up the DagBag from /opt/airflow/dags/api_to_db_dag_events.py
[2025-06-06T00:45:53.977+0000] {processor.py:840} INFO - DAG(s) 'events_ingestion' retrieved from /opt/airflow/dags/api_to_db_dag_events.py
[2025-06-06T00:45:54.015+0000] {logging_mixin.py:188} INFO - [2025-06-06T00:45:54.015+0000] {dag.py:3036} INFO - Sync 1 DAGs
[2025-06-06T00:45:54.053+0000] {logging_mixin.py:188} INFO - [2025-06-06T00:45:54.053+0000] {dag.py:3823} INFO - Setting next_dagrun for events_ingestion to 2025-06-06 00:30:00+00:00, run_after=2025-06-06 01:00:00+00:00
[2025-06-06T00:45:54.088+0000] {processor.py:183} INFO - Processing /opt/airflow/dags/api_to_db_dag_events.py took 0.151 seconds
[2025-06-06T00:46:24.979+0000] {processor.py:161} INFO - Started process (PID=782) to work on /opt/airflow/dags/api_to_db_dag_events.py
[2025-06-06T00:46:24.980+0000] {processor.py:830} INFO - Processing file /opt/airflow/dags/api_to_db_dag_events.py for tasks to queue
[2025-06-06T00:46:24.981+0000] {logging_mixin.py:188} INFO - [2025-06-06T00:46:24.981+0000] {dagbag.py:538} INFO - Filling up the DagBag from /opt/airflow/dags/api_to_db_dag_events.py
[2025-06-06T00:46:25.002+0000] {processor.py:840} INFO - DAG(s) 'events_ingestion' retrieved from /opt/airflow/dags/api_to_db_dag_events.py
[2025-06-06T00:46:25.026+0000] {logging_mixin.py:188} INFO - [2025-06-06T00:46:25.026+0000] {dag.py:3036} INFO - Sync 1 DAGs
[2025-06-06T00:46:25.050+0000] {logging_mixin.py:188} INFO - [2025-06-06T00:46:25.050+0000] {dag.py:3823} INFO - Setting next_dagrun for events_ingestion to 2025-06-06 00:30:00+00:00, run_after=2025-06-06 01:00:00+00:00
[2025-06-06T00:46:25.078+0000] {processor.py:183} INFO - Processing /opt/airflow/dags/api_to_db_dag_events.py took 0.101 seconds
[2025-06-06T00:46:55.747+0000] {processor.py:161} INFO - Started process (PID=812) to work on /opt/airflow/dags/api_to_db_dag_events.py
[2025-06-06T00:46:55.748+0000] {processor.py:830} INFO - Processing file /opt/airflow/dags/api_to_db_dag_events.py for tasks to queue
[2025-06-06T00:46:55.749+0000] {logging_mixin.py:188} INFO - [2025-06-06T00:46:55.749+0000] {dagbag.py:538} INFO - Filling up the DagBag from /opt/airflow/dags/api_to_db_dag_events.py
[2025-06-06T00:46:55.770+0000] {processor.py:840} INFO - DAG(s) 'events_ingestion' retrieved from /opt/airflow/dags/api_to_db_dag_events.py
[2025-06-06T00:46:55.794+0000] {logging_mixin.py:188} INFO - [2025-06-06T00:46:55.794+0000] {dag.py:3036} INFO - Sync 1 DAGs
[2025-06-06T00:46:55.818+0000] {logging_mixin.py:188} INFO - [2025-06-06T00:46:55.818+0000] {dag.py:3823} INFO - Setting next_dagrun for events_ingestion to 2025-06-06 00:30:00+00:00, run_after=2025-06-06 01:00:00+00:00
[2025-06-06T00:46:55.842+0000] {processor.py:183} INFO - Processing /opt/airflow/dags/api_to_db_dag_events.py took 0.098 seconds
[2025-06-06T00:47:26.404+0000] {processor.py:161} INFO - Started process (PID=842) to work on /opt/airflow/dags/api_to_db_dag_events.py
[2025-06-06T00:47:26.405+0000] {processor.py:830} INFO - Processing file /opt/airflow/dags/api_to_db_dag_events.py for tasks to queue
[2025-06-06T00:47:26.406+0000] {logging_mixin.py:188} INFO - [2025-06-06T00:47:26.406+0000] {dagbag.py:538} INFO - Filling up the DagBag from /opt/airflow/dags/api_to_db_dag_events.py
[2025-06-06T00:47:26.430+0000] {processor.py:840} INFO - DAG(s) 'events_ingestion' retrieved from /opt/airflow/dags/api_to_db_dag_events.py
[2025-06-06T00:47:26.455+0000] {logging_mixin.py:188} INFO - [2025-06-06T00:47:26.455+0000] {dag.py:3036} INFO - Sync 1 DAGs
[2025-06-06T00:47:26.479+0000] {logging_mixin.py:188} INFO - [2025-06-06T00:47:26.479+0000] {dag.py:3823} INFO - Setting next_dagrun for events_ingestion to 2025-06-06 00:30:00+00:00, run_after=2025-06-06 01:00:00+00:00
[2025-06-06T00:47:26.505+0000] {processor.py:183} INFO - Processing /opt/airflow/dags/api_to_db_dag_events.py took 0.104 seconds
[2025-06-06T00:47:57.186+0000] {processor.py:161} INFO - Started process (PID=872) to work on /opt/airflow/dags/api_to_db_dag_events.py
[2025-06-06T00:47:57.188+0000] {processor.py:830} INFO - Processing file /opt/airflow/dags/api_to_db_dag_events.py for tasks to queue
[2025-06-06T00:47:57.188+0000] {logging_mixin.py:188} INFO - [2025-06-06T00:47:57.188+0000] {dagbag.py:538} INFO - Filling up the DagBag from /opt/airflow/dags/api_to_db_dag_events.py
[2025-06-06T00:47:57.210+0000] {processor.py:840} INFO - DAG(s) 'events_ingestion' retrieved from /opt/airflow/dags/api_to_db_dag_events.py
[2025-06-06T00:47:57.235+0000] {logging_mixin.py:188} INFO - [2025-06-06T00:47:57.235+0000] {dag.py:3036} INFO - Sync 1 DAGs
[2025-06-06T00:47:57.258+0000] {logging_mixin.py:188} INFO - [2025-06-06T00:47:57.258+0000] {dag.py:3823} INFO - Setting next_dagrun for events_ingestion to 2025-06-06 00:30:00+00:00, run_after=2025-06-06 01:00:00+00:00
[2025-06-06T00:47:57.285+0000] {processor.py:183} INFO - Processing /opt/airflow/dags/api_to_db_dag_events.py took 0.101 seconds
[2025-06-06T00:48:27.927+0000] {processor.py:161} INFO - Started process (PID=902) to work on /opt/airflow/dags/api_to_db_dag_events.py
[2025-06-06T00:48:27.928+0000] {processor.py:830} INFO - Processing file /opt/airflow/dags/api_to_db_dag_events.py for tasks to queue
[2025-06-06T00:48:27.929+0000] {logging_mixin.py:188} INFO - [2025-06-06T00:48:27.928+0000] {dagbag.py:538} INFO - Filling up the DagBag from /opt/airflow/dags/api_to_db_dag_events.py
[2025-06-06T00:48:27.951+0000] {processor.py:840} INFO - DAG(s) 'events_ingestion' retrieved from /opt/airflow/dags/api_to_db_dag_events.py
[2025-06-06T00:48:27.976+0000] {logging_mixin.py:188} INFO - [2025-06-06T00:48:27.975+0000] {dag.py:3036} INFO - Sync 1 DAGs
[2025-06-06T00:48:27.997+0000] {logging_mixin.py:188} INFO - [2025-06-06T00:48:27.997+0000] {dag.py:3823} INFO - Setting next_dagrun for events_ingestion to 2025-06-06 00:30:00+00:00, run_after=2025-06-06 01:00:00+00:00
[2025-06-06T00:48:28.023+0000] {processor.py:183} INFO - Processing /opt/airflow/dags/api_to_db_dag_events.py took 0.099 seconds
[2025-06-06T00:48:58.666+0000] {processor.py:161} INFO - Started process (PID=932) to work on /opt/airflow/dags/api_to_db_dag_events.py
[2025-06-06T00:48:58.667+0000] {processor.py:830} INFO - Processing file /opt/airflow/dags/api_to_db_dag_events.py for tasks to queue
[2025-06-06T00:48:58.668+0000] {logging_mixin.py:188} INFO - [2025-06-06T00:48:58.667+0000] {dagbag.py:538} INFO - Filling up the DagBag from /opt/airflow/dags/api_to_db_dag_events.py
[2025-06-06T00:48:58.690+0000] {processor.py:840} INFO - DAG(s) 'events_ingestion' retrieved from /opt/airflow/dags/api_to_db_dag_events.py
[2025-06-06T00:48:58.715+0000] {logging_mixin.py:188} INFO - [2025-06-06T00:48:58.715+0000] {dag.py:3036} INFO - Sync 1 DAGs
[2025-06-06T00:48:58.737+0000] {logging_mixin.py:188} INFO - [2025-06-06T00:48:58.737+0000] {dag.py:3823} INFO - Setting next_dagrun for events_ingestion to 2025-06-06 00:30:00+00:00, run_after=2025-06-06 01:00:00+00:00
[2025-06-06T00:48:58.770+0000] {processor.py:183} INFO - Processing /opt/airflow/dags/api_to_db_dag_events.py took 0.107 seconds
[2025-06-06T00:49:29.409+0000] {processor.py:161} INFO - Started process (PID=962) to work on /opt/airflow/dags/api_to_db_dag_events.py
[2025-06-06T00:49:29.410+0000] {processor.py:830} INFO - Processing file /opt/airflow/dags/api_to_db_dag_events.py for tasks to queue
[2025-06-06T00:49:29.411+0000] {logging_mixin.py:188} INFO - [2025-06-06T00:49:29.411+0000] {dagbag.py:538} INFO - Filling up the DagBag from /opt/airflow/dags/api_to_db_dag_events.py
[2025-06-06T00:49:29.433+0000] {processor.py:840} INFO - DAG(s) 'events_ingestion' retrieved from /opt/airflow/dags/api_to_db_dag_events.py
[2025-06-06T00:49:29.458+0000] {logging_mixin.py:188} INFO - [2025-06-06T00:49:29.458+0000] {dag.py:3036} INFO - Sync 1 DAGs
[2025-06-06T00:49:29.483+0000] {logging_mixin.py:188} INFO - [2025-06-06T00:49:29.482+0000] {dag.py:3823} INFO - Setting next_dagrun for events_ingestion to 2025-06-06 00:30:00+00:00, run_after=2025-06-06 01:00:00+00:00
[2025-06-06T00:49:29.508+0000] {processor.py:183} INFO - Processing /opt/airflow/dags/api_to_db_dag_events.py took 0.102 seconds
[2025-06-06T00:50:00.079+0000] {processor.py:161} INFO - Started process (PID=992) to work on /opt/airflow/dags/api_to_db_dag_events.py
[2025-06-06T00:50:00.080+0000] {processor.py:830} INFO - Processing file /opt/airflow/dags/api_to_db_dag_events.py for tasks to queue
[2025-06-06T00:50:00.081+0000] {logging_mixin.py:188} INFO - [2025-06-06T00:50:00.080+0000] {dagbag.py:538} INFO - Filling up the DagBag from /opt/airflow/dags/api_to_db_dag_events.py
[2025-06-06T00:50:00.102+0000] {processor.py:840} INFO - DAG(s) 'events_ingestion' retrieved from /opt/airflow/dags/api_to_db_dag_events.py
[2025-06-06T00:50:00.128+0000] {logging_mixin.py:188} INFO - [2025-06-06T00:50:00.128+0000] {dag.py:3036} INFO - Sync 1 DAGs
[2025-06-06T00:50:00.150+0000] {logging_mixin.py:188} INFO - [2025-06-06T00:50:00.149+0000] {dag.py:3823} INFO - Setting next_dagrun for events_ingestion to 2025-06-06 00:30:00+00:00, run_after=2025-06-06 01:00:00+00:00
[2025-06-06T00:50:00.174+0000] {processor.py:183} INFO - Processing /opt/airflow/dags/api_to_db_dag_events.py took 0.098 seconds
[2025-06-06T00:50:30.860+0000] {processor.py:161} INFO - Started process (PID=1022) to work on /opt/airflow/dags/api_to_db_dag_events.py
[2025-06-06T00:50:30.861+0000] {processor.py:830} INFO - Processing file /opt/airflow/dags/api_to_db_dag_events.py for tasks to queue
[2025-06-06T00:50:30.862+0000] {logging_mixin.py:188} INFO - [2025-06-06T00:50:30.862+0000] {dagbag.py:538} INFO - Filling up the DagBag from /opt/airflow/dags/api_to_db_dag_events.py
[2025-06-06T00:50:30.884+0000] {processor.py:840} INFO - DAG(s) 'events_ingestion' retrieved from /opt/airflow/dags/api_to_db_dag_events.py
[2025-06-06T00:50:30.906+0000] {logging_mixin.py:188} INFO - [2025-06-06T00:50:30.905+0000] {dag.py:3036} INFO - Sync 1 DAGs
[2025-06-06T00:50:30.927+0000] {logging_mixin.py:188} INFO - [2025-06-06T00:50:30.927+0000] {dag.py:3823} INFO - Setting next_dagrun for events_ingestion to 2025-06-06 00:30:00+00:00, run_after=2025-06-06 01:00:00+00:00
[2025-06-06T00:50:30.954+0000] {processor.py:183} INFO - Processing /opt/airflow/dags/api_to_db_dag_events.py took 0.096 seconds
