[2025-06-06T00:36:09.855+0000] {processor.py:161} INFO - Started process (PID=197) to work on /opt/airflow/dags/post_challenges_etl_dag.py
[2025-06-06T00:36:09.858+0000] {processor.py:830} INFO - Processing file /opt/airflow/dags/post_challenges_etl_dag.py for tasks to queue
[2025-06-06T00:36:09.860+0000] {logging_mixin.py:188} INFO - [2025-06-06T00:36:09.859+0000] {dagbag.py:538} INFO - Filling up the DagBag from /opt/airflow/dags/post_challenges_etl_dag.py
[2025-06-06T00:36:09.931+0000] {processor.py:840} INFO - DAG(s) 'post_challenges_etl' retrieved from /opt/airflow/dags/post_challenges_etl_dag.py
[2025-06-06T00:36:10.193+0000] {logging_mixin.py:188} INFO - [2025-06-06T00:36:10.193+0000] {dag.py:3036} INFO - Sync 1 DAGs
[2025-06-06T00:36:10.247+0000] {logging_mixin.py:188} INFO - [2025-06-06T00:36:10.247+0000] {dag.py:3823} INFO - Setting next_dagrun for post_challenges_etl to 2025-06-06 00:30:00+00:00, run_after=2025-06-06 01:00:00+00:00
[2025-06-06T00:36:10.309+0000] {processor.py:183} INFO - Processing /opt/airflow/dags/post_challenges_etl_dag.py took 0.465 seconds
[2025-06-06T00:36:41.120+0000] {processor.py:161} INFO - Started process (PID=229) to work on /opt/airflow/dags/post_challenges_etl_dag.py
[2025-06-06T00:36:41.121+0000] {processor.py:830} INFO - Processing file /opt/airflow/dags/post_challenges_etl_dag.py for tasks to queue
[2025-06-06T00:36:41.122+0000] {logging_mixin.py:188} INFO - [2025-06-06T00:36:41.122+0000] {dagbag.py:538} INFO - Filling up the DagBag from /opt/airflow/dags/post_challenges_etl_dag.py
[2025-06-06T00:36:41.141+0000] {processor.py:840} INFO - DAG(s) 'post_challenges_etl' retrieved from /opt/airflow/dags/post_challenges_etl_dag.py
[2025-06-06T00:36:41.163+0000] {logging_mixin.py:188} INFO - [2025-06-06T00:36:41.163+0000] {dag.py:3036} INFO - Sync 1 DAGs
[2025-06-06T00:36:41.186+0000] {logging_mixin.py:188} INFO - [2025-06-06T00:36:41.185+0000] {dag.py:3823} INFO - Setting next_dagrun for post_challenges_etl to 2025-06-06 00:30:00+00:00, run_after=2025-06-06 01:00:00+00:00
[2025-06-06T00:36:41.213+0000] {processor.py:183} INFO - Processing /opt/airflow/dags/post_challenges_etl_dag.py took 0.096 seconds
[2025-06-06T00:37:12.028+0000] {processor.py:161} INFO - Started process (PID=259) to work on /opt/airflow/dags/post_challenges_etl_dag.py
[2025-06-06T00:37:12.029+0000] {processor.py:830} INFO - Processing file /opt/airflow/dags/post_challenges_etl_dag.py for tasks to queue
[2025-06-06T00:37:12.030+0000] {logging_mixin.py:188} INFO - [2025-06-06T00:37:12.030+0000] {dagbag.py:538} INFO - Filling up the DagBag from /opt/airflow/dags/post_challenges_etl_dag.py
[2025-06-06T00:37:12.050+0000] {processor.py:840} INFO - DAG(s) 'post_challenges_etl' retrieved from /opt/airflow/dags/post_challenges_etl_dag.py
[2025-06-06T00:37:12.072+0000] {logging_mixin.py:188} INFO - [2025-06-06T00:37:12.072+0000] {dag.py:3036} INFO - Sync 1 DAGs
[2025-06-06T00:37:12.099+0000] {logging_mixin.py:188} INFO - [2025-06-06T00:37:12.099+0000] {dag.py:3823} INFO - Setting next_dagrun for post_challenges_etl to 2025-06-06 00:30:00+00:00, run_after=2025-06-06 01:00:00+00:00
[2025-06-06T00:37:12.128+0000] {processor.py:183} INFO - Processing /opt/airflow/dags/post_challenges_etl_dag.py took 0.103 seconds
[2025-06-06T00:37:42.785+0000] {processor.py:161} INFO - Started process (PID=289) to work on /opt/airflow/dags/post_challenges_etl_dag.py
[2025-06-06T00:37:42.786+0000] {processor.py:830} INFO - Processing file /opt/airflow/dags/post_challenges_etl_dag.py for tasks to queue
[2025-06-06T00:37:42.787+0000] {logging_mixin.py:188} INFO - [2025-06-06T00:37:42.787+0000] {dagbag.py:538} INFO - Filling up the DagBag from /opt/airflow/dags/post_challenges_etl_dag.py
[2025-06-06T00:37:42.804+0000] {processor.py:840} INFO - DAG(s) 'post_challenges_etl' retrieved from /opt/airflow/dags/post_challenges_etl_dag.py
[2025-06-06T00:37:42.825+0000] {logging_mixin.py:188} INFO - [2025-06-06T00:37:42.825+0000] {dag.py:3036} INFO - Sync 1 DAGs
[2025-06-06T00:37:42.848+0000] {logging_mixin.py:188} INFO - [2025-06-06T00:37:42.848+0000] {dag.py:3823} INFO - Setting next_dagrun for post_challenges_etl to 2025-06-06 00:30:00+00:00, run_after=2025-06-06 01:00:00+00:00
[2025-06-06T00:37:42.876+0000] {processor.py:183} INFO - Processing /opt/airflow/dags/post_challenges_etl_dag.py took 0.094 seconds
[2025-06-06T00:38:13.603+0000] {processor.py:161} INFO - Started process (PID=319) to work on /opt/airflow/dags/post_challenges_etl_dag.py
[2025-06-06T00:38:13.604+0000] {processor.py:830} INFO - Processing file /opt/airflow/dags/post_challenges_etl_dag.py for tasks to queue
[2025-06-06T00:38:13.605+0000] {logging_mixin.py:188} INFO - [2025-06-06T00:38:13.605+0000] {dagbag.py:538} INFO - Filling up the DagBag from /opt/airflow/dags/post_challenges_etl_dag.py
[2025-06-06T00:38:13.626+0000] {processor.py:840} INFO - DAG(s) 'post_challenges_etl' retrieved from /opt/airflow/dags/post_challenges_etl_dag.py
[2025-06-06T00:38:13.650+0000] {logging_mixin.py:188} INFO - [2025-06-06T00:38:13.650+0000] {dag.py:3036} INFO - Sync 1 DAGs
[2025-06-06T00:38:13.674+0000] {logging_mixin.py:188} INFO - [2025-06-06T00:38:13.674+0000] {dag.py:3823} INFO - Setting next_dagrun for post_challenges_etl to 2025-06-06 00:30:00+00:00, run_after=2025-06-06 01:00:00+00:00
[2025-06-06T00:38:13.702+0000] {processor.py:183} INFO - Processing /opt/airflow/dags/post_challenges_etl_dag.py took 0.102 seconds
[2025-06-06T00:38:44.383+0000] {processor.py:161} INFO - Started process (PID=349) to work on /opt/airflow/dags/post_challenges_etl_dag.py
[2025-06-06T00:38:44.384+0000] {processor.py:830} INFO - Processing file /opt/airflow/dags/post_challenges_etl_dag.py for tasks to queue
[2025-06-06T00:38:44.386+0000] {logging_mixin.py:188} INFO - [2025-06-06T00:38:44.385+0000] {dagbag.py:538} INFO - Filling up the DagBag from /opt/airflow/dags/post_challenges_etl_dag.py
[2025-06-06T00:38:44.404+0000] {processor.py:840} INFO - DAG(s) 'post_challenges_etl' retrieved from /opt/airflow/dags/post_challenges_etl_dag.py
[2025-06-06T00:38:44.426+0000] {logging_mixin.py:188} INFO - [2025-06-06T00:38:44.425+0000] {dag.py:3036} INFO - Sync 1 DAGs
[2025-06-06T00:38:44.448+0000] {logging_mixin.py:188} INFO - [2025-06-06T00:38:44.448+0000] {dag.py:3823} INFO - Setting next_dagrun for post_challenges_etl to 2025-06-06 00:30:00+00:00, run_after=2025-06-06 01:00:00+00:00
[2025-06-06T00:38:44.475+0000] {processor.py:183} INFO - Processing /opt/airflow/dags/post_challenges_etl_dag.py took 0.096 seconds
[2025-06-06T00:39:15.175+0000] {processor.py:161} INFO - Started process (PID=379) to work on /opt/airflow/dags/post_challenges_etl_dag.py
[2025-06-06T00:39:15.176+0000] {processor.py:830} INFO - Processing file /opt/airflow/dags/post_challenges_etl_dag.py for tasks to queue
[2025-06-06T00:39:15.177+0000] {logging_mixin.py:188} INFO - [2025-06-06T00:39:15.177+0000] {dagbag.py:538} INFO - Filling up the DagBag from /opt/airflow/dags/post_challenges_etl_dag.py
[2025-06-06T00:39:15.212+0000] {processor.py:840} INFO - DAG(s) 'post_challenges_etl' retrieved from /opt/airflow/dags/post_challenges_etl_dag.py
[2025-06-06T00:39:15.237+0000] {logging_mixin.py:188} INFO - [2025-06-06T00:39:15.237+0000] {dag.py:3036} INFO - Sync 1 DAGs
[2025-06-06T00:39:15.265+0000] {logging_mixin.py:188} INFO - [2025-06-06T00:39:15.265+0000] {dag.py:3823} INFO - Setting next_dagrun for post_challenges_etl to 2025-06-06 00:30:00+00:00, run_after=2025-06-06 01:00:00+00:00
[2025-06-06T00:39:15.291+0000] {processor.py:183} INFO - Processing /opt/airflow/dags/post_challenges_etl_dag.py took 0.120 seconds
[2025-06-06T00:39:45.902+0000] {processor.py:161} INFO - Started process (PID=409) to work on /opt/airflow/dags/post_challenges_etl_dag.py
[2025-06-06T00:39:45.903+0000] {processor.py:830} INFO - Processing file /opt/airflow/dags/post_challenges_etl_dag.py for tasks to queue
[2025-06-06T00:39:45.904+0000] {logging_mixin.py:188} INFO - [2025-06-06T00:39:45.904+0000] {dagbag.py:538} INFO - Filling up the DagBag from /opt/airflow/dags/post_challenges_etl_dag.py
[2025-06-06T00:39:45.922+0000] {processor.py:840} INFO - DAG(s) 'post_challenges_etl' retrieved from /opt/airflow/dags/post_challenges_etl_dag.py
[2025-06-06T00:39:45.943+0000] {logging_mixin.py:188} INFO - [2025-06-06T00:39:45.943+0000] {dag.py:3036} INFO - Sync 1 DAGs
[2025-06-06T00:39:45.965+0000] {logging_mixin.py:188} INFO - [2025-06-06T00:39:45.965+0000] {dag.py:3823} INFO - Setting next_dagrun for post_challenges_etl to 2025-06-06 00:30:00+00:00, run_after=2025-06-06 01:00:00+00:00
[2025-06-06T00:39:45.992+0000] {processor.py:183} INFO - Processing /opt/airflow/dags/post_challenges_etl_dag.py took 0.093 seconds
[2025-06-06T00:40:16.741+0000] {processor.py:161} INFO - Started process (PID=439) to work on /opt/airflow/dags/post_challenges_etl_dag.py
[2025-06-06T00:40:16.742+0000] {processor.py:830} INFO - Processing file /opt/airflow/dags/post_challenges_etl_dag.py for tasks to queue
[2025-06-06T00:40:16.743+0000] {logging_mixin.py:188} INFO - [2025-06-06T00:40:16.743+0000] {dagbag.py:538} INFO - Filling up the DagBag from /opt/airflow/dags/post_challenges_etl_dag.py
[2025-06-06T00:40:16.761+0000] {processor.py:840} INFO - DAG(s) 'post_challenges_etl' retrieved from /opt/airflow/dags/post_challenges_etl_dag.py
[2025-06-06T00:40:16.782+0000] {logging_mixin.py:188} INFO - [2025-06-06T00:40:16.782+0000] {dag.py:3036} INFO - Sync 1 DAGs
[2025-06-06T00:40:16.805+0000] {logging_mixin.py:188} INFO - [2025-06-06T00:40:16.804+0000] {dag.py:3823} INFO - Setting next_dagrun for post_challenges_etl to 2025-06-06 00:30:00+00:00, run_after=2025-06-06 01:00:00+00:00
[2025-06-06T00:40:16.832+0000] {processor.py:183} INFO - Processing /opt/airflow/dags/post_challenges_etl_dag.py took 0.093 seconds
[2025-06-06T00:40:47.652+0000] {processor.py:161} INFO - Started process (PID=469) to work on /opt/airflow/dags/post_challenges_etl_dag.py
[2025-06-06T00:40:47.654+0000] {processor.py:830} INFO - Processing file /opt/airflow/dags/post_challenges_etl_dag.py for tasks to queue
[2025-06-06T00:40:47.655+0000] {logging_mixin.py:188} INFO - [2025-06-06T00:40:47.654+0000] {dagbag.py:538} INFO - Filling up the DagBag from /opt/airflow/dags/post_challenges_etl_dag.py
[2025-06-06T00:40:47.678+0000] {processor.py:840} INFO - DAG(s) 'post_challenges_etl' retrieved from /opt/airflow/dags/post_challenges_etl_dag.py
[2025-06-06T00:40:47.704+0000] {logging_mixin.py:188} INFO - [2025-06-06T00:40:47.704+0000] {dag.py:3036} INFO - Sync 1 DAGs
[2025-06-06T00:40:47.729+0000] {logging_mixin.py:188} INFO - [2025-06-06T00:40:47.729+0000] {dag.py:3823} INFO - Setting next_dagrun for post_challenges_etl to 2025-06-06 00:30:00+00:00, run_after=2025-06-06 01:00:00+00:00
[2025-06-06T00:40:47.758+0000] {processor.py:183} INFO - Processing /opt/airflow/dags/post_challenges_etl_dag.py took 0.108 seconds
[2025-06-06T00:41:18.590+0000] {processor.py:161} INFO - Started process (PID=499) to work on /opt/airflow/dags/post_challenges_etl_dag.py
[2025-06-06T00:41:18.591+0000] {processor.py:830} INFO - Processing file /opt/airflow/dags/post_challenges_etl_dag.py for tasks to queue
[2025-06-06T00:41:18.593+0000] {logging_mixin.py:188} INFO - [2025-06-06T00:41:18.592+0000] {dagbag.py:538} INFO - Filling up the DagBag from /opt/airflow/dags/post_challenges_etl_dag.py
[2025-06-06T00:41:18.629+0000] {processor.py:840} INFO - DAG(s) 'post_challenges_etl' retrieved from /opt/airflow/dags/post_challenges_etl_dag.py
[2025-06-06T00:41:18.666+0000] {logging_mixin.py:188} INFO - [2025-06-06T00:41:18.666+0000] {dag.py:3036} INFO - Sync 1 DAGs
[2025-06-06T00:41:18.707+0000] {logging_mixin.py:188} INFO - [2025-06-06T00:41:18.706+0000] {dag.py:3823} INFO - Setting next_dagrun for post_challenges_etl to 2025-06-06 00:30:00+00:00, run_after=2025-06-06 01:00:00+00:00
[2025-06-06T00:41:18.751+0000] {processor.py:183} INFO - Processing /opt/airflow/dags/post_challenges_etl_dag.py took 0.167 seconds
[2025-06-06T00:41:49.322+0000] {processor.py:161} INFO - Started process (PID=529) to work on /opt/airflow/dags/post_challenges_etl_dag.py
[2025-06-06T00:41:49.323+0000] {processor.py:830} INFO - Processing file /opt/airflow/dags/post_challenges_etl_dag.py for tasks to queue
[2025-06-06T00:41:49.325+0000] {logging_mixin.py:188} INFO - [2025-06-06T00:41:49.324+0000] {dagbag.py:538} INFO - Filling up the DagBag from /opt/airflow/dags/post_challenges_etl_dag.py
[2025-06-06T00:41:49.351+0000] {processor.py:840} INFO - DAG(s) 'post_challenges_etl' retrieved from /opt/airflow/dags/post_challenges_etl_dag.py
[2025-06-06T00:41:49.379+0000] {logging_mixin.py:188} INFO - [2025-06-06T00:41:49.379+0000] {dag.py:3036} INFO - Sync 1 DAGs
[2025-06-06T00:41:49.409+0000] {logging_mixin.py:188} INFO - [2025-06-06T00:41:49.409+0000] {dag.py:3823} INFO - Setting next_dagrun for post_challenges_etl to 2025-06-06 00:30:00+00:00, run_after=2025-06-06 01:00:00+00:00
[2025-06-06T00:41:49.446+0000] {processor.py:183} INFO - Processing /opt/airflow/dags/post_challenges_etl_dag.py took 0.128 seconds
[2025-06-06T00:42:20.228+0000] {processor.py:161} INFO - Started process (PID=559) to work on /opt/airflow/dags/post_challenges_etl_dag.py
[2025-06-06T00:42:20.229+0000] {processor.py:830} INFO - Processing file /opt/airflow/dags/post_challenges_etl_dag.py for tasks to queue
[2025-06-06T00:42:20.231+0000] {logging_mixin.py:188} INFO - [2025-06-06T00:42:20.230+0000] {dagbag.py:538} INFO - Filling up the DagBag from /opt/airflow/dags/post_challenges_etl_dag.py
[2025-06-06T00:42:20.263+0000] {processor.py:840} INFO - DAG(s) 'post_challenges_etl' retrieved from /opt/airflow/dags/post_challenges_etl_dag.py
[2025-06-06T00:42:20.298+0000] {logging_mixin.py:188} INFO - [2025-06-06T00:42:20.298+0000] {dag.py:3036} INFO - Sync 1 DAGs
[2025-06-06T00:42:20.335+0000] {logging_mixin.py:188} INFO - [2025-06-06T00:42:20.335+0000] {dag.py:3823} INFO - Setting next_dagrun for post_challenges_etl to 2025-06-06 00:30:00+00:00, run_after=2025-06-06 01:00:00+00:00
[2025-06-06T00:42:20.377+0000] {processor.py:183} INFO - Processing /opt/airflow/dags/post_challenges_etl_dag.py took 0.152 seconds
[2025-06-06T00:42:50.982+0000] {processor.py:161} INFO - Started process (PID=589) to work on /opt/airflow/dags/post_challenges_etl_dag.py
[2025-06-06T00:42:50.984+0000] {processor.py:830} INFO - Processing file /opt/airflow/dags/post_challenges_etl_dag.py for tasks to queue
[2025-06-06T00:42:50.985+0000] {logging_mixin.py:188} INFO - [2025-06-06T00:42:50.985+0000] {dagbag.py:538} INFO - Filling up the DagBag from /opt/airflow/dags/post_challenges_etl_dag.py
[2025-06-06T00:42:51.016+0000] {processor.py:840} INFO - DAG(s) 'post_challenges_etl' retrieved from /opt/airflow/dags/post_challenges_etl_dag.py
[2025-06-06T00:42:51.047+0000] {logging_mixin.py:188} INFO - [2025-06-06T00:42:51.047+0000] {dag.py:3036} INFO - Sync 1 DAGs
[2025-06-06T00:42:51.084+0000] {logging_mixin.py:188} INFO - [2025-06-06T00:42:51.083+0000] {dag.py:3823} INFO - Setting next_dagrun for post_challenges_etl to 2025-06-06 00:30:00+00:00, run_after=2025-06-06 01:00:00+00:00
[2025-06-06T00:42:51.122+0000] {processor.py:183} INFO - Processing /opt/airflow/dags/post_challenges_etl_dag.py took 0.144 seconds
[2025-06-06T00:43:21.828+0000] {processor.py:161} INFO - Started process (PID=619) to work on /opt/airflow/dags/post_challenges_etl_dag.py
[2025-06-06T00:43:21.829+0000] {processor.py:830} INFO - Processing file /opt/airflow/dags/post_challenges_etl_dag.py for tasks to queue
[2025-06-06T00:43:21.831+0000] {logging_mixin.py:188} INFO - [2025-06-06T00:43:21.830+0000] {dagbag.py:538} INFO - Filling up the DagBag from /opt/airflow/dags/post_challenges_etl_dag.py
[2025-06-06T00:43:21.859+0000] {processor.py:840} INFO - DAG(s) 'post_challenges_etl' retrieved from /opt/airflow/dags/post_challenges_etl_dag.py
[2025-06-06T00:43:21.892+0000] {logging_mixin.py:188} INFO - [2025-06-06T00:43:21.892+0000] {dag.py:3036} INFO - Sync 1 DAGs
[2025-06-06T00:43:21.931+0000] {logging_mixin.py:188} INFO - [2025-06-06T00:43:21.931+0000] {dag.py:3823} INFO - Setting next_dagrun for post_challenges_etl to 2025-06-06 00:30:00+00:00, run_after=2025-06-06 01:00:00+00:00
[2025-06-06T00:43:21.970+0000] {processor.py:183} INFO - Processing /opt/airflow/dags/post_challenges_etl_dag.py took 0.147 seconds
[2025-06-06T00:43:52.880+0000] {processor.py:161} INFO - Started process (PID=649) to work on /opt/airflow/dags/post_challenges_etl_dag.py
[2025-06-06T00:43:52.884+0000] {processor.py:830} INFO - Processing file /opt/airflow/dags/post_challenges_etl_dag.py for tasks to queue
[2025-06-06T00:43:52.886+0000] {logging_mixin.py:188} INFO - [2025-06-06T00:43:52.885+0000] {dagbag.py:538} INFO - Filling up the DagBag from /opt/airflow/dags/post_challenges_etl_dag.py
[2025-06-06T00:43:52.940+0000] {processor.py:840} INFO - DAG(s) 'post_challenges_etl' retrieved from /opt/airflow/dags/post_challenges_etl_dag.py
[2025-06-06T00:43:52.985+0000] {logging_mixin.py:188} INFO - [2025-06-06T00:43:52.985+0000] {dag.py:3036} INFO - Sync 1 DAGs
[2025-06-06T00:43:53.033+0000] {logging_mixin.py:188} INFO - [2025-06-06T00:43:53.032+0000] {dag.py:3823} INFO - Setting next_dagrun for post_challenges_etl to 2025-06-06 00:30:00+00:00, run_after=2025-06-06 01:00:00+00:00
[2025-06-06T00:43:53.085+0000] {processor.py:183} INFO - Processing /opt/airflow/dags/post_challenges_etl_dag.py took 0.220 seconds
[2025-06-06T00:44:23.643+0000] {processor.py:161} INFO - Started process (PID=679) to work on /opt/airflow/dags/post_challenges_etl_dag.py
[2025-06-06T00:44:23.644+0000] {processor.py:830} INFO - Processing file /opt/airflow/dags/post_challenges_etl_dag.py for tasks to queue
[2025-06-06T00:44:23.646+0000] {logging_mixin.py:188} INFO - [2025-06-06T00:44:23.645+0000] {dagbag.py:538} INFO - Filling up the DagBag from /opt/airflow/dags/post_challenges_etl_dag.py
[2025-06-06T00:44:23.679+0000] {processor.py:840} INFO - DAG(s) 'post_challenges_etl' retrieved from /opt/airflow/dags/post_challenges_etl_dag.py
[2025-06-06T00:44:23.710+0000] {logging_mixin.py:188} INFO - [2025-06-06T00:44:23.709+0000] {dag.py:3036} INFO - Sync 1 DAGs
[2025-06-06T00:44:23.741+0000] {logging_mixin.py:188} INFO - [2025-06-06T00:44:23.741+0000] {dag.py:3823} INFO - Setting next_dagrun for post_challenges_etl to 2025-06-06 00:30:00+00:00, run_after=2025-06-06 01:00:00+00:00
[2025-06-06T00:44:23.779+0000] {processor.py:183} INFO - Processing /opt/airflow/dags/post_challenges_etl_dag.py took 0.141 seconds
[2025-06-06T00:44:54.458+0000] {processor.py:161} INFO - Started process (PID=709) to work on /opt/airflow/dags/post_challenges_etl_dag.py
[2025-06-06T00:44:54.460+0000] {processor.py:830} INFO - Processing file /opt/airflow/dags/post_challenges_etl_dag.py for tasks to queue
[2025-06-06T00:44:54.462+0000] {logging_mixin.py:188} INFO - [2025-06-06T00:44:54.461+0000] {dagbag.py:538} INFO - Filling up the DagBag from /opt/airflow/dags/post_challenges_etl_dag.py
[2025-06-06T00:44:54.500+0000] {processor.py:840} INFO - DAG(s) 'post_challenges_etl' retrieved from /opt/airflow/dags/post_challenges_etl_dag.py
[2025-06-06T00:44:54.544+0000] {logging_mixin.py:188} INFO - [2025-06-06T00:44:54.543+0000] {dag.py:3036} INFO - Sync 1 DAGs
[2025-06-06T00:44:54.591+0000] {logging_mixin.py:188} INFO - [2025-06-06T00:44:54.590+0000] {dag.py:3823} INFO - Setting next_dagrun for post_challenges_etl to 2025-06-06 00:30:00+00:00, run_after=2025-06-06 01:00:00+00:00
[2025-06-06T00:44:54.632+0000] {processor.py:183} INFO - Processing /opt/airflow/dags/post_challenges_etl_dag.py took 0.179 seconds
[2025-06-06T00:45:25.407+0000] {processor.py:161} INFO - Started process (PID=739) to work on /opt/airflow/dags/post_challenges_etl_dag.py
[2025-06-06T00:45:25.409+0000] {processor.py:830} INFO - Processing file /opt/airflow/dags/post_challenges_etl_dag.py for tasks to queue
[2025-06-06T00:45:25.411+0000] {logging_mixin.py:188} INFO - [2025-06-06T00:45:25.410+0000] {dagbag.py:538} INFO - Filling up the DagBag from /opt/airflow/dags/post_challenges_etl_dag.py
[2025-06-06T00:45:25.447+0000] {processor.py:840} INFO - DAG(s) 'post_challenges_etl' retrieved from /opt/airflow/dags/post_challenges_etl_dag.py
[2025-06-06T00:45:25.485+0000] {logging_mixin.py:188} INFO - [2025-06-06T00:45:25.484+0000] {dag.py:3036} INFO - Sync 1 DAGs
[2025-06-06T00:45:25.539+0000] {logging_mixin.py:188} INFO - [2025-06-06T00:45:25.538+0000] {dag.py:3823} INFO - Setting next_dagrun for post_challenges_etl to 2025-06-06 00:30:00+00:00, run_after=2025-06-06 01:00:00+00:00
[2025-06-06T00:45:25.590+0000] {processor.py:183} INFO - Processing /opt/airflow/dags/post_challenges_etl_dag.py took 0.189 seconds
[2025-06-06T00:45:56.399+0000] {processor.py:161} INFO - Started process (PID=769) to work on /opt/airflow/dags/post_challenges_etl_dag.py
[2025-06-06T00:45:56.400+0000] {processor.py:830} INFO - Processing file /opt/airflow/dags/post_challenges_etl_dag.py for tasks to queue
[2025-06-06T00:45:56.402+0000] {logging_mixin.py:188} INFO - [2025-06-06T00:45:56.401+0000] {dagbag.py:538} INFO - Filling up the DagBag from /opt/airflow/dags/post_challenges_etl_dag.py
[2025-06-06T00:45:56.442+0000] {processor.py:840} INFO - DAG(s) 'post_challenges_etl' retrieved from /opt/airflow/dags/post_challenges_etl_dag.py
[2025-06-06T00:45:56.475+0000] {logging_mixin.py:188} INFO - [2025-06-06T00:45:56.475+0000] {dag.py:3036} INFO - Sync 1 DAGs
[2025-06-06T00:45:56.512+0000] {logging_mixin.py:188} INFO - [2025-06-06T00:45:56.511+0000] {dag.py:3823} INFO - Setting next_dagrun for post_challenges_etl to 2025-06-06 00:30:00+00:00, run_after=2025-06-06 01:00:00+00:00
[2025-06-06T00:45:56.550+0000] {processor.py:183} INFO - Processing /opt/airflow/dags/post_challenges_etl_dag.py took 0.157 seconds
[2025-06-06T00:46:27.131+0000] {processor.py:161} INFO - Started process (PID=799) to work on /opt/airflow/dags/post_challenges_etl_dag.py
[2025-06-06T00:46:27.133+0000] {processor.py:830} INFO - Processing file /opt/airflow/dags/post_challenges_etl_dag.py for tasks to queue
[2025-06-06T00:46:27.134+0000] {logging_mixin.py:188} INFO - [2025-06-06T00:46:27.133+0000] {dagbag.py:538} INFO - Filling up the DagBag from /opt/airflow/dags/post_challenges_etl_dag.py
[2025-06-06T00:46:27.152+0000] {processor.py:840} INFO - DAG(s) 'post_challenges_etl' retrieved from /opt/airflow/dags/post_challenges_etl_dag.py
[2025-06-06T00:46:27.174+0000] {logging_mixin.py:188} INFO - [2025-06-06T00:46:27.174+0000] {dag.py:3036} INFO - Sync 1 DAGs
[2025-06-06T00:46:27.195+0000] {logging_mixin.py:188} INFO - [2025-06-06T00:46:27.195+0000] {dag.py:3823} INFO - Setting next_dagrun for post_challenges_etl to 2025-06-06 00:30:00+00:00, run_after=2025-06-06 01:00:00+00:00
[2025-06-06T00:46:27.224+0000] {processor.py:183} INFO - Processing /opt/airflow/dags/post_challenges_etl_dag.py took 0.095 seconds
[2025-06-06T00:46:57.911+0000] {processor.py:161} INFO - Started process (PID=829) to work on /opt/airflow/dags/post_challenges_etl_dag.py
[2025-06-06T00:46:57.912+0000] {processor.py:830} INFO - Processing file /opt/airflow/dags/post_challenges_etl_dag.py for tasks to queue
[2025-06-06T00:46:57.913+0000] {logging_mixin.py:188} INFO - [2025-06-06T00:46:57.913+0000] {dagbag.py:538} INFO - Filling up the DagBag from /opt/airflow/dags/post_challenges_etl_dag.py
[2025-06-06T00:46:57.931+0000] {processor.py:840} INFO - DAG(s) 'post_challenges_etl' retrieved from /opt/airflow/dags/post_challenges_etl_dag.py
[2025-06-06T00:46:57.952+0000] {logging_mixin.py:188} INFO - [2025-06-06T00:46:57.952+0000] {dag.py:3036} INFO - Sync 1 DAGs
[2025-06-06T00:46:57.974+0000] {logging_mixin.py:188} INFO - [2025-06-06T00:46:57.974+0000] {dag.py:3823} INFO - Setting next_dagrun for post_challenges_etl to 2025-06-06 00:30:00+00:00, run_after=2025-06-06 01:00:00+00:00
[2025-06-06T00:46:58.007+0000] {processor.py:183} INFO - Processing /opt/airflow/dags/post_challenges_etl_dag.py took 0.099 seconds
[2025-06-06T00:47:28.618+0000] {processor.py:161} INFO - Started process (PID=859) to work on /opt/airflow/dags/post_challenges_etl_dag.py
[2025-06-06T00:47:28.619+0000] {processor.py:830} INFO - Processing file /opt/airflow/dags/post_challenges_etl_dag.py for tasks to queue
[2025-06-06T00:47:28.620+0000] {logging_mixin.py:188} INFO - [2025-06-06T00:47:28.620+0000] {dagbag.py:538} INFO - Filling up the DagBag from /opt/airflow/dags/post_challenges_etl_dag.py
[2025-06-06T00:47:28.638+0000] {processor.py:840} INFO - DAG(s) 'post_challenges_etl' retrieved from /opt/airflow/dags/post_challenges_etl_dag.py
[2025-06-06T00:47:28.658+0000] {logging_mixin.py:188} INFO - [2025-06-06T00:47:28.658+0000] {dag.py:3036} INFO - Sync 1 DAGs
[2025-06-06T00:47:28.679+0000] {logging_mixin.py:188} INFO - [2025-06-06T00:47:28.679+0000] {dag.py:3823} INFO - Setting next_dagrun for post_challenges_etl to 2025-06-06 00:30:00+00:00, run_after=2025-06-06 01:00:00+00:00
[2025-06-06T00:47:28.705+0000] {processor.py:183} INFO - Processing /opt/airflow/dags/post_challenges_etl_dag.py took 0.090 seconds
[2025-06-06T00:47:59.360+0000] {processor.py:161} INFO - Started process (PID=889) to work on /opt/airflow/dags/post_challenges_etl_dag.py
[2025-06-06T00:47:59.361+0000] {processor.py:830} INFO - Processing file /opt/airflow/dags/post_challenges_etl_dag.py for tasks to queue
[2025-06-06T00:47:59.362+0000] {logging_mixin.py:188} INFO - [2025-06-06T00:47:59.361+0000] {dagbag.py:538} INFO - Filling up the DagBag from /opt/airflow/dags/post_challenges_etl_dag.py
[2025-06-06T00:47:59.381+0000] {processor.py:840} INFO - DAG(s) 'post_challenges_etl' retrieved from /opt/airflow/dags/post_challenges_etl_dag.py
[2025-06-06T00:47:59.401+0000] {logging_mixin.py:188} INFO - [2025-06-06T00:47:59.401+0000] {dag.py:3036} INFO - Sync 1 DAGs
[2025-06-06T00:47:59.424+0000] {logging_mixin.py:188} INFO - [2025-06-06T00:47:59.424+0000] {dag.py:3823} INFO - Setting next_dagrun for post_challenges_etl to 2025-06-06 00:30:00+00:00, run_after=2025-06-06 01:00:00+00:00
[2025-06-06T00:47:59.449+0000] {processor.py:183} INFO - Processing /opt/airflow/dags/post_challenges_etl_dag.py took 0.092 seconds
[2025-06-06T00:48:30.104+0000] {processor.py:161} INFO - Started process (PID=919) to work on /opt/airflow/dags/post_challenges_etl_dag.py
[2025-06-06T00:48:30.105+0000] {processor.py:830} INFO - Processing file /opt/airflow/dags/post_challenges_etl_dag.py for tasks to queue
[2025-06-06T00:48:30.106+0000] {logging_mixin.py:188} INFO - [2025-06-06T00:48:30.106+0000] {dagbag.py:538} INFO - Filling up the DagBag from /opt/airflow/dags/post_challenges_etl_dag.py
[2025-06-06T00:48:30.124+0000] {processor.py:840} INFO - DAG(s) 'post_challenges_etl' retrieved from /opt/airflow/dags/post_challenges_etl_dag.py
[2025-06-06T00:48:30.146+0000] {logging_mixin.py:188} INFO - [2025-06-06T00:48:30.145+0000] {dag.py:3036} INFO - Sync 1 DAGs
[2025-06-06T00:48:30.168+0000] {logging_mixin.py:188} INFO - [2025-06-06T00:48:30.168+0000] {dag.py:3823} INFO - Setting next_dagrun for post_challenges_etl to 2025-06-06 00:30:00+00:00, run_after=2025-06-06 01:00:00+00:00
[2025-06-06T00:48:30.206+0000] {processor.py:183} INFO - Processing /opt/airflow/dags/post_challenges_etl_dag.py took 0.107 seconds
[2025-06-06T00:49:00.852+0000] {processor.py:161} INFO - Started process (PID=949) to work on /opt/airflow/dags/post_challenges_etl_dag.py
[2025-06-06T00:49:00.853+0000] {processor.py:830} INFO - Processing file /opt/airflow/dags/post_challenges_etl_dag.py for tasks to queue
[2025-06-06T00:49:00.854+0000] {logging_mixin.py:188} INFO - [2025-06-06T00:49:00.854+0000] {dagbag.py:538} INFO - Filling up the DagBag from /opt/airflow/dags/post_challenges_etl_dag.py
[2025-06-06T00:49:00.874+0000] {processor.py:840} INFO - DAG(s) 'post_challenges_etl' retrieved from /opt/airflow/dags/post_challenges_etl_dag.py
[2025-06-06T00:49:00.896+0000] {logging_mixin.py:188} INFO - [2025-06-06T00:49:00.896+0000] {dag.py:3036} INFO - Sync 1 DAGs
[2025-06-06T00:49:00.917+0000] {logging_mixin.py:188} INFO - [2025-06-06T00:49:00.917+0000] {dag.py:3823} INFO - Setting next_dagrun for post_challenges_etl to 2025-06-06 00:30:00+00:00, run_after=2025-06-06 01:00:00+00:00
[2025-06-06T00:49:00.943+0000] {processor.py:183} INFO - Processing /opt/airflow/dags/post_challenges_etl_dag.py took 0.094 seconds
[2025-06-06T00:49:31.590+0000] {processor.py:161} INFO - Started process (PID=979) to work on /opt/airflow/dags/post_challenges_etl_dag.py
[2025-06-06T00:49:31.593+0000] {processor.py:830} INFO - Processing file /opt/airflow/dags/post_challenges_etl_dag.py for tasks to queue
[2025-06-06T00:49:31.595+0000] {logging_mixin.py:188} INFO - [2025-06-06T00:49:31.594+0000] {dagbag.py:538} INFO - Filling up the DagBag from /opt/airflow/dags/post_challenges_etl_dag.py
[2025-06-06T00:49:31.616+0000] {processor.py:840} INFO - DAG(s) 'post_challenges_etl' retrieved from /opt/airflow/dags/post_challenges_etl_dag.py
[2025-06-06T00:49:31.639+0000] {logging_mixin.py:188} INFO - [2025-06-06T00:49:31.639+0000] {dag.py:3036} INFO - Sync 1 DAGs
[2025-06-06T00:49:31.663+0000] {logging_mixin.py:188} INFO - [2025-06-06T00:49:31.662+0000] {dag.py:3823} INFO - Setting next_dagrun for post_challenges_etl to 2025-06-06 00:30:00+00:00, run_after=2025-06-06 01:00:00+00:00
[2025-06-06T00:49:31.687+0000] {processor.py:183} INFO - Processing /opt/airflow/dags/post_challenges_etl_dag.py took 0.100 seconds
[2025-06-06T00:50:02.288+0000] {processor.py:161} INFO - Started process (PID=1009) to work on /opt/airflow/dags/post_challenges_etl_dag.py
[2025-06-06T00:50:02.290+0000] {processor.py:830} INFO - Processing file /opt/airflow/dags/post_challenges_etl_dag.py for tasks to queue
[2025-06-06T00:50:02.292+0000] {logging_mixin.py:188} INFO - [2025-06-06T00:50:02.291+0000] {dagbag.py:538} INFO - Filling up the DagBag from /opt/airflow/dags/post_challenges_etl_dag.py
[2025-06-06T00:50:02.314+0000] {processor.py:840} INFO - DAG(s) 'post_challenges_etl' retrieved from /opt/airflow/dags/post_challenges_etl_dag.py
[2025-06-06T00:50:02.337+0000] {logging_mixin.py:188} INFO - [2025-06-06T00:50:02.337+0000] {dag.py:3036} INFO - Sync 1 DAGs
[2025-06-06T00:50:02.361+0000] {logging_mixin.py:188} INFO - [2025-06-06T00:50:02.360+0000] {dag.py:3823} INFO - Setting next_dagrun for post_challenges_etl to 2025-06-06 00:30:00+00:00, run_after=2025-06-06 01:00:00+00:00
[2025-06-06T00:50:02.389+0000] {processor.py:183} INFO - Processing /opt/airflow/dags/post_challenges_etl_dag.py took 0.104 seconds
[2025-06-06T00:50:33.025+0000] {processor.py:161} INFO - Started process (PID=1039) to work on /opt/airflow/dags/post_challenges_etl_dag.py
[2025-06-06T00:50:33.027+0000] {processor.py:830} INFO - Processing file /opt/airflow/dags/post_challenges_etl_dag.py for tasks to queue
[2025-06-06T00:50:33.029+0000] {logging_mixin.py:188} INFO - [2025-06-06T00:50:33.028+0000] {dagbag.py:538} INFO - Filling up the DagBag from /opt/airflow/dags/post_challenges_etl_dag.py
[2025-06-06T00:50:33.068+0000] {processor.py:840} INFO - DAG(s) 'post_challenges_etl' retrieved from /opt/airflow/dags/post_challenges_etl_dag.py
[2025-06-06T00:50:33.093+0000] {logging_mixin.py:188} INFO - [2025-06-06T00:50:33.093+0000] {dag.py:3036} INFO - Sync 1 DAGs
[2025-06-06T00:50:33.120+0000] {logging_mixin.py:188} INFO - [2025-06-06T00:50:33.120+0000] {dag.py:3823} INFO - Setting next_dagrun for post_challenges_etl to 2025-06-06 00:30:00+00:00, run_after=2025-06-06 01:00:00+00:00
[2025-06-06T00:50:33.148+0000] {processor.py:183} INFO - Processing /opt/airflow/dags/post_challenges_etl_dag.py took 0.128 seconds
