[2025-06-06T00:36:10.023+0000] {processor.py:161} INFO - Started process (PID=202) to work on /opt/airflow/dags/ranking_etl_dag.py
[2025-06-06T00:36:10.026+0000] {processor.py:830} INFO - Processing file /opt/airflow/dags/ranking_etl_dag.py for tasks to queue
[2025-06-06T00:36:10.031+0000] {logging_mixin.py:188} INFO - [2025-06-06T00:36:10.028+0000] {dagbag.py:538} INFO - Filling up the DagBag from /opt/airflow/dags/ranking_etl_dag.py
[2025-06-06T00:36:10.090+0000] {processor.py:840} INFO - DAG(s) 'ranking_etl' retrieved from /opt/airflow/dags/ranking_etl_dag.py
[2025-06-06T00:36:10.368+0000] {logging_mixin.py:188} INFO - [2025-06-06T00:36:10.367+0000] {dag.py:3036} INFO - Sync 1 DAGs
[2025-06-06T00:36:10.441+0000] {logging_mixin.py:188} INFO - [2025-06-06T00:36:10.440+0000] {dag.py:3823} INFO - Setting next_dagrun for ranking_etl to 2025-06-06 00:30:00+00:00, run_after=2025-06-06 01:00:00+00:00
[2025-06-06T00:36:10.516+0000] {processor.py:183} INFO - Processing /opt/airflow/dags/ranking_etl_dag.py took 0.500 seconds
[2025-06-06T00:36:41.128+0000] {processor.py:161} INFO - Started process (PID=232) to work on /opt/airflow/dags/ranking_etl_dag.py
[2025-06-06T00:36:41.129+0000] {processor.py:830} INFO - Processing file /opt/airflow/dags/ranking_etl_dag.py for tasks to queue
[2025-06-06T00:36:41.129+0000] {logging_mixin.py:188} INFO - [2025-06-06T00:36:41.129+0000] {dagbag.py:538} INFO - Filling up the DagBag from /opt/airflow/dags/ranking_etl_dag.py
[2025-06-06T00:36:41.147+0000] {processor.py:840} INFO - DAG(s) 'ranking_etl' retrieved from /opt/airflow/dags/ranking_etl_dag.py
[2025-06-06T00:36:41.169+0000] {logging_mixin.py:188} INFO - [2025-06-06T00:36:41.168+0000] {dag.py:3036} INFO - Sync 1 DAGs
[2025-06-06T00:36:41.191+0000] {logging_mixin.py:188} INFO - [2025-06-06T00:36:41.191+0000] {dag.py:3823} INFO - Setting next_dagrun for ranking_etl to 2025-06-06 00:30:00+00:00, run_after=2025-06-06 01:00:00+00:00
[2025-06-06T00:36:41.217+0000] {processor.py:183} INFO - Processing /opt/airflow/dags/ranking_etl_dag.py took 0.093 seconds
[2025-06-06T00:37:12.035+0000] {processor.py:161} INFO - Started process (PID=262) to work on /opt/airflow/dags/ranking_etl_dag.py
[2025-06-06T00:37:12.036+0000] {processor.py:830} INFO - Processing file /opt/airflow/dags/ranking_etl_dag.py for tasks to queue
[2025-06-06T00:37:12.037+0000] {logging_mixin.py:188} INFO - [2025-06-06T00:37:12.037+0000] {dagbag.py:538} INFO - Filling up the DagBag from /opt/airflow/dags/ranking_etl_dag.py
[2025-06-06T00:37:12.057+0000] {processor.py:840} INFO - DAG(s) 'ranking_etl' retrieved from /opt/airflow/dags/ranking_etl_dag.py
[2025-06-06T00:37:12.081+0000] {logging_mixin.py:188} INFO - [2025-06-06T00:37:12.081+0000] {dag.py:3036} INFO - Sync 1 DAGs
[2025-06-06T00:37:12.107+0000] {logging_mixin.py:188} INFO - [2025-06-06T00:37:12.106+0000] {dag.py:3823} INFO - Setting next_dagrun for ranking_etl to 2025-06-06 00:30:00+00:00, run_after=2025-06-06 01:00:00+00:00
[2025-06-06T00:37:12.134+0000] {processor.py:183} INFO - Processing /opt/airflow/dags/ranking_etl_dag.py took 0.102 seconds
[2025-06-06T00:37:42.790+0000] {processor.py:161} INFO - Started process (PID=292) to work on /opt/airflow/dags/ranking_etl_dag.py
[2025-06-06T00:37:42.791+0000] {processor.py:830} INFO - Processing file /opt/airflow/dags/ranking_etl_dag.py for tasks to queue
[2025-06-06T00:37:42.792+0000] {logging_mixin.py:188} INFO - [2025-06-06T00:37:42.792+0000] {dagbag.py:538} INFO - Filling up the DagBag from /opt/airflow/dags/ranking_etl_dag.py
[2025-06-06T00:37:42.809+0000] {processor.py:840} INFO - DAG(s) 'ranking_etl' retrieved from /opt/airflow/dags/ranking_etl_dag.py
[2025-06-06T00:37:42.828+0000] {logging_mixin.py:188} INFO - [2025-06-06T00:37:42.828+0000] {dag.py:3036} INFO - Sync 1 DAGs
[2025-06-06T00:37:42.850+0000] {logging_mixin.py:188} INFO - [2025-06-06T00:37:42.850+0000] {dag.py:3823} INFO - Setting next_dagrun for ranking_etl to 2025-06-06 00:30:00+00:00, run_after=2025-06-06 01:00:00+00:00
[2025-06-06T00:37:42.878+0000] {processor.py:183} INFO - Processing /opt/airflow/dags/ranking_etl_dag.py took 0.090 seconds
[2025-06-06T00:38:13.609+0000] {processor.py:161} INFO - Started process (PID=322) to work on /opt/airflow/dags/ranking_etl_dag.py
[2025-06-06T00:38:13.611+0000] {processor.py:830} INFO - Processing file /opt/airflow/dags/ranking_etl_dag.py for tasks to queue
[2025-06-06T00:38:13.612+0000] {logging_mixin.py:188} INFO - [2025-06-06T00:38:13.611+0000] {dagbag.py:538} INFO - Filling up the DagBag from /opt/airflow/dags/ranking_etl_dag.py
[2025-06-06T00:38:13.632+0000] {processor.py:840} INFO - DAG(s) 'ranking_etl' retrieved from /opt/airflow/dags/ranking_etl_dag.py
[2025-06-06T00:38:13.656+0000] {logging_mixin.py:188} INFO - [2025-06-06T00:38:13.656+0000] {dag.py:3036} INFO - Sync 1 DAGs
[2025-06-06T00:38:13.679+0000] {logging_mixin.py:188} INFO - [2025-06-06T00:38:13.679+0000] {dag.py:3823} INFO - Setting next_dagrun for ranking_etl to 2025-06-06 00:30:00+00:00, run_after=2025-06-06 01:00:00+00:00
[2025-06-06T00:38:13.706+0000] {processor.py:183} INFO - Processing /opt/airflow/dags/ranking_etl_dag.py took 0.099 seconds
[2025-06-06T00:38:44.388+0000] {processor.py:161} INFO - Started process (PID=352) to work on /opt/airflow/dags/ranking_etl_dag.py
[2025-06-06T00:38:44.389+0000] {processor.py:830} INFO - Processing file /opt/airflow/dags/ranking_etl_dag.py for tasks to queue
[2025-06-06T00:38:44.390+0000] {logging_mixin.py:188} INFO - [2025-06-06T00:38:44.390+0000] {dagbag.py:538} INFO - Filling up the DagBag from /opt/airflow/dags/ranking_etl_dag.py
[2025-06-06T00:38:44.407+0000] {processor.py:840} INFO - DAG(s) 'ranking_etl' retrieved from /opt/airflow/dags/ranking_etl_dag.py
[2025-06-06T00:38:44.426+0000] {logging_mixin.py:188} INFO - [2025-06-06T00:38:44.426+0000] {dag.py:3036} INFO - Sync 1 DAGs
[2025-06-06T00:38:44.448+0000] {logging_mixin.py:188} INFO - [2025-06-06T00:38:44.448+0000] {dag.py:3823} INFO - Setting next_dagrun for ranking_etl to 2025-06-06 00:30:00+00:00, run_after=2025-06-06 01:00:00+00:00
[2025-06-06T00:38:44.475+0000] {processor.py:183} INFO - Processing /opt/airflow/dags/ranking_etl_dag.py took 0.089 seconds
[2025-06-06T00:39:15.177+0000] {processor.py:161} INFO - Started process (PID=382) to work on /opt/airflow/dags/ranking_etl_dag.py
[2025-06-06T00:39:15.178+0000] {processor.py:830} INFO - Processing file /opt/airflow/dags/ranking_etl_dag.py for tasks to queue
[2025-06-06T00:39:15.179+0000] {logging_mixin.py:188} INFO - [2025-06-06T00:39:15.179+0000] {dagbag.py:538} INFO - Filling up the DagBag from /opt/airflow/dags/ranking_etl_dag.py
[2025-06-06T00:39:15.212+0000] {processor.py:840} INFO - DAG(s) 'ranking_etl' retrieved from /opt/airflow/dags/ranking_etl_dag.py
[2025-06-06T00:39:15.237+0000] {logging_mixin.py:188} INFO - [2025-06-06T00:39:15.237+0000] {dag.py:3036} INFO - Sync 1 DAGs
[2025-06-06T00:39:15.265+0000] {logging_mixin.py:188} INFO - [2025-06-06T00:39:15.264+0000] {dag.py:3823} INFO - Setting next_dagrun for ranking_etl to 2025-06-06 00:30:00+00:00, run_after=2025-06-06 01:00:00+00:00
[2025-06-06T00:39:15.291+0000] {processor.py:183} INFO - Processing /opt/airflow/dags/ranking_etl_dag.py took 0.118 seconds
[2025-06-06T00:39:45.910+0000] {processor.py:161} INFO - Started process (PID=412) to work on /opt/airflow/dags/ranking_etl_dag.py
[2025-06-06T00:39:45.910+0000] {processor.py:830} INFO - Processing file /opt/airflow/dags/ranking_etl_dag.py for tasks to queue
[2025-06-06T00:39:45.912+0000] {logging_mixin.py:188} INFO - [2025-06-06T00:39:45.911+0000] {dagbag.py:538} INFO - Filling up the DagBag from /opt/airflow/dags/ranking_etl_dag.py
[2025-06-06T00:39:45.929+0000] {processor.py:840} INFO - DAG(s) 'ranking_etl' retrieved from /opt/airflow/dags/ranking_etl_dag.py
[2025-06-06T00:39:45.948+0000] {logging_mixin.py:188} INFO - [2025-06-06T00:39:45.948+0000] {dag.py:3036} INFO - Sync 1 DAGs
[2025-06-06T00:39:45.970+0000] {logging_mixin.py:188} INFO - [2025-06-06T00:39:45.970+0000] {dag.py:3823} INFO - Setting next_dagrun for ranking_etl to 2025-06-06 00:30:00+00:00, run_after=2025-06-06 01:00:00+00:00
[2025-06-06T00:39:45.995+0000] {processor.py:183} INFO - Processing /opt/airflow/dags/ranking_etl_dag.py took 0.088 seconds
[2025-06-06T00:40:16.748+0000] {processor.py:161} INFO - Started process (PID=442) to work on /opt/airflow/dags/ranking_etl_dag.py
[2025-06-06T00:40:16.749+0000] {processor.py:830} INFO - Processing file /opt/airflow/dags/ranking_etl_dag.py for tasks to queue
[2025-06-06T00:40:16.750+0000] {logging_mixin.py:188} INFO - [2025-06-06T00:40:16.750+0000] {dagbag.py:538} INFO - Filling up the DagBag from /opt/airflow/dags/ranking_etl_dag.py
[2025-06-06T00:40:16.768+0000] {processor.py:840} INFO - DAG(s) 'ranking_etl' retrieved from /opt/airflow/dags/ranking_etl_dag.py
[2025-06-06T00:40:16.789+0000] {logging_mixin.py:188} INFO - [2025-06-06T00:40:16.789+0000] {dag.py:3036} INFO - Sync 1 DAGs
[2025-06-06T00:40:16.814+0000] {logging_mixin.py:188} INFO - [2025-06-06T00:40:16.814+0000] {dag.py:3823} INFO - Setting next_dagrun for ranking_etl to 2025-06-06 00:30:00+00:00, run_after=2025-06-06 01:00:00+00:00
[2025-06-06T00:40:16.839+0000] {processor.py:183} INFO - Processing /opt/airflow/dags/ranking_etl_dag.py took 0.094 seconds
[2025-06-06T00:40:47.658+0000] {processor.py:161} INFO - Started process (PID=472) to work on /opt/airflow/dags/ranking_etl_dag.py
[2025-06-06T00:40:47.659+0000] {processor.py:830} INFO - Processing file /opt/airflow/dags/ranking_etl_dag.py for tasks to queue
[2025-06-06T00:40:47.660+0000] {logging_mixin.py:188} INFO - [2025-06-06T00:40:47.660+0000] {dagbag.py:538} INFO - Filling up the DagBag from /opt/airflow/dags/ranking_etl_dag.py
[2025-06-06T00:40:47.684+0000] {processor.py:840} INFO - DAG(s) 'ranking_etl' retrieved from /opt/airflow/dags/ranking_etl_dag.py
[2025-06-06T00:40:47.707+0000] {logging_mixin.py:188} INFO - [2025-06-06T00:40:47.707+0000] {dag.py:3036} INFO - Sync 1 DAGs
[2025-06-06T00:40:47.731+0000] {logging_mixin.py:188} INFO - [2025-06-06T00:40:47.731+0000] {dag.py:3823} INFO - Setting next_dagrun for ranking_etl to 2025-06-06 00:30:00+00:00, run_after=2025-06-06 01:00:00+00:00
[2025-06-06T00:40:47.762+0000] {processor.py:183} INFO - Processing /opt/airflow/dags/ranking_etl_dag.py took 0.107 seconds
[2025-06-06T00:41:18.600+0000] {processor.py:161} INFO - Started process (PID=502) to work on /opt/airflow/dags/ranking_etl_dag.py
[2025-06-06T00:41:18.602+0000] {processor.py:830} INFO - Processing file /opt/airflow/dags/ranking_etl_dag.py for tasks to queue
[2025-06-06T00:41:18.604+0000] {logging_mixin.py:188} INFO - [2025-06-06T00:41:18.603+0000] {dagbag.py:538} INFO - Filling up the DagBag from /opt/airflow/dags/ranking_etl_dag.py
[2025-06-06T00:41:18.637+0000] {processor.py:840} INFO - DAG(s) 'ranking_etl' retrieved from /opt/airflow/dags/ranking_etl_dag.py
[2025-06-06T00:41:18.672+0000] {logging_mixin.py:188} INFO - [2025-06-06T00:41:18.672+0000] {dag.py:3036} INFO - Sync 1 DAGs
[2025-06-06T00:41:18.719+0000] {logging_mixin.py:188} INFO - [2025-06-06T00:41:18.718+0000] {dag.py:3823} INFO - Setting next_dagrun for ranking_etl to 2025-06-06 00:30:00+00:00, run_after=2025-06-06 01:00:00+00:00
[2025-06-06T00:41:18.760+0000] {processor.py:183} INFO - Processing /opt/airflow/dags/ranking_etl_dag.py took 0.165 seconds
[2025-06-06T00:41:49.332+0000] {processor.py:161} INFO - Started process (PID=532) to work on /opt/airflow/dags/ranking_etl_dag.py
[2025-06-06T00:41:49.334+0000] {processor.py:830} INFO - Processing file /opt/airflow/dags/ranking_etl_dag.py for tasks to queue
[2025-06-06T00:41:49.335+0000] {logging_mixin.py:188} INFO - [2025-06-06T00:41:49.335+0000] {dagbag.py:538} INFO - Filling up the DagBag from /opt/airflow/dags/ranking_etl_dag.py
[2025-06-06T00:41:49.362+0000] {processor.py:840} INFO - DAG(s) 'ranking_etl' retrieved from /opt/airflow/dags/ranking_etl_dag.py
[2025-06-06T00:41:49.391+0000] {logging_mixin.py:188} INFO - [2025-06-06T00:41:49.391+0000] {dag.py:3036} INFO - Sync 1 DAGs
[2025-06-06T00:41:49.425+0000] {logging_mixin.py:188} INFO - [2025-06-06T00:41:49.425+0000] {dag.py:3823} INFO - Setting next_dagrun for ranking_etl to 2025-06-06 00:30:00+00:00, run_after=2025-06-06 01:00:00+00:00
[2025-06-06T00:41:49.462+0000] {processor.py:183} INFO - Processing /opt/airflow/dags/ranking_etl_dag.py took 0.133 seconds
[2025-06-06T00:42:20.237+0000] {processor.py:161} INFO - Started process (PID=562) to work on /opt/airflow/dags/ranking_etl_dag.py
[2025-06-06T00:42:20.238+0000] {processor.py:830} INFO - Processing file /opt/airflow/dags/ranking_etl_dag.py for tasks to queue
[2025-06-06T00:42:20.241+0000] {logging_mixin.py:188} INFO - [2025-06-06T00:42:20.240+0000] {dagbag.py:538} INFO - Filling up the DagBag from /opt/airflow/dags/ranking_etl_dag.py
[2025-06-06T00:42:20.268+0000] {processor.py:840} INFO - DAG(s) 'ranking_etl' retrieved from /opt/airflow/dags/ranking_etl_dag.py
[2025-06-06T00:42:20.298+0000] {logging_mixin.py:188} INFO - [2025-06-06T00:42:20.298+0000] {dag.py:3036} INFO - Sync 1 DAGs
[2025-06-06T00:42:20.337+0000] {logging_mixin.py:188} INFO - [2025-06-06T00:42:20.337+0000] {dag.py:3823} INFO - Setting next_dagrun for ranking_etl to 2025-06-06 00:30:00+00:00, run_after=2025-06-06 01:00:00+00:00
[2025-06-06T00:42:20.378+0000] {processor.py:183} INFO - Processing /opt/airflow/dags/ranking_etl_dag.py took 0.146 seconds
[2025-06-06T00:42:50.986+0000] {processor.py:161} INFO - Started process (PID=592) to work on /opt/airflow/dags/ranking_etl_dag.py
[2025-06-06T00:42:50.987+0000] {processor.py:830} INFO - Processing file /opt/airflow/dags/ranking_etl_dag.py for tasks to queue
[2025-06-06T00:42:50.989+0000] {logging_mixin.py:188} INFO - [2025-06-06T00:42:50.988+0000] {dagbag.py:538} INFO - Filling up the DagBag from /opt/airflow/dags/ranking_etl_dag.py
[2025-06-06T00:42:51.017+0000] {processor.py:840} INFO - DAG(s) 'ranking_etl' retrieved from /opt/airflow/dags/ranking_etl_dag.py
[2025-06-06T00:42:51.048+0000] {logging_mixin.py:188} INFO - [2025-06-06T00:42:51.048+0000] {dag.py:3036} INFO - Sync 1 DAGs
[2025-06-06T00:42:51.082+0000] {logging_mixin.py:188} INFO - [2025-06-06T00:42:51.082+0000] {dag.py:3823} INFO - Setting next_dagrun for ranking_etl to 2025-06-06 00:30:00+00:00, run_after=2025-06-06 01:00:00+00:00
[2025-06-06T00:42:51.123+0000] {processor.py:183} INFO - Processing /opt/airflow/dags/ranking_etl_dag.py took 0.141 seconds
[2025-06-06T00:43:21.833+0000] {processor.py:161} INFO - Started process (PID=622) to work on /opt/airflow/dags/ranking_etl_dag.py
[2025-06-06T00:43:21.834+0000] {processor.py:830} INFO - Processing file /opt/airflow/dags/ranking_etl_dag.py for tasks to queue
[2025-06-06T00:43:21.836+0000] {logging_mixin.py:188} INFO - [2025-06-06T00:43:21.835+0000] {dagbag.py:538} INFO - Filling up the DagBag from /opt/airflow/dags/ranking_etl_dag.py
[2025-06-06T00:43:21.863+0000] {processor.py:840} INFO - DAG(s) 'ranking_etl' retrieved from /opt/airflow/dags/ranking_etl_dag.py
[2025-06-06T00:43:21.895+0000] {logging_mixin.py:188} INFO - [2025-06-06T00:43:21.894+0000] {dag.py:3036} INFO - Sync 1 DAGs
[2025-06-06T00:43:21.929+0000] {logging_mixin.py:188} INFO - [2025-06-06T00:43:21.928+0000] {dag.py:3823} INFO - Setting next_dagrun for ranking_etl to 2025-06-06 00:30:00+00:00, run_after=2025-06-06 01:00:00+00:00
[2025-06-06T00:43:21.966+0000] {processor.py:183} INFO - Processing /opt/airflow/dags/ranking_etl_dag.py took 0.138 seconds
[2025-06-06T00:43:52.889+0000] {processor.py:161} INFO - Started process (PID=652) to work on /opt/airflow/dags/ranking_etl_dag.py
[2025-06-06T00:43:52.891+0000] {processor.py:830} INFO - Processing file /opt/airflow/dags/ranking_etl_dag.py for tasks to queue
[2025-06-06T00:43:52.894+0000] {logging_mixin.py:188} INFO - [2025-06-06T00:43:52.893+0000] {dagbag.py:538} INFO - Filling up the DagBag from /opt/airflow/dags/ranking_etl_dag.py
[2025-06-06T00:43:52.949+0000] {processor.py:840} INFO - DAG(s) 'ranking_etl' retrieved from /opt/airflow/dags/ranking_etl_dag.py
[2025-06-06T00:43:52.992+0000] {logging_mixin.py:188} INFO - [2025-06-06T00:43:52.992+0000] {dag.py:3036} INFO - Sync 1 DAGs
[2025-06-06T00:43:53.034+0000] {logging_mixin.py:188} INFO - [2025-06-06T00:43:53.034+0000] {dag.py:3823} INFO - Setting next_dagrun for ranking_etl to 2025-06-06 00:30:00+00:00, run_after=2025-06-06 01:00:00+00:00
[2025-06-06T00:43:53.084+0000] {processor.py:183} INFO - Processing /opt/airflow/dags/ranking_etl_dag.py took 0.203 seconds
[2025-06-06T00:44:23.654+0000] {processor.py:161} INFO - Started process (PID=682) to work on /opt/airflow/dags/ranking_etl_dag.py
[2025-06-06T00:44:23.656+0000] {processor.py:830} INFO - Processing file /opt/airflow/dags/ranking_etl_dag.py for tasks to queue
[2025-06-06T00:44:23.657+0000] {logging_mixin.py:188} INFO - [2025-06-06T00:44:23.657+0000] {dagbag.py:538} INFO - Filling up the DagBag from /opt/airflow/dags/ranking_etl_dag.py
[2025-06-06T00:44:23.685+0000] {processor.py:840} INFO - DAG(s) 'ranking_etl' retrieved from /opt/airflow/dags/ranking_etl_dag.py
[2025-06-06T00:44:23.717+0000] {logging_mixin.py:188} INFO - [2025-06-06T00:44:23.717+0000] {dag.py:3036} INFO - Sync 1 DAGs
[2025-06-06T00:44:23.749+0000] {logging_mixin.py:188} INFO - [2025-06-06T00:44:23.749+0000] {dag.py:3823} INFO - Setting next_dagrun for ranking_etl to 2025-06-06 00:30:00+00:00, run_after=2025-06-06 01:00:00+00:00
[2025-06-06T00:44:23.788+0000] {processor.py:183} INFO - Processing /opt/airflow/dags/ranking_etl_dag.py took 0.138 seconds
[2025-06-06T00:44:54.470+0000] {processor.py:161} INFO - Started process (PID=712) to work on /opt/airflow/dags/ranking_etl_dag.py
[2025-06-06T00:44:54.472+0000] {processor.py:830} INFO - Processing file /opt/airflow/dags/ranking_etl_dag.py for tasks to queue
[2025-06-06T00:44:54.474+0000] {logging_mixin.py:188} INFO - [2025-06-06T00:44:54.473+0000] {dagbag.py:538} INFO - Filling up the DagBag from /opt/airflow/dags/ranking_etl_dag.py
[2025-06-06T00:44:54.514+0000] {processor.py:840} INFO - DAG(s) 'ranking_etl' retrieved from /opt/airflow/dags/ranking_etl_dag.py
[2025-06-06T00:44:54.555+0000] {logging_mixin.py:188} INFO - [2025-06-06T00:44:54.555+0000] {dag.py:3036} INFO - Sync 1 DAGs
[2025-06-06T00:44:54.601+0000] {logging_mixin.py:188} INFO - [2025-06-06T00:44:54.600+0000] {dag.py:3823} INFO - Setting next_dagrun for ranking_etl to 2025-06-06 00:30:00+00:00, run_after=2025-06-06 01:00:00+00:00
[2025-06-06T00:44:54.636+0000] {processor.py:183} INFO - Processing /opt/airflow/dags/ranking_etl_dag.py took 0.171 seconds
[2025-06-06T00:45:25.419+0000] {processor.py:161} INFO - Started process (PID=742) to work on /opt/airflow/dags/ranking_etl_dag.py
[2025-06-06T00:45:25.420+0000] {processor.py:830} INFO - Processing file /opt/airflow/dags/ranking_etl_dag.py for tasks to queue
[2025-06-06T00:45:25.423+0000] {logging_mixin.py:188} INFO - [2025-06-06T00:45:25.422+0000] {dagbag.py:538} INFO - Filling up the DagBag from /opt/airflow/dags/ranking_etl_dag.py
[2025-06-06T00:45:25.460+0000] {processor.py:840} INFO - DAG(s) 'ranking_etl' retrieved from /opt/airflow/dags/ranking_etl_dag.py
[2025-06-06T00:45:25.501+0000] {logging_mixin.py:188} INFO - [2025-06-06T00:45:25.501+0000] {dag.py:3036} INFO - Sync 1 DAGs
[2025-06-06T00:45:25.552+0000] {logging_mixin.py:188} INFO - [2025-06-06T00:45:25.552+0000] {dag.py:3823} INFO - Setting next_dagrun for ranking_etl to 2025-06-06 00:30:00+00:00, run_after=2025-06-06 01:00:00+00:00
[2025-06-06T00:45:25.600+0000] {processor.py:183} INFO - Processing /opt/airflow/dags/ranking_etl_dag.py took 0.186 seconds
[2025-06-06T00:45:56.405+0000] {processor.py:161} INFO - Started process (PID=772) to work on /opt/airflow/dags/ranking_etl_dag.py
[2025-06-06T00:45:56.407+0000] {processor.py:830} INFO - Processing file /opt/airflow/dags/ranking_etl_dag.py for tasks to queue
[2025-06-06T00:45:56.408+0000] {logging_mixin.py:188} INFO - [2025-06-06T00:45:56.408+0000] {dagbag.py:538} INFO - Filling up the DagBag from /opt/airflow/dags/ranking_etl_dag.py
[2025-06-06T00:45:56.446+0000] {processor.py:840} INFO - DAG(s) 'ranking_etl' retrieved from /opt/airflow/dags/ranking_etl_dag.py
[2025-06-06T00:45:56.478+0000] {logging_mixin.py:188} INFO - [2025-06-06T00:45:56.477+0000] {dag.py:3036} INFO - Sync 1 DAGs
[2025-06-06T00:45:56.515+0000] {logging_mixin.py:188} INFO - [2025-06-06T00:45:56.514+0000] {dag.py:3823} INFO - Setting next_dagrun for ranking_etl to 2025-06-06 00:30:00+00:00, run_after=2025-06-06 01:00:00+00:00
[2025-06-06T00:45:56.552+0000] {processor.py:183} INFO - Processing /opt/airflow/dags/ranking_etl_dag.py took 0.152 seconds
[2025-06-06T00:46:27.139+0000] {processor.py:161} INFO - Started process (PID=802) to work on /opt/airflow/dags/ranking_etl_dag.py
[2025-06-06T00:46:27.140+0000] {processor.py:830} INFO - Processing file /opt/airflow/dags/ranking_etl_dag.py for tasks to queue
[2025-06-06T00:46:27.141+0000] {logging_mixin.py:188} INFO - [2025-06-06T00:46:27.141+0000] {dagbag.py:538} INFO - Filling up the DagBag from /opt/airflow/dags/ranking_etl_dag.py
[2025-06-06T00:46:27.160+0000] {processor.py:840} INFO - DAG(s) 'ranking_etl' retrieved from /opt/airflow/dags/ranking_etl_dag.py
[2025-06-06T00:46:27.180+0000] {logging_mixin.py:188} INFO - [2025-06-06T00:46:27.180+0000] {dag.py:3036} INFO - Sync 1 DAGs
[2025-06-06T00:46:27.202+0000] {logging_mixin.py:188} INFO - [2025-06-06T00:46:27.202+0000] {dag.py:3823} INFO - Setting next_dagrun for ranking_etl to 2025-06-06 00:30:00+00:00, run_after=2025-06-06 01:00:00+00:00
[2025-06-06T00:46:27.229+0000] {processor.py:183} INFO - Processing /opt/airflow/dags/ranking_etl_dag.py took 0.094 seconds
[2025-06-06T00:46:57.917+0000] {processor.py:161} INFO - Started process (PID=832) to work on /opt/airflow/dags/ranking_etl_dag.py
[2025-06-06T00:46:57.918+0000] {processor.py:830} INFO - Processing file /opt/airflow/dags/ranking_etl_dag.py for tasks to queue
[2025-06-06T00:46:57.919+0000] {logging_mixin.py:188} INFO - [2025-06-06T00:46:57.919+0000] {dagbag.py:538} INFO - Filling up the DagBag from /opt/airflow/dags/ranking_etl_dag.py
[2025-06-06T00:46:57.936+0000] {processor.py:840} INFO - DAG(s) 'ranking_etl' retrieved from /opt/airflow/dags/ranking_etl_dag.py
[2025-06-06T00:46:57.956+0000] {logging_mixin.py:188} INFO - [2025-06-06T00:46:57.956+0000] {dag.py:3036} INFO - Sync 1 DAGs
[2025-06-06T00:46:57.979+0000] {logging_mixin.py:188} INFO - [2025-06-06T00:46:57.979+0000] {dag.py:3823} INFO - Setting next_dagrun for ranking_etl to 2025-06-06 00:30:00+00:00, run_after=2025-06-06 01:00:00+00:00
[2025-06-06T00:46:58.007+0000] {processor.py:183} INFO - Processing /opt/airflow/dags/ranking_etl_dag.py took 0.093 seconds
[2025-06-06T00:47:28.622+0000] {processor.py:161} INFO - Started process (PID=862) to work on /opt/airflow/dags/ranking_etl_dag.py
[2025-06-06T00:47:28.623+0000] {processor.py:830} INFO - Processing file /opt/airflow/dags/ranking_etl_dag.py for tasks to queue
[2025-06-06T00:47:28.624+0000] {logging_mixin.py:188} INFO - [2025-06-06T00:47:28.624+0000] {dagbag.py:538} INFO - Filling up the DagBag from /opt/airflow/dags/ranking_etl_dag.py
[2025-06-06T00:47:28.641+0000] {processor.py:840} INFO - DAG(s) 'ranking_etl' retrieved from /opt/airflow/dags/ranking_etl_dag.py
[2025-06-06T00:47:28.660+0000] {logging_mixin.py:188} INFO - [2025-06-06T00:47:28.659+0000] {dag.py:3036} INFO - Sync 1 DAGs
[2025-06-06T00:47:28.680+0000] {logging_mixin.py:188} INFO - [2025-06-06T00:47:28.679+0000] {dag.py:3823} INFO - Setting next_dagrun for ranking_etl to 2025-06-06 00:30:00+00:00, run_after=2025-06-06 01:00:00+00:00
[2025-06-06T00:47:28.705+0000] {processor.py:183} INFO - Processing /opt/airflow/dags/ranking_etl_dag.py took 0.086 seconds
[2025-06-06T00:47:59.366+0000] {processor.py:161} INFO - Started process (PID=892) to work on /opt/airflow/dags/ranking_etl_dag.py
[2025-06-06T00:47:59.367+0000] {processor.py:830} INFO - Processing file /opt/airflow/dags/ranking_etl_dag.py for tasks to queue
[2025-06-06T00:47:59.368+0000] {logging_mixin.py:188} INFO - [2025-06-06T00:47:59.367+0000] {dagbag.py:538} INFO - Filling up the DagBag from /opt/airflow/dags/ranking_etl_dag.py
[2025-06-06T00:47:59.385+0000] {processor.py:840} INFO - DAG(s) 'ranking_etl' retrieved from /opt/airflow/dags/ranking_etl_dag.py
[2025-06-06T00:47:59.405+0000] {logging_mixin.py:188} INFO - [2025-06-06T00:47:59.405+0000] {dag.py:3036} INFO - Sync 1 DAGs
[2025-06-06T00:47:59.426+0000] {logging_mixin.py:188} INFO - [2025-06-06T00:47:59.426+0000] {dag.py:3823} INFO - Setting next_dagrun for ranking_etl to 2025-06-06 00:30:00+00:00, run_after=2025-06-06 01:00:00+00:00
[2025-06-06T00:47:59.451+0000] {processor.py:183} INFO - Processing /opt/airflow/dags/ranking_etl_dag.py took 0.088 seconds
[2025-06-06T00:48:30.110+0000] {processor.py:161} INFO - Started process (PID=922) to work on /opt/airflow/dags/ranking_etl_dag.py
[2025-06-06T00:48:30.111+0000] {processor.py:830} INFO - Processing file /opt/airflow/dags/ranking_etl_dag.py for tasks to queue
[2025-06-06T00:48:30.112+0000] {logging_mixin.py:188} INFO - [2025-06-06T00:48:30.112+0000] {dagbag.py:538} INFO - Filling up the DagBag from /opt/airflow/dags/ranking_etl_dag.py
[2025-06-06T00:48:30.128+0000] {processor.py:840} INFO - DAG(s) 'ranking_etl' retrieved from /opt/airflow/dags/ranking_etl_dag.py
[2025-06-06T00:48:30.148+0000] {logging_mixin.py:188} INFO - [2025-06-06T00:48:30.148+0000] {dag.py:3036} INFO - Sync 1 DAGs
[2025-06-06T00:48:30.170+0000] {logging_mixin.py:188} INFO - [2025-06-06T00:48:30.170+0000] {dag.py:3823} INFO - Setting next_dagrun for ranking_etl to 2025-06-06 00:30:00+00:00, run_after=2025-06-06 01:00:00+00:00
[2025-06-06T00:48:30.206+0000] {processor.py:183} INFO - Processing /opt/airflow/dags/ranking_etl_dag.py took 0.099 seconds
[2025-06-06T00:49:00.862+0000] {processor.py:161} INFO - Started process (PID=952) to work on /opt/airflow/dags/ranking_etl_dag.py
[2025-06-06T00:49:00.862+0000] {processor.py:830} INFO - Processing file /opt/airflow/dags/ranking_etl_dag.py for tasks to queue
[2025-06-06T00:49:00.863+0000] {logging_mixin.py:188} INFO - [2025-06-06T00:49:00.863+0000] {dagbag.py:538} INFO - Filling up the DagBag from /opt/airflow/dags/ranking_etl_dag.py
[2025-06-06T00:49:00.881+0000] {processor.py:840} INFO - DAG(s) 'ranking_etl' retrieved from /opt/airflow/dags/ranking_etl_dag.py
[2025-06-06T00:49:00.902+0000] {logging_mixin.py:188} INFO - [2025-06-06T00:49:00.901+0000] {dag.py:3036} INFO - Sync 1 DAGs
[2025-06-06T00:49:00.924+0000] {logging_mixin.py:188} INFO - [2025-06-06T00:49:00.923+0000] {dag.py:3823} INFO - Setting next_dagrun for ranking_etl to 2025-06-06 00:30:00+00:00, run_after=2025-06-06 01:00:00+00:00
[2025-06-06T00:49:00.947+0000] {processor.py:183} INFO - Processing /opt/airflow/dags/ranking_etl_dag.py took 0.089 seconds
[2025-06-06T00:49:31.601+0000] {processor.py:161} INFO - Started process (PID=982) to work on /opt/airflow/dags/ranking_etl_dag.py
[2025-06-06T00:49:31.602+0000] {processor.py:830} INFO - Processing file /opt/airflow/dags/ranking_etl_dag.py for tasks to queue
[2025-06-06T00:49:31.603+0000] {logging_mixin.py:188} INFO - [2025-06-06T00:49:31.603+0000] {dagbag.py:538} INFO - Filling up the DagBag from /opt/airflow/dags/ranking_etl_dag.py
[2025-06-06T00:49:31.621+0000] {processor.py:840} INFO - DAG(s) 'ranking_etl' retrieved from /opt/airflow/dags/ranking_etl_dag.py
[2025-06-06T00:49:31.645+0000] {logging_mixin.py:188} INFO - [2025-06-06T00:49:31.644+0000] {dag.py:3036} INFO - Sync 1 DAGs
[2025-06-06T00:49:31.668+0000] {logging_mixin.py:188} INFO - [2025-06-06T00:49:31.667+0000] {dag.py:3823} INFO - Setting next_dagrun for ranking_etl to 2025-06-06 00:30:00+00:00, run_after=2025-06-06 01:00:00+00:00
[2025-06-06T00:49:31.690+0000] {processor.py:183} INFO - Processing /opt/airflow/dags/ranking_etl_dag.py took 0.092 seconds
[2025-06-06T00:50:02.297+0000] {processor.py:161} INFO - Started process (PID=1012) to work on /opt/airflow/dags/ranking_etl_dag.py
[2025-06-06T00:50:02.298+0000] {processor.py:830} INFO - Processing file /opt/airflow/dags/ranking_etl_dag.py for tasks to queue
[2025-06-06T00:50:02.299+0000] {logging_mixin.py:188} INFO - [2025-06-06T00:50:02.299+0000] {dagbag.py:538} INFO - Filling up the DagBag from /opt/airflow/dags/ranking_etl_dag.py
[2025-06-06T00:50:02.320+0000] {processor.py:840} INFO - DAG(s) 'ranking_etl' retrieved from /opt/airflow/dags/ranking_etl_dag.py
[2025-06-06T00:50:02.341+0000] {logging_mixin.py:188} INFO - [2025-06-06T00:50:02.341+0000] {dag.py:3036} INFO - Sync 1 DAGs
[2025-06-06T00:50:02.366+0000] {logging_mixin.py:188} INFO - [2025-06-06T00:50:02.366+0000] {dag.py:3823} INFO - Setting next_dagrun for ranking_etl to 2025-06-06 00:30:00+00:00, run_after=2025-06-06 01:00:00+00:00
[2025-06-06T00:50:02.392+0000] {processor.py:183} INFO - Processing /opt/airflow/dags/ranking_etl_dag.py took 0.098 seconds
[2025-06-06T00:50:33.047+0000] {processor.py:161} INFO - Started process (PID=1042) to work on /opt/airflow/dags/ranking_etl_dag.py
[2025-06-06T00:50:33.048+0000] {processor.py:830} INFO - Processing file /opt/airflow/dags/ranking_etl_dag.py for tasks to queue
[2025-06-06T00:50:33.049+0000] {logging_mixin.py:188} INFO - [2025-06-06T00:50:33.049+0000] {dagbag.py:538} INFO - Filling up the DagBag from /opt/airflow/dags/ranking_etl_dag.py
[2025-06-06T00:50:33.081+0000] {processor.py:840} INFO - DAG(s) 'ranking_etl' retrieved from /opt/airflow/dags/ranking_etl_dag.py
[2025-06-06T00:50:33.107+0000] {logging_mixin.py:188} INFO - [2025-06-06T00:50:33.107+0000] {dag.py:3036} INFO - Sync 1 DAGs
[2025-06-06T00:50:33.136+0000] {logging_mixin.py:188} INFO - [2025-06-06T00:50:33.135+0000] {dag.py:3823} INFO - Setting next_dagrun for ranking_etl to 2025-06-06 00:30:00+00:00, run_after=2025-06-06 01:00:00+00:00
[2025-06-06T00:50:33.162+0000] {processor.py:183} INFO - Processing /opt/airflow/dags/ranking_etl_dag.py took 0.120 seconds
