[2025-06-04T18:47:40.450+0000] {taskinstance.py:1956} INFO - Dependencies all met for dep_context=non-requeueable deps ti=<TaskInstance: events_ingestion.fetch_and_store_events_task manual__2025-06-04T18:47:37+00:00 [queued]>
[2025-06-04T18:47:40.458+0000] {taskinstance.py:1956} INFO - Dependencies all met for dep_context=requeueable deps ti=<TaskInstance: events_ingestion.fetch_and_store_events_task manual__2025-06-04T18:47:37+00:00 [queued]>
[2025-06-04T18:47:40.459+0000] {taskinstance.py:2170} INFO - Starting attempt 1 of 1
[2025-06-04T18:47:40.477+0000] {taskinstance.py:2191} INFO - Executing <Task(PythonOperator): fetch_and_store_events_task> on 2025-06-04 18:47:37+00:00
[2025-06-04T18:47:40.480+0000] {standard_task_runner.py:60} INFO - Started process 1170 to run task
[2025-06-04T18:47:40.483+0000] {standard_task_runner.py:87} INFO - Running: ['***', 'tasks', 'run', 'events_ingestion', 'fetch_and_store_events_task', 'manual__2025-06-04T18:47:37+00:00', '--job-id', '8', '--raw', '--subdir', 'DAGS_FOLDER/api_to_db_dag_events.py', '--cfg-path', '/tmp/tmpnpjc_as7']
[2025-06-04T18:47:40.485+0000] {standard_task_runner.py:88} INFO - Job 8: Subtask fetch_and_store_events_task
[2025-06-04T18:47:40.530+0000] {task_command.py:423} INFO - Running <TaskInstance: events_ingestion.fetch_and_store_events_task manual__2025-06-04T18:47:37+00:00 [running]> on host e4f5e6f9211f
[2025-06-04T18:47:40.608+0000] {taskinstance.py:2480} INFO - Exporting env vars: AIRFLOW_CTX_DAG_OWNER='***' AIRFLOW_CTX_DAG_ID='events_ingestion' AIRFLOW_CTX_TASK_ID='fetch_and_store_events_task' AIRFLOW_CTX_EXECUTION_DATE='2025-06-04T18:47:37+00:00' AIRFLOW_CTX_TRY_NUMBER='1' AIRFLOW_CTX_DAG_RUN_ID='manual__2025-06-04T18:47:37+00:00'
[2025-06-04T18:47:40.609+0000] {api_to_db_dag_events.py:37} INFO - Đang gọi API: https://app.circle.so/api/admin/v2/events?page=1&per_page=60
[2025-06-04T18:47:41.076+0000] {api_to_db_dag_events.py:40} INFO - Đã lấy 1 bản ghi từ API (nhiều trang).
[2025-06-04T18:47:41.077+0000] {api_to_db_dag_events.py:47} INFO - Đang kết nối đến cơ sở dữ liệu với Conn ID: QUANG
[2025-06-04T18:47:41.085+0000] {base.py:83} INFO - Using connection ID 'QUANG' for task execution.
[2025-06-04T18:47:41.304+0000] {api_to_db_dag_events.py:53} INFO - Kết nối cơ sở dữ liệu thành công.
[2025-06-04T18:47:41.344+0000] {api_to_db_dag_events.py:144} ERROR - Lỗi khi thao tác với database: (1452, 'Cannot add or update a child row: a foreign key constraint fails (`sql12783027`.`events`, CONSTRAINT `events_ibfk_1` FOREIGN KEY (`community_member_id`) REFERENCES `community_members` (`community_member_id`))')
[2025-06-04T18:47:41.345+0000] {taskinstance.py:2698} ERROR - Task failed with exception
Traceback (most recent call last):
  File "/home/airflow/.local/lib/python3.8/site-packages/airflow/models/taskinstance.py", line 433, in _execute_task
    result = execute_callable(context=context, **execute_callable_kwargs)
  File "/home/airflow/.local/lib/python3.8/site-packages/airflow/operators/python.py", line 199, in execute
    return_value = self.execute_callable()
  File "/home/airflow/.local/lib/python3.8/site-packages/airflow/operators/python.py", line 216, in execute_callable
    return self.python_callable(*self.op_args, **self.op_kwargs)
  File "/opt/airflow/dags/api_to_db_dag_events.py", line 133, in fetch_and_store_events
    cur.executemany(insert_sql, values_to_insert)
  File "/home/airflow/.local/lib/python3.8/site-packages/MySQLdb/cursors.py", line 241, in executemany
    return self._do_execute_many(
  File "/home/airflow/.local/lib/python3.8/site-packages/MySQLdb/cursors.py", line 275, in _do_execute_many
    rows += self.execute(sql + postfix)
  File "/home/airflow/.local/lib/python3.8/site-packages/MySQLdb/cursors.py", line 179, in execute
    res = self._query(mogrified_query)
  File "/home/airflow/.local/lib/python3.8/site-packages/MySQLdb/cursors.py", line 330, in _query
    db.query(q)
  File "/home/airflow/.local/lib/python3.8/site-packages/MySQLdb/connections.py", line 257, in query
    _mysql.connection.query(self, query)
MySQLdb.IntegrityError: (1452, 'Cannot add or update a child row: a foreign key constraint fails (`sql12783027`.`events`, CONSTRAINT `events_ibfk_1` FOREIGN KEY (`community_member_id`) REFERENCES `community_members` (`community_member_id`))')
[2025-06-04T18:47:41.356+0000] {taskinstance.py:1138} INFO - Marking task as FAILED. dag_id=events_ingestion, task_id=fetch_and_store_events_task, execution_date=20250604T184737, start_date=20250604T184740, end_date=20250604T184741
[2025-06-04T18:47:41.370+0000] {standard_task_runner.py:107} ERROR - Failed to execute job 8 for task fetch_and_store_events_task ((1452, 'Cannot add or update a child row: a foreign key constraint fails (`sql12783027`.`events`, CONSTRAINT `events_ibfk_1` FOREIGN KEY (`community_member_id`) REFERENCES `community_members` (`community_member_id`))'); 1170)
[2025-06-04T18:47:41.380+0000] {local_task_job_runner.py:234} INFO - Task exited with return code 1
[2025-06-04T18:47:41.393+0000] {taskinstance.py:3280} INFO - 0 downstream tasks scheduled from follow-on schedule check
