[2025-06-05T06:00:01.225+0000] {taskinstance.py:1956} INFO - Dependencies all met for dep_context=non-requeueable deps ti=<TaskInstance: posts_ingestion.fetch_and_store_posts_task scheduled__2025-06-05T05:30:00+00:00 [queued]>
[2025-06-05T06:00:01.251+0000] {taskinstance.py:1956} INFO - Dependencies all met for dep_context=requeueable deps ti=<TaskInstance: posts_ingestion.fetch_and_store_posts_task scheduled__2025-06-05T05:30:00+00:00 [queued]>
[2025-06-05T06:00:01.253+0000] {taskinstance.py:2170} INFO - Starting attempt 1 of 1
[2025-06-05T06:00:01.455+0000] {taskinstance.py:2191} INFO - Executing <Task(PythonOperator): fetch_and_store_posts_task> on 2025-06-05 05:30:00+00:00
[2025-06-05T06:00:01.468+0000] {standard_task_runner.py:60} INFO - Started process 2975 to run task
[2025-06-05T06:00:01.486+0000] {standard_task_runner.py:87} INFO - Running: ['***', 'tasks', 'run', 'posts_ingestion', 'fetch_and_store_posts_task', 'scheduled__2025-06-05T05:30:00+00:00', '--job-id', '58', '--raw', '--subdir', 'DAGS_FOLDER/api_to_db_dag_post.py', '--cfg-path', '/tmp/tmp7ljwmdqp']
[2025-06-05T06:00:01.527+0000] {standard_task_runner.py:88} INFO - Job 58: Subtask fetch_and_store_posts_task
[2025-06-05T06:00:01.731+0000] {task_command.py:423} INFO - Running <TaskInstance: posts_ingestion.fetch_and_store_posts_task scheduled__2025-06-05T05:30:00+00:00 [running]> on host e4f5e6f9211f
[2025-06-05T06:00:01.987+0000] {taskinstance.py:2480} INFO - Exporting env vars: AIRFLOW_CTX_DAG_OWNER='***' AIRFLOW_CTX_DAG_ID='posts_ingestion' AIRFLOW_CTX_TASK_ID='fetch_and_store_posts_task' AIRFLOW_CTX_EXECUTION_DATE='2025-06-05T05:30:00+00:00' AIRFLOW_CTX_TRY_NUMBER='1' AIRFLOW_CTX_DAG_RUN_ID='scheduled__2025-06-05T05:30:00+00:00'
[2025-06-05T06:00:01.991+0000] {api_to_db_dag_post.py:37} INFO - Đang gọi API: https://app.circle.so/api/admin/v2/posts?page=1&per_page=60
[2025-06-05T06:00:07.139+0000] {api_to_db_dag_post.py:40} INFO - Đã lấy 36 bản ghi từ API (nhiều trang).
[2025-06-05T06:00:07.177+0000] {api_to_db_dag_post.py:42} INFO - Sample record: {'id': 21563123, 'status': 'published', 'name': 'test', 'slug': 'div-data-o-lead-capture-1', 'hide_meta_info': False, 'published_at': '2025-05-16T12:46:34.000Z', 'created_at': '2025-05-16T12:46:34.000Z', 'updated_at': '2025-05-16T12:47:34.544Z', 'is_comments_enabled': True, 'is_liking_enabled': True, 'flagged_for_approval_at': None, 'body': {'id': 78680467, 'name': 'body', 'body': '', 'record_type': 'Post', 'record_id': 21563123, 'created_at': '2025-05-16T12:46:34.000Z', 'updated_at': '2025-05-16T12:46:34.000Z'}, 'tiptap_body': {'body': {'type': 'doc', 'content': []}, 'circle_ios_fallback_text': '', 'attachments': [], 'inline_attachments': [], 'sgids_to_object_map': {}, 'format': 'post', 'community_members': [], 'entities': [], 'group_mentions': [], 'polls': []}, 'url': 'https://via-staging.circle.so/c/test-discussion/div-data-o-lead-capture-1', 'space_name': 'Test Discussion', 'space_slug': 'test-discussion', 'space_id': 1984374, 'user_id': 18507639, 'user_email': 'dklong@vietnamisawesome.com', 'user_name': 'DK Long', 'community_id': 327527, 'user_avatar_url': 'https://app.circle.so/rails/active_storage/representations/redirect/eyJfcmFpbHMiOnsibWVzc2FnZSI6IkJBaHBCSVlsRXdVPSIsImV4cCI6bnVsbCwicHVyIjoiYmxvYl9pZCJ9fQ==--3471ef6a0e9e37628eb6310416c1abeeefe6cc44/eyJfcmFpbHMiOnsibWVzc2FnZSI6IkJBaDdDRG9MWm05eWJXRjBTU0lJYW5CbkJqb0dSVlE2RkhKbGMybDZaVjkwYjE5c2FXMXBkRnNIYVFJc0FXa0NMQUU2Q25OaGRtVnlld1k2Q25OMGNtbHdWQT09IiwiZXhwIjpudWxsLCJwdXIiOiJ2YXJpYXRpb24ifX0=--67365f61f655fbc86c65a51f2e9992ab818c41cd/candidate5.jpg', 'cover_image_url': None, 'cover_image': None, 'cardview_thumbnail_url': None, 'cardview_thumbnail': None, 'is_comments_closed': False, 'custom_html': '<div data-o-lead-capture="1"\n     data-form-uid="DQ2Dd4WV"\n     data-mode="embed">\n</div>', 'likes_count': 0, 'comments_count': 0, 'member_posts_count': 5, 'member_comments_count': 4, 'member_likes_count': 3, 'topics': []}
[2025-06-05T06:00:07.183+0000] {api_to_db_dag_post.py:49} INFO - Đang kết nối đến cơ sở dữ liệu với Conn ID: QUANG
[2025-06-05T06:00:07.224+0000] {base.py:83} INFO - Using connection ID 'QUANG' for task execution.
[2025-06-05T06:00:07.491+0000] {api_to_db_dag_post.py:55} INFO - Kết nối cơ sở dữ liệu thành công.
[2025-06-05T06:00:07.544+0000] {api_to_db_dag_post.py:113} WARNING - Bỏ qua post id=21563123 vì user_id=18507639 không tồn tại trong community_members
[2025-06-05T06:00:07.547+0000] {api_to_db_dag_post.py:113} WARNING - Bỏ qua post id=21563123 vì user_id=18507639 không tồn tại trong community_members
[2025-06-05T06:00:07.549+0000] {api_to_db_dag_post.py:113} WARNING - Bỏ qua post id=21405873 vì user_id=28410442 không tồn tại trong community_members
[2025-06-05T06:00:07.558+0000] {api_to_db_dag_post.py:113} WARNING - Bỏ qua post id=21563123 vì user_id=18507639 không tồn tại trong community_members
[2025-06-05T06:00:07.563+0000] {api_to_db_dag_post.py:113} WARNING - Bỏ qua post id=21405873 vì user_id=28410442 không tồn tại trong community_members
[2025-06-05T06:00:07.566+0000] {api_to_db_dag_post.py:113} WARNING - Bỏ qua post id=21314353 vì user_id=28410442 không tồn tại trong community_members
[2025-06-05T06:00:07.568+0000] {api_to_db_dag_post.py:113} WARNING - Bỏ qua post id=21563123 vì user_id=18507639 không tồn tại trong community_members
[2025-06-05T06:00:07.569+0000] {api_to_db_dag_post.py:113} WARNING - Bỏ qua post id=21405873 vì user_id=28410442 không tồn tại trong community_members
[2025-06-05T06:00:07.571+0000] {api_to_db_dag_post.py:113} WARNING - Bỏ qua post id=21314353 vì user_id=28410442 không tồn tại trong community_members
[2025-06-05T06:00:07.573+0000] {api_to_db_dag_post.py:113} WARNING - Bỏ qua post id=21314349 vì user_id=28410442 không tồn tại trong community_members
[2025-06-05T06:00:07.575+0000] {api_to_db_dag_post.py:113} WARNING - Bỏ qua post id=21563123 vì user_id=18507639 không tồn tại trong community_members
[2025-06-05T06:00:07.579+0000] {api_to_db_dag_post.py:113} WARNING - Bỏ qua post id=21405873 vì user_id=28410442 không tồn tại trong community_members
[2025-06-05T06:00:07.581+0000] {api_to_db_dag_post.py:113} WARNING - Bỏ qua post id=21314353 vì user_id=28410442 không tồn tại trong community_members
[2025-06-05T06:00:07.583+0000] {api_to_db_dag_post.py:113} WARNING - Bỏ qua post id=21314349 vì user_id=28410442 không tồn tại trong community_members
[2025-06-05T06:00:07.585+0000] {api_to_db_dag_post.py:113} WARNING - Bỏ qua post id=21314340 vì user_id=28410442 không tồn tại trong community_members
[2025-06-05T06:00:07.587+0000] {api_to_db_dag_post.py:113} WARNING - Bỏ qua post id=21563123 vì user_id=18507639 không tồn tại trong community_members
[2025-06-05T06:00:07.590+0000] {api_to_db_dag_post.py:113} WARNING - Bỏ qua post id=21405873 vì user_id=28410442 không tồn tại trong community_members
[2025-06-05T06:00:07.592+0000] {api_to_db_dag_post.py:113} WARNING - Bỏ qua post id=21314353 vì user_id=28410442 không tồn tại trong community_members
[2025-06-05T06:00:07.599+0000] {api_to_db_dag_post.py:113} WARNING - Bỏ qua post id=21314349 vì user_id=28410442 không tồn tại trong community_members
[2025-06-05T06:00:07.602+0000] {api_to_db_dag_post.py:113} WARNING - Bỏ qua post id=21314340 vì user_id=28410442 không tồn tại trong community_members
[2025-06-05T06:00:07.603+0000] {api_to_db_dag_post.py:113} WARNING - Bỏ qua post id=21097340 vì user_id=18507639 không tồn tại trong community_members
[2025-06-05T06:00:07.607+0000] {api_to_db_dag_post.py:113} WARNING - Bỏ qua post id=21563123 vì user_id=18507639 không tồn tại trong community_members
[2025-06-05T06:00:07.609+0000] {api_to_db_dag_post.py:113} WARNING - Bỏ qua post id=21405873 vì user_id=28410442 không tồn tại trong community_members
[2025-06-05T06:00:07.610+0000] {api_to_db_dag_post.py:113} WARNING - Bỏ qua post id=21314353 vì user_id=28410442 không tồn tại trong community_members
[2025-06-05T06:00:07.612+0000] {api_to_db_dag_post.py:113} WARNING - Bỏ qua post id=21314349 vì user_id=28410442 không tồn tại trong community_members
[2025-06-05T06:00:07.614+0000] {api_to_db_dag_post.py:113} WARNING - Bỏ qua post id=21314340 vì user_id=28410442 không tồn tại trong community_members
[2025-06-05T06:00:07.617+0000] {api_to_db_dag_post.py:113} WARNING - Bỏ qua post id=21097340 vì user_id=18507639 không tồn tại trong community_members
[2025-06-05T06:00:07.619+0000] {api_to_db_dag_post.py:113} WARNING - Bỏ qua post id=20854265 vì user_id=18507639 không tồn tại trong community_members
[2025-06-05T06:00:07.620+0000] {api_to_db_dag_post.py:113} WARNING - Bỏ qua post id=21563123 vì user_id=18507639 không tồn tại trong community_members
[2025-06-05T06:00:07.633+0000] {api_to_db_dag_post.py:113} WARNING - Bỏ qua post id=21405873 vì user_id=28410442 không tồn tại trong community_members
[2025-06-05T06:00:07.640+0000] {api_to_db_dag_post.py:113} WARNING - Bỏ qua post id=21314353 vì user_id=28410442 không tồn tại trong community_members
[2025-06-05T06:00:07.645+0000] {api_to_db_dag_post.py:113} WARNING - Bỏ qua post id=21314349 vì user_id=28410442 không tồn tại trong community_members
[2025-06-05T06:00:07.654+0000] {api_to_db_dag_post.py:113} WARNING - Bỏ qua post id=21314340 vì user_id=28410442 không tồn tại trong community_members
[2025-06-05T06:00:07.657+0000] {api_to_db_dag_post.py:113} WARNING - Bỏ qua post id=21097340 vì user_id=18507639 không tồn tại trong community_members
[2025-06-05T06:00:07.677+0000] {api_to_db_dag_post.py:113} WARNING - Bỏ qua post id=20854265 vì user_id=18507639 không tồn tại trong community_members
[2025-06-05T06:00:07.681+0000] {api_to_db_dag_post.py:113} WARNING - Bỏ qua post id=20671265 vì user_id=18507639 không tồn tại trong community_members
[2025-06-05T06:00:07.683+0000] {api_to_db_dag_post.py:131} INFO - Không có bản ghi hợp lệ nào để chèn vào DB.
[2025-06-05T06:00:07.700+0000] {api_to_db_dag_post.py:135} INFO - Đã đóng kết nối cơ sở dữ liệu.
[2025-06-05T06:00:07.711+0000] {python.py:201} INFO - Done. Returned value was: None
[2025-06-05T06:00:07.755+0000] {taskinstance.py:1138} INFO - Marking task as SUCCESS. dag_id=posts_ingestion, task_id=fetch_and_store_posts_task, execution_date=20250605T053000, start_date=20250605T060001, end_date=20250605T060007
[2025-06-05T06:00:07.884+0000] {local_task_job_runner.py:234} INFO - Task exited with return code 0
[2025-06-05T06:00:07.994+0000] {taskinstance.py:3280} INFO - 0 downstream tasks scheduled from follow-on schedule check
