[2025-06-05T06:49:54.847+0000] {processor.py:161} INFO - Started process (PID=4969) to work on /opt/airflow/dags/post_challenges_etl_dag.py
[2025-06-05T06:49:54.849+0000] {processor.py:830} INFO - Processing file /opt/airflow/dags/post_challenges_etl_dag.py for tasks to queue
[2025-06-05T06:49:54.850+0000] {logging_mixin.py:188} INFO - [2025-06-05T06:49:54.850+0000] {dagbag.py:538} INFO - Filling up the DagBag from /opt/airflow/dags/post_challenges_etl_dag.py
[2025-06-05T06:49:54.892+0000] {processor.py:840} INFO - DAG(s) 'post_challenges_etl' retrieved from /opt/airflow/dags/post_challenges_etl_dag.py
[2025-06-05T06:49:55.312+0000] {logging_mixin.py:188} INFO - [2025-06-05T06:49:55.311+0000] {override.py:1769} INFO - Created Permission View: can read on DAG:post_challenges_etl
[2025-06-05T06:49:55.338+0000] {logging_mixin.py:188} INFO - [2025-06-05T06:49:55.337+0000] {override.py:1769} INFO - Created Permission View: can delete on DAG:post_challenges_etl
[2025-06-05T06:49:55.355+0000] {logging_mixin.py:188} INFO - [2025-06-05T06:49:55.354+0000] {override.py:1769} INFO - Created Permission View: can edit on DAG:post_challenges_etl
[2025-06-05T06:49:55.356+0000] {logging_mixin.py:188} INFO - [2025-06-05T06:49:55.356+0000] {dag.py:3036} INFO - Sync 1 DAGs
[2025-06-05T06:49:55.374+0000] {logging_mixin.py:188} INFO - [2025-06-05T06:49:55.373+0000] {dag.py:3058} INFO - Creating ORM DAG for post_challenges_etl
[2025-06-05T06:49:55.394+0000] {logging_mixin.py:188} INFO - [2025-06-05T06:49:55.394+0000] {dag.py:3823} INFO - Setting next_dagrun for post_challenges_etl to 2025-06-05 06:00:00+00:00, run_after=2025-06-05 06:30:00+00:00
[2025-06-05T06:49:55.432+0000] {processor.py:183} INFO - Processing /opt/airflow/dags/post_challenges_etl_dag.py took 0.589 seconds
[2025-06-05T06:50:25.504+0000] {processor.py:161} INFO - Started process (PID=4999) to work on /opt/airflow/dags/post_challenges_etl_dag.py
[2025-06-05T06:50:25.505+0000] {processor.py:830} INFO - Processing file /opt/airflow/dags/post_challenges_etl_dag.py for tasks to queue
[2025-06-05T06:50:25.507+0000] {logging_mixin.py:188} INFO - [2025-06-05T06:50:25.507+0000] {dagbag.py:538} INFO - Filling up the DagBag from /opt/airflow/dags/post_challenges_etl_dag.py
[2025-06-05T06:50:25.552+0000] {processor.py:840} INFO - DAG(s) 'post_challenges_etl' retrieved from /opt/airflow/dags/post_challenges_etl_dag.py
[2025-06-05T06:50:25.599+0000] {logging_mixin.py:188} INFO - [2025-06-05T06:50:25.599+0000] {dag.py:3036} INFO - Sync 1 DAGs
[2025-06-05T06:50:25.640+0000] {logging_mixin.py:188} INFO - [2025-06-05T06:50:25.640+0000] {dag.py:3823} INFO - Setting next_dagrun for post_challenges_etl to 2025-06-05 06:00:00+00:00, run_after=2025-06-05 06:30:00+00:00
[2025-06-05T06:50:25.684+0000] {processor.py:183} INFO - Processing /opt/airflow/dags/post_challenges_etl_dag.py took 0.185 seconds
[2025-06-05T06:50:56.121+0000] {processor.py:161} INFO - Started process (PID=5029) to work on /opt/airflow/dags/post_challenges_etl_dag.py
[2025-06-05T06:50:56.126+0000] {processor.py:830} INFO - Processing file /opt/airflow/dags/post_challenges_etl_dag.py for tasks to queue
[2025-06-05T06:50:56.131+0000] {logging_mixin.py:188} INFO - [2025-06-05T06:50:56.130+0000] {dagbag.py:538} INFO - Filling up the DagBag from /opt/airflow/dags/post_challenges_etl_dag.py
[2025-06-05T06:50:56.220+0000] {processor.py:840} INFO - DAG(s) 'post_challenges_etl' retrieved from /opt/airflow/dags/post_challenges_etl_dag.py
[2025-06-05T06:50:56.316+0000] {logging_mixin.py:188} INFO - [2025-06-05T06:50:56.315+0000] {dag.py:3036} INFO - Sync 1 DAGs
[2025-06-05T06:50:56.759+0000] {logging_mixin.py:188} INFO - [2025-06-05T06:50:56.758+0000] {dag.py:3823} INFO - Setting next_dagrun for post_challenges_etl to 2025-06-05 06:00:00+00:00, run_after=2025-06-05 06:30:00+00:00
[2025-06-05T06:50:56.832+0000] {processor.py:183} INFO - Processing /opt/airflow/dags/post_challenges_etl_dag.py took 0.729 seconds
[2025-06-05T06:51:26.937+0000] {processor.py:161} INFO - Started process (PID=5059) to work on /opt/airflow/dags/post_challenges_etl_dag.py
[2025-06-05T06:51:26.939+0000] {processor.py:830} INFO - Processing file /opt/airflow/dags/post_challenges_etl_dag.py for tasks to queue
[2025-06-05T06:51:26.940+0000] {logging_mixin.py:188} INFO - [2025-06-05T06:51:26.939+0000] {dagbag.py:538} INFO - Filling up the DagBag from /opt/airflow/dags/post_challenges_etl_dag.py
[2025-06-05T06:51:26.957+0000] {processor.py:840} INFO - DAG(s) 'post_challenges_etl' retrieved from /opt/airflow/dags/post_challenges_etl_dag.py
[2025-06-05T06:51:26.979+0000] {logging_mixin.py:188} INFO - [2025-06-05T06:51:26.978+0000] {dag.py:3036} INFO - Sync 1 DAGs
[2025-06-05T06:51:27.001+0000] {logging_mixin.py:188} INFO - [2025-06-05T06:51:27.001+0000] {dag.py:3823} INFO - Setting next_dagrun for post_challenges_etl to 2025-06-05 06:00:00+00:00, run_after=2025-06-05 06:30:00+00:00
[2025-06-05T06:51:27.025+0000] {processor.py:183} INFO - Processing /opt/airflow/dags/post_challenges_etl_dag.py took 0.091 seconds
[2025-06-05T06:51:57.869+0000] {processor.py:161} INFO - Started process (PID=5089) to work on /opt/airflow/dags/post_challenges_etl_dag.py
[2025-06-05T06:51:57.871+0000] {processor.py:830} INFO - Processing file /opt/airflow/dags/post_challenges_etl_dag.py for tasks to queue
[2025-06-05T06:51:57.871+0000] {logging_mixin.py:188} INFO - [2025-06-05T06:51:57.871+0000] {dagbag.py:538} INFO - Filling up the DagBag from /opt/airflow/dags/post_challenges_etl_dag.py
[2025-06-05T06:51:57.889+0000] {processor.py:840} INFO - DAG(s) 'post_challenges_etl' retrieved from /opt/airflow/dags/post_challenges_etl_dag.py
[2025-06-05T06:51:57.912+0000] {logging_mixin.py:188} INFO - [2025-06-05T06:51:57.912+0000] {dag.py:3036} INFO - Sync 1 DAGs
[2025-06-05T06:51:57.934+0000] {logging_mixin.py:188} INFO - [2025-06-05T06:51:57.933+0000] {dag.py:3823} INFO - Setting next_dagrun for post_challenges_etl to 2025-06-05 06:00:00+00:00, run_after=2025-06-05 06:30:00+00:00
[2025-06-05T06:51:57.971+0000] {processor.py:183} INFO - Processing /opt/airflow/dags/post_challenges_etl_dag.py took 0.105 seconds
[2025-06-05T06:52:28.743+0000] {processor.py:161} INFO - Started process (PID=5119) to work on /opt/airflow/dags/post_challenges_etl_dag.py
[2025-06-05T06:52:28.744+0000] {processor.py:830} INFO - Processing file /opt/airflow/dags/post_challenges_etl_dag.py for tasks to queue
[2025-06-05T06:52:28.745+0000] {logging_mixin.py:188} INFO - [2025-06-05T06:52:28.745+0000] {dagbag.py:538} INFO - Filling up the DagBag from /opt/airflow/dags/post_challenges_etl_dag.py
[2025-06-05T06:52:28.763+0000] {processor.py:840} INFO - DAG(s) 'post_challenges_etl' retrieved from /opt/airflow/dags/post_challenges_etl_dag.py
[2025-06-05T06:52:28.785+0000] {logging_mixin.py:188} INFO - [2025-06-05T06:52:28.785+0000] {dag.py:3036} INFO - Sync 1 DAGs
[2025-06-05T06:52:28.809+0000] {logging_mixin.py:188} INFO - [2025-06-05T06:52:28.809+0000] {dag.py:3823} INFO - Setting next_dagrun for post_challenges_etl to 2025-06-05 06:00:00+00:00, run_after=2025-06-05 06:30:00+00:00
[2025-06-05T06:52:28.832+0000] {processor.py:183} INFO - Processing /opt/airflow/dags/post_challenges_etl_dag.py took 0.093 seconds
[2025-06-05T06:52:59.675+0000] {processor.py:161} INFO - Started process (PID=5149) to work on /opt/airflow/dags/post_challenges_etl_dag.py
[2025-06-05T06:52:59.677+0000] {processor.py:830} INFO - Processing file /opt/airflow/dags/post_challenges_etl_dag.py for tasks to queue
[2025-06-05T06:52:59.678+0000] {logging_mixin.py:188} INFO - [2025-06-05T06:52:59.678+0000] {dagbag.py:538} INFO - Filling up the DagBag from /opt/airflow/dags/post_challenges_etl_dag.py
[2025-06-05T06:52:59.707+0000] {processor.py:840} INFO - DAG(s) 'post_challenges_etl' retrieved from /opt/airflow/dags/post_challenges_etl_dag.py
[2025-06-05T06:52:59.736+0000] {logging_mixin.py:188} INFO - [2025-06-05T06:52:59.736+0000] {dag.py:3036} INFO - Sync 1 DAGs
[2025-06-05T06:52:59.766+0000] {logging_mixin.py:188} INFO - [2025-06-05T06:52:59.766+0000] {dag.py:3823} INFO - Setting next_dagrun for post_challenges_etl to 2025-06-05 06:00:00+00:00, run_after=2025-06-05 06:30:00+00:00
[2025-06-05T06:52:59.798+0000] {processor.py:183} INFO - Processing /opt/airflow/dags/post_challenges_etl_dag.py took 0.127 seconds
[2025-06-05T06:53:29.934+0000] {processor.py:161} INFO - Started process (PID=5179) to work on /opt/airflow/dags/post_challenges_etl_dag.py
[2025-06-05T06:53:29.935+0000] {processor.py:830} INFO - Processing file /opt/airflow/dags/post_challenges_etl_dag.py for tasks to queue
[2025-06-05T06:53:29.936+0000] {logging_mixin.py:188} INFO - [2025-06-05T06:53:29.936+0000] {dagbag.py:538} INFO - Filling up the DagBag from /opt/airflow/dags/post_challenges_etl_dag.py
[2025-06-05T06:53:29.953+0000] {processor.py:840} INFO - DAG(s) 'post_challenges_etl' retrieved from /opt/airflow/dags/post_challenges_etl_dag.py
[2025-06-05T06:53:29.979+0000] {logging_mixin.py:188} INFO - [2025-06-05T06:53:29.978+0000] {dag.py:3036} INFO - Sync 1 DAGs
[2025-06-05T06:53:30.004+0000] {logging_mixin.py:188} INFO - [2025-06-05T06:53:30.004+0000] {dag.py:3823} INFO - Setting next_dagrun for post_challenges_etl to 2025-06-05 06:00:00+00:00, run_after=2025-06-05 06:30:00+00:00
[2025-06-05T06:53:30.040+0000] {processor.py:183} INFO - Processing /opt/airflow/dags/post_challenges_etl_dag.py took 0.109 seconds
[2025-06-05T06:54:00.897+0000] {processor.py:161} INFO - Started process (PID=5209) to work on /opt/airflow/dags/post_challenges_etl_dag.py
[2025-06-05T06:54:00.898+0000] {processor.py:830} INFO - Processing file /opt/airflow/dags/post_challenges_etl_dag.py for tasks to queue
[2025-06-05T06:54:00.898+0000] {logging_mixin.py:188} INFO - [2025-06-05T06:54:00.898+0000] {dagbag.py:538} INFO - Filling up the DagBag from /opt/airflow/dags/post_challenges_etl_dag.py
[2025-06-05T06:54:00.915+0000] {processor.py:840} INFO - DAG(s) 'post_challenges_etl' retrieved from /opt/airflow/dags/post_challenges_etl_dag.py
[2025-06-05T06:54:00.938+0000] {logging_mixin.py:188} INFO - [2025-06-05T06:54:00.938+0000] {dag.py:3036} INFO - Sync 1 DAGs
[2025-06-05T06:54:00.959+0000] {logging_mixin.py:188} INFO - [2025-06-05T06:54:00.958+0000] {dag.py:3823} INFO - Setting next_dagrun for post_challenges_etl to 2025-06-05 06:00:00+00:00, run_after=2025-06-05 06:30:00+00:00
[2025-06-05T06:54:00.981+0000] {processor.py:183} INFO - Processing /opt/airflow/dags/post_challenges_etl_dag.py took 0.088 seconds
[2025-06-05T06:54:31.830+0000] {processor.py:161} INFO - Started process (PID=5239) to work on /opt/airflow/dags/post_challenges_etl_dag.py
[2025-06-05T06:54:31.831+0000] {processor.py:830} INFO - Processing file /opt/airflow/dags/post_challenges_etl_dag.py for tasks to queue
[2025-06-05T06:54:31.832+0000] {logging_mixin.py:188} INFO - [2025-06-05T06:54:31.832+0000] {dagbag.py:538} INFO - Filling up the DagBag from /opt/airflow/dags/post_challenges_etl_dag.py
[2025-06-05T06:54:31.856+0000] {processor.py:840} INFO - DAG(s) 'post_challenges_etl' retrieved from /opt/airflow/dags/post_challenges_etl_dag.py
[2025-06-05T06:54:31.889+0000] {logging_mixin.py:188} INFO - [2025-06-05T06:54:31.889+0000] {dag.py:3036} INFO - Sync 1 DAGs
[2025-06-05T06:54:31.932+0000] {logging_mixin.py:188} INFO - [2025-06-05T06:54:31.931+0000] {dag.py:3823} INFO - Setting next_dagrun for post_challenges_etl to 2025-06-05 06:00:00+00:00, run_after=2025-06-05 06:30:00+00:00
[2025-06-05T06:54:31.974+0000] {processor.py:183} INFO - Processing /opt/airflow/dags/post_challenges_etl_dag.py took 0.148 seconds
[2025-06-05T06:55:02.837+0000] {processor.py:161} INFO - Started process (PID=5269) to work on /opt/airflow/dags/post_challenges_etl_dag.py
[2025-06-05T06:55:02.838+0000] {processor.py:830} INFO - Processing file /opt/airflow/dags/post_challenges_etl_dag.py for tasks to queue
[2025-06-05T06:55:02.839+0000] {logging_mixin.py:188} INFO - [2025-06-05T06:55:02.839+0000] {dagbag.py:538} INFO - Filling up the DagBag from /opt/airflow/dags/post_challenges_etl_dag.py
[2025-06-05T06:55:02.855+0000] {processor.py:840} INFO - DAG(s) 'post_challenges_etl' retrieved from /opt/airflow/dags/post_challenges_etl_dag.py
[2025-06-05T06:55:02.878+0000] {logging_mixin.py:188} INFO - [2025-06-05T06:55:02.877+0000] {dag.py:3036} INFO - Sync 1 DAGs
[2025-06-05T06:55:02.906+0000] {logging_mixin.py:188} INFO - [2025-06-05T06:55:02.906+0000] {dag.py:3823} INFO - Setting next_dagrun for post_challenges_etl to 2025-06-05 06:00:00+00:00, run_after=2025-06-05 06:30:00+00:00
[2025-06-05T06:55:02.935+0000] {processor.py:183} INFO - Processing /opt/airflow/dags/post_challenges_etl_dag.py took 0.101 seconds
[2025-06-05T06:55:33.743+0000] {processor.py:161} INFO - Started process (PID=5299) to work on /opt/airflow/dags/post_challenges_etl_dag.py
[2025-06-05T06:55:33.744+0000] {processor.py:830} INFO - Processing file /opt/airflow/dags/post_challenges_etl_dag.py for tasks to queue
[2025-06-05T06:55:33.745+0000] {logging_mixin.py:188} INFO - [2025-06-05T06:55:33.745+0000] {dagbag.py:538} INFO - Filling up the DagBag from /opt/airflow/dags/post_challenges_etl_dag.py
[2025-06-05T06:55:33.762+0000] {processor.py:840} INFO - DAG(s) 'post_challenges_etl' retrieved from /opt/airflow/dags/post_challenges_etl_dag.py
[2025-06-05T06:55:33.784+0000] {logging_mixin.py:188} INFO - [2025-06-05T06:55:33.784+0000] {dag.py:3036} INFO - Sync 1 DAGs
[2025-06-05T06:55:33.807+0000] {logging_mixin.py:188} INFO - [2025-06-05T06:55:33.807+0000] {dag.py:3823} INFO - Setting next_dagrun for post_challenges_etl to 2025-06-05 06:00:00+00:00, run_after=2025-06-05 06:30:00+00:00
[2025-06-05T06:55:33.831+0000] {processor.py:183} INFO - Processing /opt/airflow/dags/post_challenges_etl_dag.py took 0.091 seconds
[2025-06-05T06:56:04.536+0000] {processor.py:161} INFO - Started process (PID=5329) to work on /opt/airflow/dags/post_challenges_etl_dag.py
[2025-06-05T06:56:04.537+0000] {processor.py:830} INFO - Processing file /opt/airflow/dags/post_challenges_etl_dag.py for tasks to queue
[2025-06-05T06:56:04.539+0000] {logging_mixin.py:188} INFO - [2025-06-05T06:56:04.538+0000] {dagbag.py:538} INFO - Filling up the DagBag from /opt/airflow/dags/post_challenges_etl_dag.py
[2025-06-05T06:56:04.562+0000] {processor.py:840} INFO - DAG(s) 'post_challenges_etl' retrieved from /opt/airflow/dags/post_challenges_etl_dag.py
[2025-06-05T06:56:04.585+0000] {logging_mixin.py:188} INFO - [2025-06-05T06:56:04.585+0000] {dag.py:3036} INFO - Sync 1 DAGs
[2025-06-05T06:56:04.612+0000] {logging_mixin.py:188} INFO - [2025-06-05T06:56:04.611+0000] {dag.py:3823} INFO - Setting next_dagrun for post_challenges_etl to 2025-06-05 06:00:00+00:00, run_after=2025-06-05 06:30:00+00:00
[2025-06-05T06:56:04.639+0000] {processor.py:183} INFO - Processing /opt/airflow/dags/post_challenges_etl_dag.py took 0.107 seconds
[2025-06-05T06:56:35.383+0000] {processor.py:161} INFO - Started process (PID=5359) to work on /opt/airflow/dags/post_challenges_etl_dag.py
[2025-06-05T06:56:35.384+0000] {processor.py:830} INFO - Processing file /opt/airflow/dags/post_challenges_etl_dag.py for tasks to queue
[2025-06-05T06:56:35.384+0000] {logging_mixin.py:188} INFO - [2025-06-05T06:56:35.384+0000] {dagbag.py:538} INFO - Filling up the DagBag from /opt/airflow/dags/post_challenges_etl_dag.py
[2025-06-05T06:56:35.401+0000] {processor.py:840} INFO - DAG(s) 'post_challenges_etl' retrieved from /opt/airflow/dags/post_challenges_etl_dag.py
[2025-06-05T06:56:35.424+0000] {logging_mixin.py:188} INFO - [2025-06-05T06:56:35.424+0000] {dag.py:3036} INFO - Sync 1 DAGs
[2025-06-05T06:56:35.447+0000] {logging_mixin.py:188} INFO - [2025-06-05T06:56:35.447+0000] {dag.py:3823} INFO - Setting next_dagrun for post_challenges_etl to 2025-06-05 06:00:00+00:00, run_after=2025-06-05 06:30:00+00:00
[2025-06-05T06:56:35.473+0000] {processor.py:183} INFO - Processing /opt/airflow/dags/post_challenges_etl_dag.py took 0.093 seconds
[2025-06-05T06:57:05.613+0000] {processor.py:161} INFO - Started process (PID=5389) to work on /opt/airflow/dags/post_challenges_etl_dag.py
[2025-06-05T06:57:05.617+0000] {processor.py:830} INFO - Processing file /opt/airflow/dags/post_challenges_etl_dag.py for tasks to queue
[2025-06-05T06:57:05.620+0000] {logging_mixin.py:188} INFO - [2025-06-05T06:57:05.619+0000] {dagbag.py:538} INFO - Filling up the DagBag from /opt/airflow/dags/post_challenges_etl_dag.py
[2025-06-05T06:57:05.675+0000] {processor.py:840} INFO - DAG(s) 'post_challenges_etl' retrieved from /opt/airflow/dags/post_challenges_etl_dag.py
[2025-06-05T06:57:05.729+0000] {logging_mixin.py:188} INFO - [2025-06-05T06:57:05.728+0000] {dag.py:3036} INFO - Sync 1 DAGs
[2025-06-05T06:57:05.777+0000] {logging_mixin.py:188} INFO - [2025-06-05T06:57:05.776+0000] {dag.py:3823} INFO - Setting next_dagrun for post_challenges_etl to 2025-06-05 06:00:00+00:00, run_after=2025-06-05 06:30:00+00:00
[2025-06-05T06:57:05.829+0000] {processor.py:183} INFO - Processing /opt/airflow/dags/post_challenges_etl_dag.py took 0.225 seconds
[2025-06-05T06:57:36.663+0000] {processor.py:161} INFO - Started process (PID=5419) to work on /opt/airflow/dags/post_challenges_etl_dag.py
[2025-06-05T06:57:36.664+0000] {processor.py:830} INFO - Processing file /opt/airflow/dags/post_challenges_etl_dag.py for tasks to queue
[2025-06-05T06:57:36.665+0000] {logging_mixin.py:188} INFO - [2025-06-05T06:57:36.665+0000] {dagbag.py:538} INFO - Filling up the DagBag from /opt/airflow/dags/post_challenges_etl_dag.py
[2025-06-05T06:57:36.682+0000] {processor.py:840} INFO - DAG(s) 'post_challenges_etl' retrieved from /opt/airflow/dags/post_challenges_etl_dag.py
[2025-06-05T06:57:36.703+0000] {logging_mixin.py:188} INFO - [2025-06-05T06:57:36.703+0000] {dag.py:3036} INFO - Sync 1 DAGs
[2025-06-05T06:57:36.725+0000] {logging_mixin.py:188} INFO - [2025-06-05T06:57:36.725+0000] {dag.py:3823} INFO - Setting next_dagrun for post_challenges_etl to 2025-06-05 06:00:00+00:00, run_after=2025-06-05 06:30:00+00:00
[2025-06-05T06:57:36.750+0000] {processor.py:183} INFO - Processing /opt/airflow/dags/post_challenges_etl_dag.py took 0.089 seconds
[2025-06-05T06:58:07.562+0000] {processor.py:161} INFO - Started process (PID=5449) to work on /opt/airflow/dags/post_challenges_etl_dag.py
[2025-06-05T06:58:07.564+0000] {processor.py:830} INFO - Processing file /opt/airflow/dags/post_challenges_etl_dag.py for tasks to queue
[2025-06-05T06:58:07.565+0000] {logging_mixin.py:188} INFO - [2025-06-05T06:58:07.565+0000] {dagbag.py:538} INFO - Filling up the DagBag from /opt/airflow/dags/post_challenges_etl_dag.py
[2025-06-05T06:58:07.583+0000] {processor.py:840} INFO - DAG(s) 'post_challenges_etl' retrieved from /opt/airflow/dags/post_challenges_etl_dag.py
[2025-06-05T06:58:07.604+0000] {logging_mixin.py:188} INFO - [2025-06-05T06:58:07.604+0000] {dag.py:3036} INFO - Sync 1 DAGs
[2025-06-05T06:58:07.625+0000] {logging_mixin.py:188} INFO - [2025-06-05T06:58:07.624+0000] {dag.py:3823} INFO - Setting next_dagrun for post_challenges_etl to 2025-06-05 06:00:00+00:00, run_after=2025-06-05 06:30:00+00:00
[2025-06-05T06:58:07.650+0000] {processor.py:183} INFO - Processing /opt/airflow/dags/post_challenges_etl_dag.py took 0.092 seconds
[2025-06-05T06:58:38.457+0000] {processor.py:161} INFO - Started process (PID=5479) to work on /opt/airflow/dags/post_challenges_etl_dag.py
[2025-06-05T06:58:38.458+0000] {processor.py:830} INFO - Processing file /opt/airflow/dags/post_challenges_etl_dag.py for tasks to queue
[2025-06-05T06:58:38.460+0000] {logging_mixin.py:188} INFO - [2025-06-05T06:58:38.459+0000] {dagbag.py:538} INFO - Filling up the DagBag from /opt/airflow/dags/post_challenges_etl_dag.py
[2025-06-05T06:58:38.480+0000] {processor.py:840} INFO - DAG(s) 'post_challenges_etl' retrieved from /opt/airflow/dags/post_challenges_etl_dag.py
[2025-06-05T06:58:38.501+0000] {logging_mixin.py:188} INFO - [2025-06-05T06:58:38.501+0000] {dag.py:3036} INFO - Sync 1 DAGs
[2025-06-05T06:58:38.523+0000] {logging_mixin.py:188} INFO - [2025-06-05T06:58:38.522+0000] {dag.py:3823} INFO - Setting next_dagrun for post_challenges_etl to 2025-06-05 06:00:00+00:00, run_after=2025-06-05 06:30:00+00:00
[2025-06-05T06:58:38.549+0000] {processor.py:183} INFO - Processing /opt/airflow/dags/post_challenges_etl_dag.py took 0.095 seconds
[2025-06-05T06:59:09.373+0000] {processor.py:161} INFO - Started process (PID=5509) to work on /opt/airflow/dags/post_challenges_etl_dag.py
[2025-06-05T06:59:09.375+0000] {processor.py:830} INFO - Processing file /opt/airflow/dags/post_challenges_etl_dag.py for tasks to queue
[2025-06-05T06:59:09.376+0000] {logging_mixin.py:188} INFO - [2025-06-05T06:59:09.375+0000] {dagbag.py:538} INFO - Filling up the DagBag from /opt/airflow/dags/post_challenges_etl_dag.py
[2025-06-05T06:59:09.393+0000] {processor.py:840} INFO - DAG(s) 'post_challenges_etl' retrieved from /opt/airflow/dags/post_challenges_etl_dag.py
[2025-06-05T06:59:09.413+0000] {logging_mixin.py:188} INFO - [2025-06-05T06:59:09.413+0000] {dag.py:3036} INFO - Sync 1 DAGs
[2025-06-05T06:59:09.433+0000] {logging_mixin.py:188} INFO - [2025-06-05T06:59:09.433+0000] {dag.py:3823} INFO - Setting next_dagrun for post_challenges_etl to 2025-06-05 06:00:00+00:00, run_after=2025-06-05 06:30:00+00:00
[2025-06-05T06:59:09.459+0000] {processor.py:183} INFO - Processing /opt/airflow/dags/post_challenges_etl_dag.py took 0.089 seconds
[2025-06-05T06:59:40.389+0000] {processor.py:161} INFO - Started process (PID=5543) to work on /opt/airflow/dags/post_challenges_etl_dag.py
[2025-06-05T06:59:40.393+0000] {processor.py:830} INFO - Processing file /opt/airflow/dags/post_challenges_etl_dag.py for tasks to queue
[2025-06-05T06:59:40.396+0000] {logging_mixin.py:188} INFO - [2025-06-05T06:59:40.396+0000] {dagbag.py:538} INFO - Filling up the DagBag from /opt/airflow/dags/post_challenges_etl_dag.py
[2025-06-05T06:59:40.513+0000] {processor.py:840} INFO - DAG(s) 'post_challenges_etl' retrieved from /opt/airflow/dags/post_challenges_etl_dag.py
[2025-06-05T06:59:40.641+0000] {logging_mixin.py:188} INFO - [2025-06-05T06:59:40.640+0000] {dag.py:3036} INFO - Sync 1 DAGs
[2025-06-05T06:59:40.831+0000] {logging_mixin.py:188} INFO - [2025-06-05T06:59:40.830+0000] {dag.py:3823} INFO - Setting next_dagrun for post_challenges_etl to 2025-06-05 06:30:00+00:00, run_after=2025-06-05 07:00:00+00:00
[2025-06-05T06:59:41.117+0000] {processor.py:183} INFO - Processing /opt/airflow/dags/post_challenges_etl_dag.py took 0.739 seconds
[2025-06-05T07:00:11.598+0000] {processor.py:161} INFO - Started process (PID=5585) to work on /opt/airflow/dags/post_challenges_etl_dag.py
[2025-06-05T07:00:11.600+0000] {processor.py:830} INFO - Processing file /opt/airflow/dags/post_challenges_etl_dag.py for tasks to queue
[2025-06-05T07:00:11.602+0000] {logging_mixin.py:188} INFO - [2025-06-05T07:00:11.601+0000] {dagbag.py:538} INFO - Filling up the DagBag from /opt/airflow/dags/post_challenges_etl_dag.py
[2025-06-05T07:00:11.644+0000] {processor.py:840} INFO - DAG(s) 'post_challenges_etl' retrieved from /opt/airflow/dags/post_challenges_etl_dag.py
[2025-06-05T07:00:11.675+0000] {logging_mixin.py:188} INFO - [2025-06-05T07:00:11.675+0000] {dag.py:3036} INFO - Sync 1 DAGs
[2025-06-05T07:00:11.705+0000] {logging_mixin.py:188} INFO - [2025-06-05T07:00:11.705+0000] {dag.py:3823} INFO - Setting next_dagrun for post_challenges_etl to 2025-06-05 07:00:00+00:00, run_after=2025-06-05 07:30:00+00:00
[2025-06-05T07:00:11.741+0000] {processor.py:183} INFO - Processing /opt/airflow/dags/post_challenges_etl_dag.py took 0.149 seconds
[2025-06-05T07:00:42.463+0000] {processor.py:161} INFO - Started process (PID=5615) to work on /opt/airflow/dags/post_challenges_etl_dag.py
[2025-06-05T07:00:42.464+0000] {processor.py:830} INFO - Processing file /opt/airflow/dags/post_challenges_etl_dag.py for tasks to queue
[2025-06-05T07:00:42.466+0000] {logging_mixin.py:188} INFO - [2025-06-05T07:00:42.465+0000] {dagbag.py:538} INFO - Filling up the DagBag from /opt/airflow/dags/post_challenges_etl_dag.py
[2025-06-05T07:00:42.490+0000] {processor.py:840} INFO - DAG(s) 'post_challenges_etl' retrieved from /opt/airflow/dags/post_challenges_etl_dag.py
[2025-06-05T07:00:42.513+0000] {logging_mixin.py:188} INFO - [2025-06-05T07:00:42.513+0000] {dag.py:3036} INFO - Sync 1 DAGs
[2025-06-05T07:00:42.539+0000] {logging_mixin.py:188} INFO - [2025-06-05T07:00:42.539+0000] {dag.py:3823} INFO - Setting next_dagrun for post_challenges_etl to 2025-06-05 07:00:00+00:00, run_after=2025-06-05 07:30:00+00:00
[2025-06-05T07:00:42.566+0000] {processor.py:183} INFO - Processing /opt/airflow/dags/post_challenges_etl_dag.py took 0.107 seconds
[2025-06-05T07:01:13.336+0000] {processor.py:161} INFO - Started process (PID=5645) to work on /opt/airflow/dags/post_challenges_etl_dag.py
[2025-06-05T07:01:13.337+0000] {processor.py:830} INFO - Processing file /opt/airflow/dags/post_challenges_etl_dag.py for tasks to queue
[2025-06-05T07:01:13.338+0000] {logging_mixin.py:188} INFO - [2025-06-05T07:01:13.338+0000] {dagbag.py:538} INFO - Filling up the DagBag from /opt/airflow/dags/post_challenges_etl_dag.py
[2025-06-05T07:01:13.356+0000] {processor.py:840} INFO - DAG(s) 'post_challenges_etl' retrieved from /opt/airflow/dags/post_challenges_etl_dag.py
[2025-06-05T07:01:13.379+0000] {logging_mixin.py:188} INFO - [2025-06-05T07:01:13.379+0000] {dag.py:3036} INFO - Sync 1 DAGs
[2025-06-05T07:01:13.415+0000] {logging_mixin.py:188} INFO - [2025-06-05T07:01:13.414+0000] {dag.py:3823} INFO - Setting next_dagrun for post_challenges_etl to 2025-06-05 07:00:00+00:00, run_after=2025-06-05 07:30:00+00:00
[2025-06-05T07:01:13.454+0000] {processor.py:183} INFO - Processing /opt/airflow/dags/post_challenges_etl_dag.py took 0.121 seconds
[2025-06-05T07:01:44.221+0000] {processor.py:161} INFO - Started process (PID=5675) to work on /opt/airflow/dags/post_challenges_etl_dag.py
[2025-06-05T07:01:44.222+0000] {processor.py:830} INFO - Processing file /opt/airflow/dags/post_challenges_etl_dag.py for tasks to queue
[2025-06-05T07:01:44.223+0000] {logging_mixin.py:188} INFO - [2025-06-05T07:01:44.222+0000] {dagbag.py:538} INFO - Filling up the DagBag from /opt/airflow/dags/post_challenges_etl_dag.py
[2025-06-05T07:01:44.240+0000] {processor.py:840} INFO - DAG(s) 'post_challenges_etl' retrieved from /opt/airflow/dags/post_challenges_etl_dag.py
[2025-06-05T07:01:44.261+0000] {logging_mixin.py:188} INFO - [2025-06-05T07:01:44.261+0000] {dag.py:3036} INFO - Sync 1 DAGs
[2025-06-05T07:01:44.282+0000] {logging_mixin.py:188} INFO - [2025-06-05T07:01:44.282+0000] {dag.py:3823} INFO - Setting next_dagrun for post_challenges_etl to 2025-06-05 07:00:00+00:00, run_after=2025-06-05 07:30:00+00:00
[2025-06-05T07:01:44.308+0000] {processor.py:183} INFO - Processing /opt/airflow/dags/post_challenges_etl_dag.py took 0.090 seconds
[2025-06-05T07:02:15.280+0000] {processor.py:161} INFO - Started process (PID=5769) to work on /opt/airflow/dags/post_challenges_etl_dag.py
[2025-06-05T07:02:15.294+0000] {processor.py:830} INFO - Processing file /opt/airflow/dags/post_challenges_etl_dag.py for tasks to queue
[2025-06-05T07:02:15.311+0000] {logging_mixin.py:188} INFO - [2025-06-05T07:02:15.304+0000] {dagbag.py:538} INFO - Filling up the DagBag from /opt/airflow/dags/post_challenges_etl_dag.py
[2025-06-05T07:02:15.493+0000] {processor.py:840} INFO - DAG(s) 'post_challenges_etl' retrieved from /opt/airflow/dags/post_challenges_etl_dag.py
