[2025-06-05T06:49:54.855+0000] {processor.py:161} INFO - Started process (PID=4972) to work on /opt/airflow/dags/ranking_etl_dag.py
[2025-06-05T06:49:54.856+0000] {processor.py:830} INFO - Processing file /opt/airflow/dags/ranking_etl_dag.py for tasks to queue
[2025-06-05T06:49:54.858+0000] {logging_mixin.py:188} INFO - [2025-06-05T06:49:54.857+0000] {dagbag.py:538} INFO - Filling up the DagBag from /opt/airflow/dags/ranking_etl_dag.py
[2025-06-05T06:49:54.906+0000] {processor.py:840} INFO - DAG(s) 'ranking_etl' retrieved from /opt/airflow/dags/ranking_etl_dag.py
[2025-06-05T06:49:55.348+0000] {logging_mixin.py:188} INFO - [2025-06-05T06:49:55.347+0000] {override.py:1769} INFO - Created Permission View: can read on DAG:ranking_etl
[2025-06-05T06:49:55.368+0000] {logging_mixin.py:188} INFO - [2025-06-05T06:49:55.368+0000] {override.py:1769} INFO - Created Permission View: can delete on DAG:ranking_etl
[2025-06-05T06:49:55.387+0000] {logging_mixin.py:188} INFO - [2025-06-05T06:49:55.386+0000] {override.py:1769} INFO - Created Permission View: can edit on DAG:ranking_etl
[2025-06-05T06:49:55.388+0000] {logging_mixin.py:188} INFO - [2025-06-05T06:49:55.388+0000] {dag.py:3036} INFO - Sync 1 DAGs
[2025-06-05T06:49:55.406+0000] {logging_mixin.py:188} INFO - [2025-06-05T06:49:55.405+0000] {dag.py:3058} INFO - Creating ORM DAG for ranking_etl
[2025-06-05T06:49:55.430+0000] {logging_mixin.py:188} INFO - [2025-06-05T06:49:55.430+0000] {dag.py:3823} INFO - Setting next_dagrun for ranking_etl to 2025-06-05 06:00:00+00:00, run_after=2025-06-05 06:30:00+00:00
[2025-06-05T06:49:55.472+0000] {processor.py:183} INFO - Processing /opt/airflow/dags/ranking_etl_dag.py took 0.622 seconds
[2025-06-05T06:50:25.771+0000] {processor.py:161} INFO - Started process (PID=5004) to work on /opt/airflow/dags/ranking_etl_dag.py
[2025-06-05T06:50:25.773+0000] {processor.py:830} INFO - Processing file /opt/airflow/dags/ranking_etl_dag.py for tasks to queue
[2025-06-05T06:50:25.775+0000] {logging_mixin.py:188} INFO - [2025-06-05T06:50:25.774+0000] {dagbag.py:538} INFO - Filling up the DagBag from /opt/airflow/dags/ranking_etl_dag.py
[2025-06-05T06:50:25.831+0000] {processor.py:840} INFO - DAG(s) 'ranking_etl' retrieved from /opt/airflow/dags/ranking_etl_dag.py
[2025-06-05T06:50:25.891+0000] {logging_mixin.py:188} INFO - [2025-06-05T06:50:25.890+0000] {dag.py:3036} INFO - Sync 1 DAGs
[2025-06-05T06:50:25.985+0000] {logging_mixin.py:188} INFO - [2025-06-05T06:50:25.984+0000] {dag.py:3823} INFO - Setting next_dagrun for ranking_etl to 2025-06-05 06:00:00+00:00, run_after=2025-06-05 06:30:00+00:00
[2025-06-05T06:50:26.351+0000] {processor.py:183} INFO - Processing /opt/airflow/dags/ranking_etl_dag.py took 0.587 seconds
[2025-06-05T06:50:56.960+0000] {processor.py:161} INFO - Started process (PID=5034) to work on /opt/airflow/dags/ranking_etl_dag.py
[2025-06-05T06:50:56.963+0000] {processor.py:830} INFO - Processing file /opt/airflow/dags/ranking_etl_dag.py for tasks to queue
[2025-06-05T06:50:56.966+0000] {logging_mixin.py:188} INFO - [2025-06-05T06:50:56.966+0000] {dagbag.py:538} INFO - Filling up the DagBag from /opt/airflow/dags/ranking_etl_dag.py
[2025-06-05T06:50:57.033+0000] {processor.py:840} INFO - DAG(s) 'ranking_etl' retrieved from /opt/airflow/dags/ranking_etl_dag.py
[2025-06-05T06:50:57.093+0000] {logging_mixin.py:188} INFO - [2025-06-05T06:50:57.092+0000] {dag.py:3036} INFO - Sync 1 DAGs
[2025-06-05T06:50:57.427+0000] {logging_mixin.py:188} INFO - [2025-06-05T06:50:57.426+0000] {dag.py:3823} INFO - Setting next_dagrun for ranking_etl to 2025-06-05 06:00:00+00:00, run_after=2025-06-05 06:30:00+00:00
[2025-06-05T06:50:57.497+0000] {processor.py:183} INFO - Processing /opt/airflow/dags/ranking_etl_dag.py took 0.548 seconds
[2025-06-05T06:51:28.050+0000] {processor.py:161} INFO - Started process (PID=5064) to work on /opt/airflow/dags/ranking_etl_dag.py
[2025-06-05T06:51:28.052+0000] {processor.py:830} INFO - Processing file /opt/airflow/dags/ranking_etl_dag.py for tasks to queue
[2025-06-05T06:51:28.053+0000] {logging_mixin.py:188} INFO - [2025-06-05T06:51:28.052+0000] {dagbag.py:538} INFO - Filling up the DagBag from /opt/airflow/dags/ranking_etl_dag.py
[2025-06-05T06:51:28.074+0000] {processor.py:840} INFO - DAG(s) 'ranking_etl' retrieved from /opt/airflow/dags/ranking_etl_dag.py
[2025-06-05T06:51:28.097+0000] {logging_mixin.py:188} INFO - [2025-06-05T06:51:28.096+0000] {dag.py:3036} INFO - Sync 1 DAGs
[2025-06-05T06:51:28.120+0000] {logging_mixin.py:188} INFO - [2025-06-05T06:51:28.120+0000] {dag.py:3823} INFO - Setting next_dagrun for ranking_etl to 2025-06-05 06:00:00+00:00, run_after=2025-06-05 06:30:00+00:00
[2025-06-05T06:51:28.147+0000] {processor.py:183} INFO - Processing /opt/airflow/dags/ranking_etl_dag.py took 0.100 seconds
[2025-06-05T06:51:58.983+0000] {processor.py:161} INFO - Started process (PID=5094) to work on /opt/airflow/dags/ranking_etl_dag.py
[2025-06-05T06:51:58.984+0000] {processor.py:830} INFO - Processing file /opt/airflow/dags/ranking_etl_dag.py for tasks to queue
[2025-06-05T06:51:58.985+0000] {logging_mixin.py:188} INFO - [2025-06-05T06:51:58.985+0000] {dagbag.py:538} INFO - Filling up the DagBag from /opt/airflow/dags/ranking_etl_dag.py
[2025-06-05T06:51:59.003+0000] {processor.py:840} INFO - DAG(s) 'ranking_etl' retrieved from /opt/airflow/dags/ranking_etl_dag.py
[2025-06-05T06:51:59.024+0000] {logging_mixin.py:188} INFO - [2025-06-05T06:51:59.023+0000] {dag.py:3036} INFO - Sync 1 DAGs
[2025-06-05T06:51:59.044+0000] {logging_mixin.py:188} INFO - [2025-06-05T06:51:59.044+0000] {dag.py:3823} INFO - Setting next_dagrun for ranking_etl to 2025-06-05 06:00:00+00:00, run_after=2025-06-05 06:30:00+00:00
[2025-06-05T06:51:59.081+0000] {processor.py:183} INFO - Processing /opt/airflow/dags/ranking_etl_dag.py took 0.102 seconds
[2025-06-05T06:52:29.839+0000] {processor.py:161} INFO - Started process (PID=5124) to work on /opt/airflow/dags/ranking_etl_dag.py
[2025-06-05T06:52:29.840+0000] {processor.py:830} INFO - Processing file /opt/airflow/dags/ranking_etl_dag.py for tasks to queue
[2025-06-05T06:52:29.841+0000] {logging_mixin.py:188} INFO - [2025-06-05T06:52:29.841+0000] {dagbag.py:538} INFO - Filling up the DagBag from /opt/airflow/dags/ranking_etl_dag.py
[2025-06-05T06:52:29.859+0000] {processor.py:840} INFO - DAG(s) 'ranking_etl' retrieved from /opt/airflow/dags/ranking_etl_dag.py
[2025-06-05T06:52:29.881+0000] {logging_mixin.py:188} INFO - [2025-06-05T06:52:29.881+0000] {dag.py:3036} INFO - Sync 1 DAGs
[2025-06-05T06:52:29.904+0000] {logging_mixin.py:188} INFO - [2025-06-05T06:52:29.904+0000] {dag.py:3823} INFO - Setting next_dagrun for ranking_etl to 2025-06-05 06:00:00+00:00, run_after=2025-06-05 06:30:00+00:00
[2025-06-05T06:52:29.933+0000] {processor.py:183} INFO - Processing /opt/airflow/dags/ranking_etl_dag.py took 0.097 seconds
[2025-06-05T06:53:00.865+0000] {processor.py:161} INFO - Started process (PID=5154) to work on /opt/airflow/dags/ranking_etl_dag.py
[2025-06-05T06:53:00.867+0000] {processor.py:830} INFO - Processing file /opt/airflow/dags/ranking_etl_dag.py for tasks to queue
[2025-06-05T06:53:00.870+0000] {logging_mixin.py:188} INFO - [2025-06-05T06:53:00.869+0000] {dagbag.py:538} INFO - Filling up the DagBag from /opt/airflow/dags/ranking_etl_dag.py
[2025-06-05T06:53:00.936+0000] {processor.py:840} INFO - DAG(s) 'ranking_etl' retrieved from /opt/airflow/dags/ranking_etl_dag.py
[2025-06-05T06:53:01.006+0000] {logging_mixin.py:188} INFO - [2025-06-05T06:53:01.006+0000] {dag.py:3036} INFO - Sync 1 DAGs
[2025-06-05T06:53:01.072+0000] {logging_mixin.py:188} INFO - [2025-06-05T06:53:01.071+0000] {dag.py:3823} INFO - Setting next_dagrun for ranking_etl to 2025-06-05 06:00:00+00:00, run_after=2025-06-05 06:30:00+00:00
[2025-06-05T06:53:01.137+0000] {processor.py:183} INFO - Processing /opt/airflow/dags/ranking_etl_dag.py took 0.279 seconds
[2025-06-05T06:53:32.075+0000] {processor.py:161} INFO - Started process (PID=5184) to work on /opt/airflow/dags/ranking_etl_dag.py
[2025-06-05T06:53:32.077+0000] {processor.py:830} INFO - Processing file /opt/airflow/dags/ranking_etl_dag.py for tasks to queue
[2025-06-05T06:53:32.078+0000] {logging_mixin.py:188} INFO - [2025-06-05T06:53:32.078+0000] {dagbag.py:538} INFO - Filling up the DagBag from /opt/airflow/dags/ranking_etl_dag.py
[2025-06-05T06:53:32.108+0000] {processor.py:840} INFO - DAG(s) 'ranking_etl' retrieved from /opt/airflow/dags/ranking_etl_dag.py
[2025-06-05T06:53:32.151+0000] {logging_mixin.py:188} INFO - [2025-06-05T06:53:32.151+0000] {dag.py:3036} INFO - Sync 1 DAGs
[2025-06-05T06:53:32.178+0000] {logging_mixin.py:188} INFO - [2025-06-05T06:53:32.178+0000] {dag.py:3823} INFO - Setting next_dagrun for ranking_etl to 2025-06-05 06:00:00+00:00, run_after=2025-06-05 06:30:00+00:00
[2025-06-05T06:53:32.206+0000] {processor.py:183} INFO - Processing /opt/airflow/dags/ranking_etl_dag.py took 0.134 seconds
[2025-06-05T06:54:03.045+0000] {processor.py:161} INFO - Started process (PID=5214) to work on /opt/airflow/dags/ranking_etl_dag.py
[2025-06-05T06:54:03.046+0000] {processor.py:830} INFO - Processing file /opt/airflow/dags/ranking_etl_dag.py for tasks to queue
[2025-06-05T06:54:03.047+0000] {logging_mixin.py:188} INFO - [2025-06-05T06:54:03.047+0000] {dagbag.py:538} INFO - Filling up the DagBag from /opt/airflow/dags/ranking_etl_dag.py
[2025-06-05T06:54:03.064+0000] {processor.py:840} INFO - DAG(s) 'ranking_etl' retrieved from /opt/airflow/dags/ranking_etl_dag.py
[2025-06-05T06:54:03.084+0000] {logging_mixin.py:188} INFO - [2025-06-05T06:54:03.084+0000] {dag.py:3036} INFO - Sync 1 DAGs
[2025-06-05T06:54:03.104+0000] {logging_mixin.py:188} INFO - [2025-06-05T06:54:03.104+0000] {dag.py:3823} INFO - Setting next_dagrun for ranking_etl to 2025-06-05 06:00:00+00:00, run_after=2025-06-05 06:30:00+00:00
[2025-06-05T06:54:03.130+0000] {processor.py:183} INFO - Processing /opt/airflow/dags/ranking_etl_dag.py took 0.087 seconds
[2025-06-05T06:54:33.951+0000] {processor.py:161} INFO - Started process (PID=5244) to work on /opt/airflow/dags/ranking_etl_dag.py
[2025-06-05T06:54:33.952+0000] {processor.py:830} INFO - Processing file /opt/airflow/dags/ranking_etl_dag.py for tasks to queue
[2025-06-05T06:54:33.953+0000] {logging_mixin.py:188} INFO - [2025-06-05T06:54:33.953+0000] {dagbag.py:538} INFO - Filling up the DagBag from /opt/airflow/dags/ranking_etl_dag.py
[2025-06-05T06:54:33.972+0000] {processor.py:840} INFO - DAG(s) 'ranking_etl' retrieved from /opt/airflow/dags/ranking_etl_dag.py
[2025-06-05T06:54:33.993+0000] {logging_mixin.py:188} INFO - [2025-06-05T06:54:33.993+0000] {dag.py:3036} INFO - Sync 1 DAGs
[2025-06-05T06:54:34.016+0000] {logging_mixin.py:188} INFO - [2025-06-05T06:54:34.016+0000] {dag.py:3823} INFO - Setting next_dagrun for ranking_etl to 2025-06-05 06:00:00+00:00, run_after=2025-06-05 06:30:00+00:00
[2025-06-05T06:54:34.040+0000] {processor.py:183} INFO - Processing /opt/airflow/dags/ranking_etl_dag.py took 0.091 seconds
[2025-06-05T06:55:04.981+0000] {processor.py:161} INFO - Started process (PID=5274) to work on /opt/airflow/dags/ranking_etl_dag.py
[2025-06-05T06:55:04.982+0000] {processor.py:830} INFO - Processing file /opt/airflow/dags/ranking_etl_dag.py for tasks to queue
[2025-06-05T06:55:04.983+0000] {logging_mixin.py:188} INFO - [2025-06-05T06:55:04.983+0000] {dagbag.py:538} INFO - Filling up the DagBag from /opt/airflow/dags/ranking_etl_dag.py
[2025-06-05T06:55:05.001+0000] {processor.py:840} INFO - DAG(s) 'ranking_etl' retrieved from /opt/airflow/dags/ranking_etl_dag.py
[2025-06-05T06:55:05.023+0000] {logging_mixin.py:188} INFO - [2025-06-05T06:55:05.023+0000] {dag.py:3036} INFO - Sync 1 DAGs
[2025-06-05T06:55:05.044+0000] {logging_mixin.py:188} INFO - [2025-06-05T06:55:05.044+0000] {dag.py:3823} INFO - Setting next_dagrun for ranking_etl to 2025-06-05 06:00:00+00:00, run_after=2025-06-05 06:30:00+00:00
[2025-06-05T06:55:05.071+0000] {processor.py:183} INFO - Processing /opt/airflow/dags/ranking_etl_dag.py took 0.093 seconds
[2025-06-05T06:55:35.798+0000] {processor.py:161} INFO - Started process (PID=5304) to work on /opt/airflow/dags/ranking_etl_dag.py
[2025-06-05T06:55:35.800+0000] {processor.py:830} INFO - Processing file /opt/airflow/dags/ranking_etl_dag.py for tasks to queue
[2025-06-05T06:55:35.801+0000] {logging_mixin.py:188} INFO - [2025-06-05T06:55:35.800+0000] {dagbag.py:538} INFO - Filling up the DagBag from /opt/airflow/dags/ranking_etl_dag.py
[2025-06-05T06:55:35.820+0000] {processor.py:840} INFO - DAG(s) 'ranking_etl' retrieved from /opt/airflow/dags/ranking_etl_dag.py
[2025-06-05T06:55:35.842+0000] {logging_mixin.py:188} INFO - [2025-06-05T06:55:35.842+0000] {dag.py:3036} INFO - Sync 1 DAGs
[2025-06-05T06:55:35.868+0000] {logging_mixin.py:188} INFO - [2025-06-05T06:55:35.868+0000] {dag.py:3823} INFO - Setting next_dagrun for ranking_etl to 2025-06-05 06:00:00+00:00, run_after=2025-06-05 06:30:00+00:00
[2025-06-05T06:55:35.905+0000] {processor.py:183} INFO - Processing /opt/airflow/dags/ranking_etl_dag.py took 0.109 seconds
[2025-06-05T06:56:06.673+0000] {processor.py:161} INFO - Started process (PID=5334) to work on /opt/airflow/dags/ranking_etl_dag.py
[2025-06-05T06:56:06.673+0000] {processor.py:830} INFO - Processing file /opt/airflow/dags/ranking_etl_dag.py for tasks to queue
[2025-06-05T06:56:06.674+0000] {logging_mixin.py:188} INFO - [2025-06-05T06:56:06.674+0000] {dagbag.py:538} INFO - Filling up the DagBag from /opt/airflow/dags/ranking_etl_dag.py
[2025-06-05T06:56:06.691+0000] {processor.py:840} INFO - DAG(s) 'ranking_etl' retrieved from /opt/airflow/dags/ranking_etl_dag.py
[2025-06-05T06:56:06.711+0000] {logging_mixin.py:188} INFO - [2025-06-05T06:56:06.711+0000] {dag.py:3036} INFO - Sync 1 DAGs
[2025-06-05T06:56:06.731+0000] {logging_mixin.py:188} INFO - [2025-06-05T06:56:06.731+0000] {dag.py:3823} INFO - Setting next_dagrun for ranking_etl to 2025-06-05 06:00:00+00:00, run_after=2025-06-05 06:30:00+00:00
[2025-06-05T06:56:06.770+0000] {processor.py:183} INFO - Processing /opt/airflow/dags/ranking_etl_dag.py took 0.100 seconds
[2025-06-05T06:56:37.483+0000] {processor.py:161} INFO - Started process (PID=5364) to work on /opt/airflow/dags/ranking_etl_dag.py
[2025-06-05T06:56:37.484+0000] {processor.py:830} INFO - Processing file /opt/airflow/dags/ranking_etl_dag.py for tasks to queue
[2025-06-05T06:56:37.486+0000] {logging_mixin.py:188} INFO - [2025-06-05T06:56:37.485+0000] {dagbag.py:538} INFO - Filling up the DagBag from /opt/airflow/dags/ranking_etl_dag.py
[2025-06-05T06:56:37.506+0000] {processor.py:840} INFO - DAG(s) 'ranking_etl' retrieved from /opt/airflow/dags/ranking_etl_dag.py
[2025-06-05T06:56:37.529+0000] {logging_mixin.py:188} INFO - [2025-06-05T06:56:37.528+0000] {dag.py:3036} INFO - Sync 1 DAGs
[2025-06-05T06:56:37.552+0000] {logging_mixin.py:188} INFO - [2025-06-05T06:56:37.552+0000] {dag.py:3823} INFO - Setting next_dagrun for ranking_etl to 2025-06-05 06:00:00+00:00, run_after=2025-06-05 06:30:00+00:00
[2025-06-05T06:56:37.582+0000] {processor.py:183} INFO - Processing /opt/airflow/dags/ranking_etl_dag.py took 0.102 seconds
[2025-06-05T06:57:07.979+0000] {processor.py:161} INFO - Started process (PID=5394) to work on /opt/airflow/dags/ranking_etl_dag.py
[2025-06-05T06:57:07.982+0000] {processor.py:830} INFO - Processing file /opt/airflow/dags/ranking_etl_dag.py for tasks to queue
[2025-06-05T06:57:07.984+0000] {logging_mixin.py:188} INFO - [2025-06-05T06:57:07.984+0000] {dagbag.py:538} INFO - Filling up the DagBag from /opt/airflow/dags/ranking_etl_dag.py
[2025-06-05T06:57:08.049+0000] {processor.py:840} INFO - DAG(s) 'ranking_etl' retrieved from /opt/airflow/dags/ranking_etl_dag.py
[2025-06-05T06:57:08.104+0000] {logging_mixin.py:188} INFO - [2025-06-05T06:57:08.103+0000] {dag.py:3036} INFO - Sync 1 DAGs
[2025-06-05T06:57:08.152+0000] {logging_mixin.py:188} INFO - [2025-06-05T06:57:08.152+0000] {dag.py:3823} INFO - Setting next_dagrun for ranking_etl to 2025-06-05 06:00:00+00:00, run_after=2025-06-05 06:30:00+00:00
[2025-06-05T06:57:08.205+0000] {processor.py:183} INFO - Processing /opt/airflow/dags/ranking_etl_dag.py took 0.233 seconds
[2025-06-05T06:57:38.779+0000] {processor.py:161} INFO - Started process (PID=5424) to work on /opt/airflow/dags/ranking_etl_dag.py
[2025-06-05T06:57:38.781+0000] {processor.py:830} INFO - Processing file /opt/airflow/dags/ranking_etl_dag.py for tasks to queue
[2025-06-05T06:57:38.782+0000] {logging_mixin.py:188} INFO - [2025-06-05T06:57:38.781+0000] {dagbag.py:538} INFO - Filling up the DagBag from /opt/airflow/dags/ranking_etl_dag.py
[2025-06-05T06:57:38.802+0000] {processor.py:840} INFO - DAG(s) 'ranking_etl' retrieved from /opt/airflow/dags/ranking_etl_dag.py
[2025-06-05T06:57:38.827+0000] {logging_mixin.py:188} INFO - [2025-06-05T06:57:38.827+0000] {dag.py:3036} INFO - Sync 1 DAGs
[2025-06-05T06:57:38.856+0000] {logging_mixin.py:188} INFO - [2025-06-05T06:57:38.856+0000] {dag.py:3823} INFO - Setting next_dagrun for ranking_etl to 2025-06-05 06:00:00+00:00, run_after=2025-06-05 06:30:00+00:00
[2025-06-05T06:57:38.887+0000] {processor.py:183} INFO - Processing /opt/airflow/dags/ranking_etl_dag.py took 0.111 seconds
[2025-06-05T06:58:09.714+0000] {processor.py:161} INFO - Started process (PID=5454) to work on /opt/airflow/dags/ranking_etl_dag.py
[2025-06-05T06:58:09.715+0000] {processor.py:830} INFO - Processing file /opt/airflow/dags/ranking_etl_dag.py for tasks to queue
[2025-06-05T06:58:09.717+0000] {logging_mixin.py:188} INFO - [2025-06-05T06:58:09.716+0000] {dagbag.py:538} INFO - Filling up the DagBag from /opt/airflow/dags/ranking_etl_dag.py
[2025-06-05T06:58:09.750+0000] {processor.py:840} INFO - DAG(s) 'ranking_etl' retrieved from /opt/airflow/dags/ranking_etl_dag.py
[2025-06-05T06:58:09.774+0000] {logging_mixin.py:188} INFO - [2025-06-05T06:58:09.774+0000] {dag.py:3036} INFO - Sync 1 DAGs
[2025-06-05T06:58:09.796+0000] {logging_mixin.py:188} INFO - [2025-06-05T06:58:09.796+0000] {dag.py:3823} INFO - Setting next_dagrun for ranking_etl to 2025-06-05 06:00:00+00:00, run_after=2025-06-05 06:30:00+00:00
[2025-06-05T06:58:09.821+0000] {processor.py:183} INFO - Processing /opt/airflow/dags/ranking_etl_dag.py took 0.111 seconds
[2025-06-05T06:58:40.601+0000] {processor.py:161} INFO - Started process (PID=5484) to work on /opt/airflow/dags/ranking_etl_dag.py
[2025-06-05T06:58:40.602+0000] {processor.py:830} INFO - Processing file /opt/airflow/dags/ranking_etl_dag.py for tasks to queue
[2025-06-05T06:58:40.603+0000] {logging_mixin.py:188} INFO - [2025-06-05T06:58:40.603+0000] {dagbag.py:538} INFO - Filling up the DagBag from /opt/airflow/dags/ranking_etl_dag.py
[2025-06-05T06:58:40.619+0000] {processor.py:840} INFO - DAG(s) 'ranking_etl' retrieved from /opt/airflow/dags/ranking_etl_dag.py
[2025-06-05T06:58:40.640+0000] {logging_mixin.py:188} INFO - [2025-06-05T06:58:40.640+0000] {dag.py:3036} INFO - Sync 1 DAGs
[2025-06-05T06:58:40.660+0000] {logging_mixin.py:188} INFO - [2025-06-05T06:58:40.660+0000] {dag.py:3823} INFO - Setting next_dagrun for ranking_etl to 2025-06-05 06:00:00+00:00, run_after=2025-06-05 06:30:00+00:00
[2025-06-05T06:58:40.686+0000] {processor.py:183} INFO - Processing /opt/airflow/dags/ranking_etl_dag.py took 0.087 seconds
[2025-06-05T06:59:11.456+0000] {processor.py:161} INFO - Started process (PID=5514) to work on /opt/airflow/dags/ranking_etl_dag.py
[2025-06-05T06:59:11.457+0000] {processor.py:830} INFO - Processing file /opt/airflow/dags/ranking_etl_dag.py for tasks to queue
[2025-06-05T06:59:11.459+0000] {logging_mixin.py:188} INFO - [2025-06-05T06:59:11.458+0000] {dagbag.py:538} INFO - Filling up the DagBag from /opt/airflow/dags/ranking_etl_dag.py
[2025-06-05T06:59:11.480+0000] {processor.py:840} INFO - DAG(s) 'ranking_etl' retrieved from /opt/airflow/dags/ranking_etl_dag.py
[2025-06-05T06:59:11.503+0000] {logging_mixin.py:188} INFO - [2025-06-05T06:59:11.503+0000] {dag.py:3036} INFO - Sync 1 DAGs
[2025-06-05T06:59:11.523+0000] {logging_mixin.py:188} INFO - [2025-06-05T06:59:11.523+0000] {dag.py:3823} INFO - Setting next_dagrun for ranking_etl to 2025-06-05 06:00:00+00:00, run_after=2025-06-05 06:30:00+00:00
[2025-06-05T06:59:11.547+0000] {processor.py:183} INFO - Processing /opt/airflow/dags/ranking_etl_dag.py took 0.094 seconds
[2025-06-05T06:59:42.364+0000] {processor.py:161} INFO - Started process (PID=5548) to work on /opt/airflow/dags/ranking_etl_dag.py
[2025-06-05T06:59:42.371+0000] {processor.py:830} INFO - Processing file /opt/airflow/dags/ranking_etl_dag.py for tasks to queue
[2025-06-05T06:59:42.377+0000] {logging_mixin.py:188} INFO - [2025-06-05T06:59:42.375+0000] {dagbag.py:538} INFO - Filling up the DagBag from /opt/airflow/dags/ranking_etl_dag.py
[2025-06-05T06:59:42.473+0000] {processor.py:840} INFO - DAG(s) 'ranking_etl' retrieved from /opt/airflow/dags/ranking_etl_dag.py
[2025-06-05T06:59:42.565+0000] {logging_mixin.py:188} INFO - [2025-06-05T06:59:42.564+0000] {dag.py:3036} INFO - Sync 1 DAGs
[2025-06-05T06:59:42.684+0000] {logging_mixin.py:188} INFO - [2025-06-05T06:59:42.679+0000] {dag.py:3823} INFO - Setting next_dagrun for ranking_etl to 2025-06-05 06:30:00+00:00, run_after=2025-06-05 07:00:00+00:00
[2025-06-05T06:59:42.806+0000] {processor.py:183} INFO - Processing /opt/airflow/dags/ranking_etl_dag.py took 0.459 seconds
[2025-06-05T07:00:13.644+0000] {processor.py:161} INFO - Started process (PID=5590) to work on /opt/airflow/dags/ranking_etl_dag.py
[2025-06-05T07:00:13.645+0000] {processor.py:830} INFO - Processing file /opt/airflow/dags/ranking_etl_dag.py for tasks to queue
[2025-06-05T07:00:13.646+0000] {logging_mixin.py:188} INFO - [2025-06-05T07:00:13.646+0000] {dagbag.py:538} INFO - Filling up the DagBag from /opt/airflow/dags/ranking_etl_dag.py
[2025-06-05T07:00:13.664+0000] {processor.py:840} INFO - DAG(s) 'ranking_etl' retrieved from /opt/airflow/dags/ranking_etl_dag.py
[2025-06-05T07:00:13.686+0000] {logging_mixin.py:188} INFO - [2025-06-05T07:00:13.686+0000] {dag.py:3036} INFO - Sync 1 DAGs
[2025-06-05T07:00:13.708+0000] {logging_mixin.py:188} INFO - [2025-06-05T07:00:13.708+0000] {dag.py:3823} INFO - Setting next_dagrun for ranking_etl to 2025-06-05 07:00:00+00:00, run_after=2025-06-05 07:30:00+00:00
[2025-06-05T07:00:13.736+0000] {processor.py:183} INFO - Processing /opt/airflow/dags/ranking_etl_dag.py took 0.094 seconds
[2025-06-05T07:00:44.582+0000] {processor.py:161} INFO - Started process (PID=5620) to work on /opt/airflow/dags/ranking_etl_dag.py
[2025-06-05T07:00:44.583+0000] {processor.py:830} INFO - Processing file /opt/airflow/dags/ranking_etl_dag.py for tasks to queue
[2025-06-05T07:00:44.584+0000] {logging_mixin.py:188} INFO - [2025-06-05T07:00:44.584+0000] {dagbag.py:538} INFO - Filling up the DagBag from /opt/airflow/dags/ranking_etl_dag.py
[2025-06-05T07:00:44.618+0000] {processor.py:840} INFO - DAG(s) 'ranking_etl' retrieved from /opt/airflow/dags/ranking_etl_dag.py
[2025-06-05T07:00:44.650+0000] {logging_mixin.py:188} INFO - [2025-06-05T07:00:44.650+0000] {dag.py:3036} INFO - Sync 1 DAGs
[2025-06-05T07:00:44.692+0000] {logging_mixin.py:188} INFO - [2025-06-05T07:00:44.691+0000] {dag.py:3823} INFO - Setting next_dagrun for ranking_etl to 2025-06-05 07:00:00+00:00, run_after=2025-06-05 07:30:00+00:00
[2025-06-05T07:00:44.719+0000] {processor.py:183} INFO - Processing /opt/airflow/dags/ranking_etl_dag.py took 0.141 seconds
[2025-06-05T07:01:15.491+0000] {processor.py:161} INFO - Started process (PID=5650) to work on /opt/airflow/dags/ranking_etl_dag.py
[2025-06-05T07:01:15.492+0000] {processor.py:830} INFO - Processing file /opt/airflow/dags/ranking_etl_dag.py for tasks to queue
[2025-06-05T07:01:15.493+0000] {logging_mixin.py:188} INFO - [2025-06-05T07:01:15.493+0000] {dagbag.py:538} INFO - Filling up the DagBag from /opt/airflow/dags/ranking_etl_dag.py
[2025-06-05T07:01:15.520+0000] {processor.py:840} INFO - DAG(s) 'ranking_etl' retrieved from /opt/airflow/dags/ranking_etl_dag.py
[2025-06-05T07:01:15.545+0000] {logging_mixin.py:188} INFO - [2025-06-05T07:01:15.545+0000] {dag.py:3036} INFO - Sync 1 DAGs
[2025-06-05T07:01:15.572+0000] {logging_mixin.py:188} INFO - [2025-06-05T07:01:15.571+0000] {dag.py:3823} INFO - Setting next_dagrun for ranking_etl to 2025-06-05 07:00:00+00:00, run_after=2025-06-05 07:30:00+00:00
[2025-06-05T07:01:15.602+0000] {processor.py:183} INFO - Processing /opt/airflow/dags/ranking_etl_dag.py took 0.115 seconds
[2025-06-05T07:01:46.258+0000] {processor.py:161} INFO - Started process (PID=5680) to work on /opt/airflow/dags/ranking_etl_dag.py
[2025-06-05T07:01:46.259+0000] {processor.py:830} INFO - Processing file /opt/airflow/dags/ranking_etl_dag.py for tasks to queue
[2025-06-05T07:01:46.260+0000] {logging_mixin.py:188} INFO - [2025-06-05T07:01:46.260+0000] {dagbag.py:538} INFO - Filling up the DagBag from /opt/airflow/dags/ranking_etl_dag.py
[2025-06-05T07:01:46.277+0000] {processor.py:840} INFO - DAG(s) 'ranking_etl' retrieved from /opt/airflow/dags/ranking_etl_dag.py
[2025-06-05T07:01:46.299+0000] {logging_mixin.py:188} INFO - [2025-06-05T07:01:46.299+0000] {dag.py:3036} INFO - Sync 1 DAGs
[2025-06-05T07:01:46.321+0000] {logging_mixin.py:188} INFO - [2025-06-05T07:01:46.320+0000] {dag.py:3823} INFO - Setting next_dagrun for ranking_etl to 2025-06-05 07:00:00+00:00, run_after=2025-06-05 07:30:00+00:00
[2025-06-05T07:01:46.348+0000] {processor.py:183} INFO - Processing /opt/airflow/dags/ranking_etl_dag.py took 0.093 seconds
