[2025-06-05T06:00:01.240+0000] {taskinstance.py:1956} INFO - Dependencies all met for dep_context=non-requeueable deps ti=<TaskInstance: events_ingestion.fetch_and_store_events_task scheduled__2025-06-05T05:30:00+00:00 [queued]>
[2025-06-05T06:00:01.265+0000] {taskinstance.py:1956} INFO - Dependencies all met for dep_context=requeueable deps ti=<TaskInstance: events_ingestion.fetch_and_store_events_task scheduled__2025-06-05T05:30:00+00:00 [queued]>
[2025-06-05T06:00:01.266+0000] {taskinstance.py:2170} INFO - Starting attempt 1 of 1
[2025-06-05T06:00:01.482+0000] {taskinstance.py:2191} INFO - Executing <Task(PythonOperator): fetch_and_store_events_task> on 2025-06-05 05:30:00+00:00
[2025-06-05T06:00:01.526+0000] {standard_task_runner.py:60} INFO - Started process 2978 to run task
[2025-06-05T06:00:01.536+0000] {standard_task_runner.py:87} INFO - Running: ['***', 'tasks', 'run', 'events_ingestion', 'fetch_and_store_events_task', 'scheduled__2025-06-05T05:30:00+00:00', '--job-id', '59', '--raw', '--subdir', 'DAGS_FOLDER/api_to_db_dag_events.py', '--cfg-path', '/tmp/tmp7nojg1_q']
[2025-06-05T06:00:01.547+0000] {standard_task_runner.py:88} INFO - Job 59: Subtask fetch_and_store_events_task
[2025-06-05T06:00:01.763+0000] {task_command.py:423} INFO - Running <TaskInstance: events_ingestion.fetch_and_store_events_task scheduled__2025-06-05T05:30:00+00:00 [running]> on host e4f5e6f9211f
[2025-06-05T06:00:02.040+0000] {taskinstance.py:2480} INFO - Exporting env vars: AIRFLOW_CTX_DAG_OWNER='***' AIRFLOW_CTX_DAG_ID='events_ingestion' AIRFLOW_CTX_TASK_ID='fetch_and_store_events_task' AIRFLOW_CTX_EXECUTION_DATE='2025-06-05T05:30:00+00:00' AIRFLOW_CTX_TRY_NUMBER='1' AIRFLOW_CTX_DAG_RUN_ID='scheduled__2025-06-05T05:30:00+00:00'
[2025-06-05T06:00:02.043+0000] {api_to_db_dag_events.py:37} INFO - Đang gọi API: https://app.circle.so/api/admin/v2/events?page=1&per_page=60
[2025-06-05T06:00:02.822+0000] {api_to_db_dag_events.py:40} INFO - Đã lấy 1 bản ghi từ API (nhiều trang).
[2025-06-05T06:00:02.828+0000] {api_to_db_dag_events.py:47} INFO - Đang kết nối đến cơ sở dữ liệu với Conn ID: QUANG
[2025-06-05T06:00:02.855+0000] {base.py:83} INFO - Using connection ID 'QUANG' for task execution.
[2025-06-05T06:00:03.347+0000] {api_to_db_dag_events.py:53} INFO - Kết nối cơ sở dữ liệu thành công.
[2025-06-05T06:00:03.400+0000] {api_to_db_dag_events.py:135} INFO - Đã chèn 1 event vào DB.
[2025-06-05T06:00:03.401+0000] {api_to_db_dag_events.py:141} INFO - Đã đóng kết nối cơ sở dữ liệu.
[2025-06-05T06:00:03.402+0000] {python.py:201} INFO - Done. Returned value was: None
[2025-06-05T06:00:03.413+0000] {taskinstance.py:1138} INFO - Marking task as SUCCESS. dag_id=events_ingestion, task_id=fetch_and_store_events_task, execution_date=20250605T053000, start_date=20250605T060001, end_date=20250605T060003
[2025-06-05T06:00:03.510+0000] {local_task_job_runner.py:234} INFO - Task exited with return code 0
[2025-06-05T06:00:03.531+0000] {taskinstance.py:3280} INFO - 0 downstream tasks scheduled from follow-on schedule check
