[2025-06-04T18:49:30.355+0000] {taskinstance.py:1956} INFO - Dependencies all met for dep_context=non-requeueable deps ti=<TaskInstance: community_members_ingestion.fetch_and_store_community_members_task scheduled__2025-06-04T18:00:00+00:00 [queued]>
[2025-06-04T18:49:30.364+0000] {taskinstance.py:1956} INFO - Dependencies all met for dep_context=requeueable deps ti=<TaskInstance: community_members_ingestion.fetch_and_store_community_members_task scheduled__2025-06-04T18:00:00+00:00 [queued]>
[2025-06-04T18:49:30.365+0000] {taskinstance.py:2170} INFO - Starting attempt 1 of 1
[2025-06-04T18:49:30.386+0000] {taskinstance.py:2191} INFO - Executing <Task(PythonOperator): fetch_and_store_community_members_task> on 2025-06-04 18:00:00+00:00
[2025-06-04T18:49:30.390+0000] {standard_task_runner.py:60} INFO - Started process 1252 to run task
[2025-06-04T18:49:30.394+0000] {standard_task_runner.py:87} INFO - Running: ['***', 'tasks', 'run', 'community_members_ingestion', 'fetch_and_store_community_members_task', 'scheduled__2025-06-04T18:00:00+00:00', '--job-id', '9', '--raw', '--subdir', 'DAGS_FOLDER/api_to_db_dag.py', '--cfg-path', '/tmp/tmp8x138stu']
[2025-06-04T18:49:30.395+0000] {standard_task_runner.py:88} INFO - Job 9: Subtask fetch_and_store_community_members_task
[2025-06-04T18:49:30.442+0000] {task_command.py:423} INFO - Running <TaskInstance: community_members_ingestion.fetch_and_store_community_members_task scheduled__2025-06-04T18:00:00+00:00 [running]> on host e4f5e6f9211f
[2025-06-04T18:49:30.519+0000] {taskinstance.py:2480} INFO - Exporting env vars: AIRFLOW_CTX_DAG_OWNER='***' AIRFLOW_CTX_DAG_ID='community_members_ingestion' AIRFLOW_CTX_TASK_ID='fetch_and_store_community_members_task' AIRFLOW_CTX_EXECUTION_DATE='2025-06-04T18:00:00+00:00' AIRFLOW_CTX_TRY_NUMBER='1' AIRFLOW_CTX_DAG_RUN_ID='scheduled__2025-06-04T18:00:00+00:00'
[2025-06-04T18:49:30.520+0000] {api_to_db_dag.py:39} INFO - Đang gọi API: https://app.circle.so/api/admin/v2/events?page=1&per_page=10
[2025-06-04T18:49:31.044+0000] {api_to_db_dag.py:42} INFO - Đã lấy 1 bản ghi từ API (nhiều trang).
[2025-06-04T18:49:31.045+0000] {api_to_db_dag.py:50} INFO - Đang kết nối đến cơ sở dữ liệu với Conn ID: QUANG
[2025-06-04T18:49:31.053+0000] {base.py:83} INFO - Using connection ID 'QUANG' for task execution.
[2025-06-04T18:49:31.054+0000] {api_to_db_dag.py:54} INFO - MySQL connection info: host=sql12.freesqldatabase.com, user=sql12783027, schema=sql12783027, port=3306
[2025-06-04T18:49:31.058+0000] {base.py:83} INFO - Using connection ID 'QUANG' for task execution.
[2025-06-04T18:49:31.331+0000] {api_to_db_dag.py:57} INFO - Kết nối cơ sở dữ liệu thành công.
[2025-06-04T18:49:31.458+0000] {api_to_db_dag.py:141} INFO - Đã chèn 1 community_member vào DB.
[2025-06-04T18:49:31.459+0000] {api_to_db_dag.py:147} INFO - Đã đóng kết nối cơ sở dữ liệu.
[2025-06-04T18:49:31.460+0000] {python.py:201} INFO - Done. Returned value was: None
[2025-06-04T18:49:31.466+0000] {taskinstance.py:1138} INFO - Marking task as SUCCESS. dag_id=community_members_ingestion, task_id=fetch_and_store_community_members_task, execution_date=20250604T180000, start_date=20250604T184930, end_date=20250604T184931
[2025-06-04T18:49:31.492+0000] {local_task_job_runner.py:234} INFO - Task exited with return code 0
[2025-06-04T18:49:31.503+0000] {taskinstance.py:3280} INFO - 0 downstream tasks scheduled from follow-on schedule check
