[2025-06-04T20:00:01.287+0000] {taskinstance.py:1956} INFO - Dependencies all met for dep_context=non-requeueable deps ti=<TaskInstance: community_members_ingestion.fetch_and_store_community_members_task scheduled__2025-06-04T19:30:00+00:00 [queued]>
[2025-06-04T20:00:01.328+0000] {taskinstance.py:1956} INFO - Dependencies all met for dep_context=requeueable deps ti=<TaskInstance: community_members_ingestion.fetch_and_store_community_members_task scheduled__2025-06-04T19:30:00+00:00 [queued]>
[2025-06-04T20:00:01.334+0000] {taskinstance.py:2170} INFO - Starting attempt 1 of 1
[2025-06-04T20:00:01.436+0000] {taskinstance.py:2191} INFO - Executing <Task(PythonOperator): fetch_and_store_community_members_task> on 2025-06-04 19:30:00+00:00
[2025-06-04T20:00:01.457+0000] {standard_task_runner.py:60} INFO - Started process 4030 to run task
[2025-06-04T20:00:01.478+0000] {standard_task_runner.py:87} INFO - Running: ['***', 'tasks', 'run', 'community_members_ingestion', 'fetch_and_store_community_members_task', 'scheduled__2025-06-04T19:30:00+00:00', '--job-id', '23', '--raw', '--subdir', 'DAGS_FOLDER/api_to_db_dag.py', '--cfg-path', '/tmp/tmpmk8b8fyv']
[2025-06-04T20:00:01.502+0000] {standard_task_runner.py:88} INFO - Job 23: Subtask fetch_and_store_community_members_task
[2025-06-04T20:00:01.809+0000] {task_command.py:423} INFO - Running <TaskInstance: community_members_ingestion.fetch_and_store_community_members_task scheduled__2025-06-04T19:30:00+00:00 [running]> on host e4f5e6f9211f
[2025-06-04T20:00:02.363+0000] {taskinstance.py:2480} INFO - Exporting env vars: AIRFLOW_CTX_DAG_OWNER='***' AIRFLOW_CTX_DAG_ID='community_members_ingestion' AIRFLOW_CTX_TASK_ID='fetch_and_store_community_members_task' AIRFLOW_CTX_EXECUTION_DATE='2025-06-04T19:30:00+00:00' AIRFLOW_CTX_TRY_NUMBER='1' AIRFLOW_CTX_DAG_RUN_ID='scheduled__2025-06-04T19:30:00+00:00'
[2025-06-04T20:00:02.376+0000] {api_to_db_dag.py:39} INFO - Đang gọi API: https://app.circle.so/api/admin/v2/events?page=1&per_page=10
[2025-06-04T20:00:04.020+0000] {api_to_db_dag.py:42} INFO - Đã lấy 1 bản ghi từ API (nhiều trang).
[2025-06-04T20:00:04.022+0000] {api_to_db_dag.py:50} INFO - Đang kết nối đến cơ sở dữ liệu với Conn ID: QUANG
[2025-06-04T20:00:04.037+0000] {base.py:83} INFO - Using connection ID 'QUANG' for task execution.
[2025-06-04T20:00:04.039+0000] {api_to_db_dag.py:54} INFO - MySQL connection info: host=sql12.freesqldatabase.com, user=sql12783027, schema=sql12783027, port=3306
[2025-06-04T20:00:04.049+0000] {base.py:83} INFO - Using connection ID 'QUANG' for task execution.
[2025-06-04T20:00:04.215+0000] {api_to_db_dag.py:57} INFO - Kết nối cơ sở dữ liệu thành công.
[2025-06-04T20:00:04.271+0000] {api_to_db_dag.py:141} INFO - Đã chèn 1 community_member vào DB.
[2025-06-04T20:00:04.272+0000] {api_to_db_dag.py:147} INFO - Đã đóng kết nối cơ sở dữ liệu.
[2025-06-04T20:00:04.274+0000] {python.py:201} INFO - Done. Returned value was: None
[2025-06-04T20:00:04.288+0000] {taskinstance.py:1138} INFO - Marking task as SUCCESS. dag_id=community_members_ingestion, task_id=fetch_and_store_community_members_task, execution_date=20250604T193000, start_date=20250604T200001, end_date=20250604T200004
[2025-06-04T20:00:04.328+0000] {local_task_job_runner.py:234} INFO - Task exited with return code 0
[2025-06-04T20:00:04.357+0000] {taskinstance.py:3280} INFO - 0 downstream tasks scheduled from follow-on schedule check
