[2025-06-05T06:16:01.274+0000] {taskinstance.py:1956} INFO - Dependencies all met for dep_context=non-requeueable deps ti=<TaskInstance: comments_ingestion.fetch_and_store_comments_task manual__2025-06-05T13:15:55+07:00 [queued]>
[2025-06-05T06:16:01.343+0000] {taskinstance.py:1956} INFO - Dependencies all met for dep_context=requeueable deps ti=<TaskInstance: comments_ingestion.fetch_and_store_comments_task manual__2025-06-05T13:15:55+07:00 [queued]>
[2025-06-05T06:16:01.346+0000] {taskinstance.py:2170} INFO - Starting attempt 1 of 1
[2025-06-05T06:16:01.484+0000] {taskinstance.py:2191} INFO - Executing <Task(PythonOperator): fetch_and_store_comments_task> on 2025-06-05 06:15:55+00:00
[2025-06-05T06:16:01.515+0000] {standard_task_runner.py:60} INFO - Started process 3635 to run task
[2025-06-05T06:16:01.554+0000] {standard_task_runner.py:87} INFO - Running: ['***', 'tasks', 'run', 'comments_ingestion', 'fetch_and_store_comments_task', 'manual__2025-06-05T13:15:55+07:00', '--job-id', '65', '--raw', '--subdir', 'DAGS_FOLDER/api_to_db_dag_commments.py', '--cfg-path', '/tmp/tmpyx8720g3']
[2025-06-05T06:16:01.580+0000] {standard_task_runner.py:88} INFO - Job 65: Subtask fetch_and_store_comments_task
[2025-06-05T06:16:01.975+0000] {task_command.py:423} INFO - Running <TaskInstance: comments_ingestion.fetch_and_store_comments_task manual__2025-06-05T13:15:55+07:00 [running]> on host e4f5e6f9211f
[2025-06-05T06:16:02.693+0000] {taskinstance.py:2480} INFO - Exporting env vars: AIRFLOW_CTX_DAG_OWNER='***' AIRFLOW_CTX_DAG_ID='comments_ingestion' AIRFLOW_CTX_TASK_ID='fetch_and_store_comments_task' AIRFLOW_CTX_EXECUTION_DATE='2025-06-05T06:15:55+00:00' AIRFLOW_CTX_TRY_NUMBER='1' AIRFLOW_CTX_DAG_RUN_ID='manual__2025-06-05T13:15:55+07:00'
[2025-06-05T06:16:02.700+0000] {api_to_db_dag_commments.py:37} INFO - Đang gọi API: https://app.circle.so/api/admin/v2/comments?page=1&per_page=10
[2025-06-05T06:16:09.444+0000] {api_to_db_dag_commments.py:40} INFO - Đã lấy 45 bản ghi từ API (nhiều trang).
[2025-06-05T06:16:09.446+0000] {api_to_db_dag_commments.py:42} INFO - Sample comment record: {'id': 72177702, 'parent_comment_id': None, 'flagged_for_approval_at': None, 'created_at': '2025-05-08T09:33:09.484Z', 'body': {'id': None, 'name': 'body', 'body': '<div><p>testing 3</p></div>', 'record_type': 'Comment', 'record_id': 72177702, 'created_at': None, 'updated_at': None}, 'user': {'id': 28410442, 'name': 'Richie', 'avatar_url': 'https://secure.gravatar.com/avatar/0c6973589cf9f2dd8d7fc2614fda376d?default=404&secure=true&size=300', 'email': 'thaihoangvu.thv@gmail.com'}, 'post': {'id': 21314353, 'name': 'Brand task', 'slug': 'brand-task'}, 'space': {'id': 2022679, 'slug': 'night-edition', 'name': 'Night edition'}, 'url': 'https://via-staging.circle.so/c/night-edition/brand-task#comment_wrapper_72177702', 'community_id': 327527, 'likes_count': 1, 'user_posts_count': 5, 'user_likes_count': 1, 'user_comments_count': 5, 'replies_count': 0}
[2025-06-05T06:16:09.446+0000] {api_to_db_dag_commments.py:49} INFO - Đang kết nối đến cơ sở dữ liệu với Conn ID: QUANG
[2025-06-05T06:16:09.457+0000] {base.py:83} INFO - Using connection ID 'QUANG' for task execution.
[2025-06-05T06:16:09.960+0000] {api_to_db_dag_commments.py:55} INFO - Kết nối cơ sở dữ liệu thành công.
[2025-06-05T06:16:10.016+0000] {api_to_db_dag_commments.py:104} WARNING - Bỏ qua comment id=71635536 vì post_id=21097324 không tồn tại trong posts
[2025-06-05T06:16:10.087+0000] {api_to_db_dag_commments.py:122} INFO - Đã chèn/cập nhật 44 comment vào DB.
[2025-06-05T06:16:10.088+0000] {api_to_db_dag_commments.py:128} INFO - Đã đóng kết nối cơ sở dữ liệu.
[2025-06-05T06:16:10.089+0000] {python.py:201} INFO - Done. Returned value was: None
[2025-06-05T06:16:10.098+0000] {taskinstance.py:1138} INFO - Marking task as SUCCESS. dag_id=comments_ingestion, task_id=fetch_and_store_comments_task, execution_date=20250605T061555, start_date=20250605T061601, end_date=20250605T061610
[2025-06-05T06:16:10.150+0000] {local_task_job_runner.py:234} INFO - Task exited with return code 0
[2025-06-05T06:16:10.166+0000] {taskinstance.py:3280} INFO - 0 downstream tasks scheduled from follow-on schedule check
