[2025-06-03T17:07:15.230+0000] {processor.py:161} INFO - Started process (PID=167) to work on /opt/airflow/dags/api_to_db_dag.py
[2025-06-03T17:07:15.232+0000] {processor.py:830} INFO - Processing file /opt/airflow/dags/api_to_db_dag.py for tasks to queue
[2025-06-03T17:07:15.234+0000] {logging_mixin.py:188} INFO - [2025-06-03T17:07:15.233+0000] {dagbag.py:538} INFO - Filling up the DagBag from /opt/airflow/dags/api_to_db_dag.py
[2025-06-03T17:07:15.322+0000] {processor.py:840} INFO - DAG(s) 'circle_community_members_ingestion' retrieved from /opt/airflow/dags/api_to_db_dag.py
[2025-06-03T17:07:15.704+0000] {logging_mixin.py:188} INFO - [2025-06-03T17:07:15.703+0000] {override.py:1769} INFO - Created Permission View: can edit on DAG:circle_community_members_ingestion
[2025-06-03T17:07:15.730+0000] {logging_mixin.py:188} INFO - [2025-06-03T17:07:15.729+0000] {override.py:1769} INFO - Created Permission View: can read on DAG:circle_community_members_ingestion
[2025-06-03T17:07:15.757+0000] {logging_mixin.py:188} INFO - [2025-06-03T17:07:15.757+0000] {override.py:1769} INFO - Created Permission View: can delete on DAG:circle_community_members_ingestion
[2025-06-03T17:07:15.760+0000] {logging_mixin.py:188} INFO - [2025-06-03T17:07:15.759+0000] {dag.py:3036} INFO - Sync 1 DAGs
[2025-06-03T17:07:15.783+0000] {logging_mixin.py:188} INFO - [2025-06-03T17:07:15.782+0000] {dag.py:3058} INFO - Creating ORM DAG for circle_community_members_ingestion
[2025-06-03T17:07:15.812+0000] {logging_mixin.py:188} INFO - [2025-06-03T17:07:15.811+0000] {dag.py:3823} INFO - Setting next_dagrun for circle_community_members_ingestion to 2025-06-02 17:00:00+00:00, run_after=2025-06-03 17:00:00+00:00
[2025-06-03T17:07:15.879+0000] {processor.py:183} INFO - Processing /opt/airflow/dags/api_to_db_dag.py took 0.653 seconds
[2025-06-03T17:07:46.470+0000] {processor.py:161} INFO - Started process (PID=172) to work on /opt/airflow/dags/api_to_db_dag.py
[2025-06-03T17:07:46.487+0000] {processor.py:830} INFO - Processing file /opt/airflow/dags/api_to_db_dag.py for tasks to queue
[2025-06-03T17:07:46.508+0000] {logging_mixin.py:188} INFO - [2025-06-03T17:07:46.507+0000] {dagbag.py:538} INFO - Filling up the DagBag from /opt/airflow/dags/api_to_db_dag.py
[2025-06-03T17:07:46.678+0000] {processor.py:840} INFO - DAG(s) 'circle_community_members_ingestion' retrieved from /opt/airflow/dags/api_to_db_dag.py
[2025-06-03T17:07:46.850+0000] {logging_mixin.py:188} INFO - [2025-06-03T17:07:46.849+0000] {dag.py:3036} INFO - Sync 1 DAGs
[2025-06-03T17:07:47.036+0000] {logging_mixin.py:188} INFO - [2025-06-03T17:07:47.026+0000] {dag.py:3823} INFO - Setting next_dagrun for circle_community_members_ingestion to 2025-06-02 17:00:00+00:00, run_after=2025-06-03 17:00:00+00:00
[2025-06-03T17:07:47.320+0000] {processor.py:183} INFO - Processing /opt/airflow/dags/api_to_db_dag.py took 0.870 seconds
[2025-06-03T17:08:17.749+0000] {processor.py:161} INFO - Started process (PID=177) to work on /opt/airflow/dags/api_to_db_dag.py
[2025-06-03T17:08:17.751+0000] {processor.py:830} INFO - Processing file /opt/airflow/dags/api_to_db_dag.py for tasks to queue
[2025-06-03T17:08:17.754+0000] {logging_mixin.py:188} INFO - [2025-06-03T17:08:17.754+0000] {dagbag.py:538} INFO - Filling up the DagBag from /opt/airflow/dags/api_to_db_dag.py
[2025-06-03T17:08:17.811+0000] {processor.py:840} INFO - DAG(s) 'circle_community_members_ingestion' retrieved from /opt/airflow/dags/api_to_db_dag.py
[2025-06-03T17:08:17.878+0000] {logging_mixin.py:188} INFO - [2025-06-03T17:08:17.877+0000] {dag.py:3036} INFO - Sync 1 DAGs
[2025-06-03T17:08:17.935+0000] {logging_mixin.py:188} INFO - [2025-06-03T17:08:17.934+0000] {dag.py:3823} INFO - Setting next_dagrun for circle_community_members_ingestion to 2025-06-02 17:00:00+00:00, run_after=2025-06-03 17:00:00+00:00
[2025-06-03T17:08:17.989+0000] {processor.py:183} INFO - Processing /opt/airflow/dags/api_to_db_dag.py took 0.245 seconds
[2025-06-03T17:08:48.448+0000] {processor.py:161} INFO - Started process (PID=182) to work on /opt/airflow/dags/api_to_db_dag.py
[2025-06-03T17:08:48.452+0000] {processor.py:830} INFO - Processing file /opt/airflow/dags/api_to_db_dag.py for tasks to queue
[2025-06-03T17:08:48.456+0000] {logging_mixin.py:188} INFO - [2025-06-03T17:08:48.455+0000] {dagbag.py:538} INFO - Filling up the DagBag from /opt/airflow/dags/api_to_db_dag.py
[2025-06-03T17:08:48.552+0000] {processor.py:840} INFO - DAG(s) 'circle_community_members_ingestion' retrieved from /opt/airflow/dags/api_to_db_dag.py
[2025-06-03T17:08:48.639+0000] {logging_mixin.py:188} INFO - [2025-06-03T17:08:48.638+0000] {dag.py:3036} INFO - Sync 1 DAGs
[2025-06-03T17:08:48.729+0000] {logging_mixin.py:188} INFO - [2025-06-03T17:08:48.728+0000] {dag.py:3823} INFO - Setting next_dagrun for circle_community_members_ingestion to 2025-06-02 17:00:00+00:00, run_after=2025-06-03 17:00:00+00:00
[2025-06-03T17:08:48.867+0000] {processor.py:183} INFO - Processing /opt/airflow/dags/api_to_db_dag.py took 0.435 seconds
[2025-06-03T17:09:19.607+0000] {processor.py:161} INFO - Started process (PID=189) to work on /opt/airflow/dags/api_to_db_dag.py
[2025-06-03T17:09:19.608+0000] {processor.py:830} INFO - Processing file /opt/airflow/dags/api_to_db_dag.py for tasks to queue
[2025-06-03T17:09:19.609+0000] {logging_mixin.py:188} INFO - [2025-06-03T17:09:19.609+0000] {dagbag.py:538} INFO - Filling up the DagBag from /opt/airflow/dags/api_to_db_dag.py
[2025-06-03T17:09:19.651+0000] {processor.py:840} INFO - DAG(s) 'circle_community_members_ingestion' retrieved from /opt/airflow/dags/api_to_db_dag.py
[2025-06-03T17:09:19.685+0000] {logging_mixin.py:188} INFO - [2025-06-03T17:09:19.685+0000] {dag.py:3036} INFO - Sync 1 DAGs
[2025-06-03T17:09:19.712+0000] {logging_mixin.py:188} INFO - [2025-06-03T17:09:19.712+0000] {dag.py:3823} INFO - Setting next_dagrun for circle_community_members_ingestion to 2025-06-03 17:00:00+00:00, run_after=2025-06-04 17:00:00+00:00
[2025-06-03T17:09:19.746+0000] {processor.py:183} INFO - Processing /opt/airflow/dags/api_to_db_dag.py took 0.143 seconds
[2025-06-03T17:09:50.054+0000] {processor.py:161} INFO - Started process (PID=194) to work on /opt/airflow/dags/api_to_db_dag.py
[2025-06-03T17:09:50.056+0000] {processor.py:830} INFO - Processing file /opt/airflow/dags/api_to_db_dag.py for tasks to queue
[2025-06-03T17:09:50.058+0000] {logging_mixin.py:188} INFO - [2025-06-03T17:09:50.057+0000] {dagbag.py:538} INFO - Filling up the DagBag from /opt/airflow/dags/api_to_db_dag.py
[2025-06-03T17:09:50.100+0000] {processor.py:840} INFO - DAG(s) 'circle_community_members_ingestion' retrieved from /opt/airflow/dags/api_to_db_dag.py
[2025-06-03T17:09:50.139+0000] {logging_mixin.py:188} INFO - [2025-06-03T17:09:50.138+0000] {dag.py:3036} INFO - Sync 1 DAGs
[2025-06-03T17:09:50.173+0000] {logging_mixin.py:188} INFO - [2025-06-03T17:09:50.173+0000] {dag.py:3823} INFO - Setting next_dagrun for circle_community_members_ingestion to 2025-06-03 17:00:00+00:00, run_after=2025-06-04 17:00:00+00:00
[2025-06-03T17:09:50.214+0000] {processor.py:183} INFO - Processing /opt/airflow/dags/api_to_db_dag.py took 0.164 seconds
[2025-06-03T17:10:20.448+0000] {processor.py:161} INFO - Started process (PID=199) to work on /opt/airflow/dags/api_to_db_dag.py
[2025-06-03T17:10:20.450+0000] {processor.py:830} INFO - Processing file /opt/airflow/dags/api_to_db_dag.py for tasks to queue
[2025-06-03T17:10:20.452+0000] {logging_mixin.py:188} INFO - [2025-06-03T17:10:20.451+0000] {dagbag.py:538} INFO - Filling up the DagBag from /opt/airflow/dags/api_to_db_dag.py
[2025-06-03T17:10:20.497+0000] {processor.py:840} INFO - DAG(s) 'circle_community_members_ingestion' retrieved from /opt/airflow/dags/api_to_db_dag.py
[2025-06-03T17:10:20.531+0000] {logging_mixin.py:188} INFO - [2025-06-03T17:10:20.530+0000] {dag.py:3036} INFO - Sync 1 DAGs
[2025-06-03T17:10:20.558+0000] {logging_mixin.py:188} INFO - [2025-06-03T17:10:20.558+0000] {dag.py:3823} INFO - Setting next_dagrun for circle_community_members_ingestion to 2025-06-03 17:00:00+00:00, run_after=2025-06-04 17:00:00+00:00
[2025-06-03T17:10:20.590+0000] {processor.py:183} INFO - Processing /opt/airflow/dags/api_to_db_dag.py took 0.146 seconds
[2025-06-03T17:10:50.897+0000] {processor.py:161} INFO - Started process (PID=204) to work on /opt/airflow/dags/api_to_db_dag.py
[2025-06-03T17:10:50.903+0000] {processor.py:830} INFO - Processing file /opt/airflow/dags/api_to_db_dag.py for tasks to queue
[2025-06-03T17:10:50.907+0000] {logging_mixin.py:188} INFO - [2025-06-03T17:10:50.905+0000] {dagbag.py:538} INFO - Filling up the DagBag from /opt/airflow/dags/api_to_db_dag.py
[2025-06-03T17:10:51.030+0000] {processor.py:840} INFO - DAG(s) 'circle_community_members_ingestion' retrieved from /opt/airflow/dags/api_to_db_dag.py
[2025-06-03T17:10:51.142+0000] {logging_mixin.py:188} INFO - [2025-06-03T17:10:51.140+0000] {dag.py:3036} INFO - Sync 1 DAGs
[2025-06-03T17:10:51.228+0000] {logging_mixin.py:188} INFO - [2025-06-03T17:10:51.228+0000] {dag.py:3823} INFO - Setting next_dagrun for circle_community_members_ingestion to 2025-06-03 17:00:00+00:00, run_after=2025-06-04 17:00:00+00:00
[2025-06-03T17:10:51.312+0000] {processor.py:183} INFO - Processing /opt/airflow/dags/api_to_db_dag.py took 0.426 seconds
[2025-06-03T17:11:21.625+0000] {processor.py:161} INFO - Started process (PID=209) to work on /opt/airflow/dags/api_to_db_dag.py
[2025-06-03T17:11:21.626+0000] {processor.py:830} INFO - Processing file /opt/airflow/dags/api_to_db_dag.py for tasks to queue
[2025-06-03T17:11:21.627+0000] {logging_mixin.py:188} INFO - [2025-06-03T17:11:21.627+0000] {dagbag.py:538} INFO - Filling up the DagBag from /opt/airflow/dags/api_to_db_dag.py
[2025-06-03T17:11:21.653+0000] {processor.py:840} INFO - DAG(s) 'circle_community_members_ingestion' retrieved from /opt/airflow/dags/api_to_db_dag.py
[2025-06-03T17:11:21.687+0000] {logging_mixin.py:188} INFO - [2025-06-03T17:11:21.687+0000] {dag.py:3036} INFO - Sync 1 DAGs
[2025-06-03T17:11:21.716+0000] {logging_mixin.py:188} INFO - [2025-06-03T17:11:21.716+0000] {dag.py:3823} INFO - Setting next_dagrun for circle_community_members_ingestion to 2025-06-03 17:00:00+00:00, run_after=2025-06-04 17:00:00+00:00
[2025-06-03T17:11:21.752+0000] {processor.py:183} INFO - Processing /opt/airflow/dags/api_to_db_dag.py took 0.131 seconds
[2025-06-03T17:11:52.561+0000] {processor.py:161} INFO - Started process (PID=214) to work on /opt/airflow/dags/api_to_db_dag.py
[2025-06-03T17:11:52.571+0000] {processor.py:830} INFO - Processing file /opt/airflow/dags/api_to_db_dag.py for tasks to queue
[2025-06-03T17:11:52.584+0000] {logging_mixin.py:188} INFO - [2025-06-03T17:11:52.581+0000] {dagbag.py:538} INFO - Filling up the DagBag from /opt/airflow/dags/api_to_db_dag.py
[2025-06-03T17:11:53.216+0000] {processor.py:840} INFO - DAG(s) 'circle_community_members_ingestion' retrieved from /opt/airflow/dags/api_to_db_dag.py
[2025-06-03T17:11:54.157+0000] {logging_mixin.py:188} INFO - [2025-06-03T17:11:54.156+0000] {dag.py:3036} INFO - Sync 1 DAGs
[2025-06-03T17:11:54.391+0000] {logging_mixin.py:188} INFO - [2025-06-03T17:11:54.391+0000] {dag.py:3823} INFO - Setting next_dagrun for circle_community_members_ingestion to 2025-06-03 17:00:00+00:00, run_after=2025-06-04 17:00:00+00:00
[2025-06-03T17:11:54.641+0000] {processor.py:183} INFO - Processing /opt/airflow/dags/api_to_db_dag.py took 2.097 seconds
[2025-06-03T17:12:25.251+0000] {processor.py:161} INFO - Started process (PID=219) to work on /opt/airflow/dags/api_to_db_dag.py
[2025-06-03T17:12:25.252+0000] {processor.py:830} INFO - Processing file /opt/airflow/dags/api_to_db_dag.py for tasks to queue
[2025-06-03T17:12:25.253+0000] {logging_mixin.py:188} INFO - [2025-06-03T17:12:25.253+0000] {dagbag.py:538} INFO - Filling up the DagBag from /opt/airflow/dags/api_to_db_dag.py
[2025-06-03T17:12:25.289+0000] {processor.py:840} INFO - DAG(s) 'circle_community_members_ingestion' retrieved from /opt/airflow/dags/api_to_db_dag.py
[2025-06-03T17:12:25.324+0000] {logging_mixin.py:188} INFO - [2025-06-03T17:12:25.324+0000] {dag.py:3036} INFO - Sync 1 DAGs
[2025-06-03T17:12:25.353+0000] {logging_mixin.py:188} INFO - [2025-06-03T17:12:25.353+0000] {dag.py:3823} INFO - Setting next_dagrun for circle_community_members_ingestion to 2025-06-03 17:00:00+00:00, run_after=2025-06-04 17:00:00+00:00
[2025-06-03T17:12:25.392+0000] {processor.py:183} INFO - Processing /opt/airflow/dags/api_to_db_dag.py took 0.145 seconds
[2025-06-03T17:12:55.813+0000] {processor.py:161} INFO - Started process (PID=224) to work on /opt/airflow/dags/api_to_db_dag.py
[2025-06-03T17:12:55.818+0000] {processor.py:830} INFO - Processing file /opt/airflow/dags/api_to_db_dag.py for tasks to queue
[2025-06-03T17:12:55.824+0000] {logging_mixin.py:188} INFO - [2025-06-03T17:12:55.823+0000] {dagbag.py:538} INFO - Filling up the DagBag from /opt/airflow/dags/api_to_db_dag.py
[2025-06-03T17:12:55.905+0000] {processor.py:840} INFO - DAG(s) 'circle_community_members_ingestion' retrieved from /opt/airflow/dags/api_to_db_dag.py
[2025-06-03T17:12:55.979+0000] {logging_mixin.py:188} INFO - [2025-06-03T17:12:55.978+0000] {dag.py:3036} INFO - Sync 1 DAGs
[2025-06-03T17:12:56.042+0000] {logging_mixin.py:188} INFO - [2025-06-03T17:12:56.042+0000] {dag.py:3823} INFO - Setting next_dagrun for circle_community_members_ingestion to 2025-06-03 17:00:00+00:00, run_after=2025-06-04 17:00:00+00:00
[2025-06-03T17:12:56.154+0000] {processor.py:183} INFO - Processing /opt/airflow/dags/api_to_db_dag.py took 0.349 seconds
[2025-06-03T17:13:26.527+0000] {processor.py:161} INFO - Started process (PID=229) to work on /opt/airflow/dags/api_to_db_dag.py
[2025-06-03T17:13:26.529+0000] {processor.py:830} INFO - Processing file /opt/airflow/dags/api_to_db_dag.py for tasks to queue
[2025-06-03T17:13:26.531+0000] {logging_mixin.py:188} INFO - [2025-06-03T17:13:26.530+0000] {dagbag.py:538} INFO - Filling up the DagBag from /opt/airflow/dags/api_to_db_dag.py
[2025-06-03T17:13:26.591+0000] {processor.py:840} INFO - DAG(s) 'circle_community_members_ingestion' retrieved from /opt/airflow/dags/api_to_db_dag.py
[2025-06-03T17:13:26.660+0000] {logging_mixin.py:188} INFO - [2025-06-03T17:13:26.660+0000] {dag.py:3036} INFO - Sync 1 DAGs
[2025-06-03T17:13:26.759+0000] {logging_mixin.py:188} INFO - [2025-06-03T17:13:26.758+0000] {dag.py:3823} INFO - Setting next_dagrun for circle_community_members_ingestion to 2025-06-03 17:00:00+00:00, run_after=2025-06-04 17:00:00+00:00
[2025-06-03T17:13:26.817+0000] {processor.py:183} INFO - Processing /opt/airflow/dags/api_to_db_dag.py took 0.297 seconds
[2025-06-03T17:13:57.216+0000] {processor.py:161} INFO - Started process (PID=234) to work on /opt/airflow/dags/api_to_db_dag.py
[2025-06-03T17:13:57.217+0000] {processor.py:830} INFO - Processing file /opt/airflow/dags/api_to_db_dag.py for tasks to queue
[2025-06-03T17:13:57.219+0000] {logging_mixin.py:188} INFO - [2025-06-03T17:13:57.219+0000] {dagbag.py:538} INFO - Filling up the DagBag from /opt/airflow/dags/api_to_db_dag.py
[2025-06-03T17:13:57.272+0000] {processor.py:840} INFO - DAG(s) 'circle_community_members_ingestion' retrieved from /opt/airflow/dags/api_to_db_dag.py
[2025-06-03T17:13:57.321+0000] {logging_mixin.py:188} INFO - [2025-06-03T17:13:57.320+0000] {dag.py:3036} INFO - Sync 1 DAGs
[2025-06-03T17:13:57.357+0000] {logging_mixin.py:188} INFO - [2025-06-03T17:13:57.357+0000] {dag.py:3823} INFO - Setting next_dagrun for circle_community_members_ingestion to 2025-06-03 17:00:00+00:00, run_after=2025-06-04 17:00:00+00:00
[2025-06-03T17:13:57.404+0000] {processor.py:183} INFO - Processing /opt/airflow/dags/api_to_db_dag.py took 0.193 seconds
[2025-06-03T17:14:27.623+0000] {processor.py:161} INFO - Started process (PID=241) to work on /opt/airflow/dags/api_to_db_dag.py
[2025-06-03T17:14:27.627+0000] {processor.py:830} INFO - Processing file /opt/airflow/dags/api_to_db_dag.py for tasks to queue
[2025-06-03T17:14:27.631+0000] {logging_mixin.py:188} INFO - [2025-06-03T17:14:27.630+0000] {dagbag.py:538} INFO - Filling up the DagBag from /opt/airflow/dags/api_to_db_dag.py
[2025-06-03T17:14:27.766+0000] {processor.py:840} INFO - DAG(s) 'circle_community_members_ingestion' retrieved from /opt/airflow/dags/api_to_db_dag.py
[2025-06-03T17:14:27.838+0000] {logging_mixin.py:188} INFO - [2025-06-03T17:14:27.837+0000] {dag.py:3036} INFO - Sync 1 DAGs
[2025-06-03T17:14:27.904+0000] {logging_mixin.py:188} INFO - [2025-06-03T17:14:27.903+0000] {dag.py:3823} INFO - Setting next_dagrun for circle_community_members_ingestion to 2025-06-03 17:00:00+00:00, run_after=2025-06-04 17:00:00+00:00
[2025-06-03T17:14:27.970+0000] {processor.py:183} INFO - Processing /opt/airflow/dags/api_to_db_dag.py took 0.362 seconds
[2025-06-03T17:14:58.246+0000] {processor.py:161} INFO - Started process (PID=246) to work on /opt/airflow/dags/api_to_db_dag.py
[2025-06-03T17:14:58.247+0000] {processor.py:830} INFO - Processing file /opt/airflow/dags/api_to_db_dag.py for tasks to queue
[2025-06-03T17:14:58.249+0000] {logging_mixin.py:188} INFO - [2025-06-03T17:14:58.248+0000] {dagbag.py:538} INFO - Filling up the DagBag from /opt/airflow/dags/api_to_db_dag.py
[2025-06-03T17:14:58.288+0000] {processor.py:840} INFO - DAG(s) 'circle_community_members_ingestion' retrieved from /opt/airflow/dags/api_to_db_dag.py
[2025-06-03T17:14:58.325+0000] {logging_mixin.py:188} INFO - [2025-06-03T17:14:58.324+0000] {dag.py:3036} INFO - Sync 1 DAGs
[2025-06-03T17:14:58.357+0000] {logging_mixin.py:188} INFO - [2025-06-03T17:14:58.357+0000] {dag.py:3823} INFO - Setting next_dagrun for circle_community_members_ingestion to 2025-06-03 17:00:00+00:00, run_after=2025-06-04 17:00:00+00:00
[2025-06-03T17:14:58.395+0000] {processor.py:183} INFO - Processing /opt/airflow/dags/api_to_db_dag.py took 0.153 seconds
[2025-06-03T17:15:28.484+0000] {processor.py:161} INFO - Started process (PID=251) to work on /opt/airflow/dags/api_to_db_dag.py
[2025-06-03T17:15:28.486+0000] {processor.py:830} INFO - Processing file /opt/airflow/dags/api_to_db_dag.py for tasks to queue
[2025-06-03T17:15:28.487+0000] {logging_mixin.py:188} INFO - [2025-06-03T17:15:28.486+0000] {dagbag.py:538} INFO - Filling up the DagBag from /opt/airflow/dags/api_to_db_dag.py
[2025-06-03T17:15:28.517+0000] {processor.py:840} INFO - DAG(s) 'circle_community_members_ingestion' retrieved from /opt/airflow/dags/api_to_db_dag.py
[2025-06-03T17:15:28.552+0000] {logging_mixin.py:188} INFO - [2025-06-03T17:15:28.552+0000] {dag.py:3036} INFO - Sync 1 DAGs
[2025-06-03T17:15:28.583+0000] {logging_mixin.py:188} INFO - [2025-06-03T17:15:28.582+0000] {dag.py:3823} INFO - Setting next_dagrun for circle_community_members_ingestion to 2025-06-03 17:00:00+00:00, run_after=2025-06-04 17:00:00+00:00
[2025-06-03T17:15:28.617+0000] {processor.py:183} INFO - Processing /opt/airflow/dags/api_to_db_dag.py took 0.137 seconds
[2025-06-03T17:15:58.717+0000] {processor.py:161} INFO - Started process (PID=256) to work on /opt/airflow/dags/api_to_db_dag.py
[2025-06-03T17:15:58.718+0000] {processor.py:830} INFO - Processing file /opt/airflow/dags/api_to_db_dag.py for tasks to queue
[2025-06-03T17:15:58.719+0000] {logging_mixin.py:188} INFO - [2025-06-03T17:15:58.719+0000] {dagbag.py:538} INFO - Filling up the DagBag from /opt/airflow/dags/api_to_db_dag.py
[2025-06-03T17:15:58.744+0000] {processor.py:840} INFO - DAG(s) 'circle_community_members_ingestion' retrieved from /opt/airflow/dags/api_to_db_dag.py
[2025-06-03T17:15:58.772+0000] {logging_mixin.py:188} INFO - [2025-06-03T17:15:58.772+0000] {dag.py:3036} INFO - Sync 1 DAGs
[2025-06-03T17:15:58.794+0000] {logging_mixin.py:188} INFO - [2025-06-03T17:15:58.794+0000] {dag.py:3823} INFO - Setting next_dagrun for circle_community_members_ingestion to 2025-06-03 17:00:00+00:00, run_after=2025-06-04 17:00:00+00:00
[2025-06-03T17:15:58.852+0000] {processor.py:183} INFO - Processing /opt/airflow/dags/api_to_db_dag.py took 0.139 seconds
[2025-06-03T17:16:29.327+0000] {processor.py:161} INFO - Started process (PID=261) to work on /opt/airflow/dags/api_to_db_dag.py
[2025-06-03T17:16:29.329+0000] {processor.py:830} INFO - Processing file /opt/airflow/dags/api_to_db_dag.py for tasks to queue
[2025-06-03T17:16:29.333+0000] {logging_mixin.py:188} INFO - [2025-06-03T17:16:29.332+0000] {dagbag.py:538} INFO - Filling up the DagBag from /opt/airflow/dags/api_to_db_dag.py
[2025-06-03T17:16:29.394+0000] {processor.py:840} INFO - DAG(s) 'circle_community_members_ingestion' retrieved from /opt/airflow/dags/api_to_db_dag.py
[2025-06-03T17:16:29.450+0000] {logging_mixin.py:188} INFO - [2025-06-03T17:16:29.449+0000] {dag.py:3036} INFO - Sync 1 DAGs
[2025-06-03T17:16:29.518+0000] {logging_mixin.py:188} INFO - [2025-06-03T17:16:29.517+0000] {dag.py:3823} INFO - Setting next_dagrun for circle_community_members_ingestion to 2025-06-03 17:00:00+00:00, run_after=2025-06-04 17:00:00+00:00
[2025-06-03T17:16:29.576+0000] {processor.py:183} INFO - Processing /opt/airflow/dags/api_to_db_dag.py took 0.254 seconds
[2025-06-03T17:16:59.893+0000] {processor.py:161} INFO - Started process (PID=266) to work on /opt/airflow/dags/api_to_db_dag.py
[2025-06-03T17:16:59.895+0000] {processor.py:830} INFO - Processing file /opt/airflow/dags/api_to_db_dag.py for tasks to queue
[2025-06-03T17:16:59.896+0000] {logging_mixin.py:188} INFO - [2025-06-03T17:16:59.895+0000] {dagbag.py:538} INFO - Filling up the DagBag from /opt/airflow/dags/api_to_db_dag.py
[2025-06-03T17:16:59.928+0000] {processor.py:840} INFO - DAG(s) 'circle_community_members_ingestion' retrieved from /opt/airflow/dags/api_to_db_dag.py
[2025-06-03T17:16:59.963+0000] {logging_mixin.py:188} INFO - [2025-06-03T17:16:59.962+0000] {dag.py:3036} INFO - Sync 1 DAGs
[2025-06-03T17:16:59.994+0000] {logging_mixin.py:188} INFO - [2025-06-03T17:16:59.994+0000] {dag.py:3823} INFO - Setting next_dagrun for circle_community_members_ingestion to 2025-06-03 17:00:00+00:00, run_after=2025-06-04 17:00:00+00:00
[2025-06-03T17:17:00.034+0000] {processor.py:183} INFO - Processing /opt/airflow/dags/api_to_db_dag.py took 0.144 seconds
[2025-06-03T17:17:30.158+0000] {processor.py:161} INFO - Started process (PID=271) to work on /opt/airflow/dags/api_to_db_dag.py
[2025-06-03T17:17:30.159+0000] {processor.py:830} INFO - Processing file /opt/airflow/dags/api_to_db_dag.py for tasks to queue
[2025-06-03T17:17:30.160+0000] {logging_mixin.py:188} INFO - [2025-06-03T17:17:30.160+0000] {dagbag.py:538} INFO - Filling up the DagBag from /opt/airflow/dags/api_to_db_dag.py
[2025-06-03T17:17:30.187+0000] {processor.py:840} INFO - DAG(s) 'circle_community_members_ingestion' retrieved from /opt/airflow/dags/api_to_db_dag.py
[2025-06-03T17:17:30.222+0000] {logging_mixin.py:188} INFO - [2025-06-03T17:17:30.222+0000] {dag.py:3036} INFO - Sync 1 DAGs
[2025-06-03T17:17:30.249+0000] {logging_mixin.py:188} INFO - [2025-06-03T17:17:30.249+0000] {dag.py:3823} INFO - Setting next_dagrun for circle_community_members_ingestion to 2025-06-03 17:00:00+00:00, run_after=2025-06-04 17:00:00+00:00
[2025-06-03T17:17:30.280+0000] {processor.py:183} INFO - Processing /opt/airflow/dags/api_to_db_dag.py took 0.126 seconds
[2025-06-03T17:18:00.580+0000] {processor.py:161} INFO - Started process (PID=276) to work on /opt/airflow/dags/api_to_db_dag.py
[2025-06-03T17:18:00.585+0000] {processor.py:830} INFO - Processing file /opt/airflow/dags/api_to_db_dag.py for tasks to queue
[2025-06-03T17:18:00.589+0000] {logging_mixin.py:188} INFO - [2025-06-03T17:18:00.588+0000] {dagbag.py:538} INFO - Filling up the DagBag from /opt/airflow/dags/api_to_db_dag.py
[2025-06-03T17:18:00.766+0000] {processor.py:840} INFO - DAG(s) 'circle_community_members_ingestion' retrieved from /opt/airflow/dags/api_to_db_dag.py
[2025-06-03T17:18:00.974+0000] {logging_mixin.py:188} INFO - [2025-06-03T17:18:00.974+0000] {dag.py:3036} INFO - Sync 1 DAGs
[2025-06-03T17:18:01.084+0000] {logging_mixin.py:188} INFO - [2025-06-03T17:18:01.083+0000] {dag.py:3823} INFO - Setting next_dagrun for circle_community_members_ingestion to 2025-06-03 17:00:00+00:00, run_after=2025-06-04 17:00:00+00:00
[2025-06-03T17:18:01.172+0000] {processor.py:183} INFO - Processing /opt/airflow/dags/api_to_db_dag.py took 0.611 seconds
[2025-06-03T17:18:31.557+0000] {processor.py:161} INFO - Started process (PID=281) to work on /opt/airflow/dags/api_to_db_dag.py
[2025-06-03T17:18:31.566+0000] {processor.py:830} INFO - Processing file /opt/airflow/dags/api_to_db_dag.py for tasks to queue
[2025-06-03T17:18:31.568+0000] {logging_mixin.py:188} INFO - [2025-06-03T17:18:31.568+0000] {dagbag.py:538} INFO - Filling up the DagBag from /opt/airflow/dags/api_to_db_dag.py
[2025-06-03T17:18:31.670+0000] {processor.py:840} INFO - DAG(s) 'circle_community_members_ingestion' retrieved from /opt/airflow/dags/api_to_db_dag.py
[2025-06-03T17:18:31.836+0000] {logging_mixin.py:188} INFO - [2025-06-03T17:18:31.835+0000] {dag.py:3036} INFO - Sync 1 DAGs
[2025-06-03T17:18:32.172+0000] {logging_mixin.py:188} INFO - [2025-06-03T17:18:32.171+0000] {dag.py:3823} INFO - Setting next_dagrun for circle_community_members_ingestion to 2025-06-03 17:00:00+00:00, run_after=2025-06-04 17:00:00+00:00
[2025-06-03T17:18:32.297+0000] {processor.py:183} INFO - Processing /opt/airflow/dags/api_to_db_dag.py took 0.748 seconds
[2025-06-03T17:19:02.705+0000] {processor.py:161} INFO - Started process (PID=286) to work on /opt/airflow/dags/api_to_db_dag.py
[2025-06-03T17:19:02.706+0000] {processor.py:830} INFO - Processing file /opt/airflow/dags/api_to_db_dag.py for tasks to queue
[2025-06-03T17:19:02.708+0000] {logging_mixin.py:188} INFO - [2025-06-03T17:19:02.707+0000] {dagbag.py:538} INFO - Filling up the DagBag from /opt/airflow/dags/api_to_db_dag.py
[2025-06-03T17:19:02.741+0000] {processor.py:840} INFO - DAG(s) 'circle_community_members_ingestion' retrieved from /opt/airflow/dags/api_to_db_dag.py
[2025-06-03T17:19:02.780+0000] {logging_mixin.py:188} INFO - [2025-06-03T17:19:02.780+0000] {dag.py:3036} INFO - Sync 1 DAGs
[2025-06-03T17:19:02.815+0000] {logging_mixin.py:188} INFO - [2025-06-03T17:19:02.814+0000] {dag.py:3823} INFO - Setting next_dagrun for circle_community_members_ingestion to 2025-06-03 17:00:00+00:00, run_after=2025-06-04 17:00:00+00:00
[2025-06-03T17:19:02.853+0000] {processor.py:183} INFO - Processing /opt/airflow/dags/api_to_db_dag.py took 0.152 seconds
[2025-06-03T17:19:33.093+0000] {processor.py:161} INFO - Started process (PID=291) to work on /opt/airflow/dags/api_to_db_dag.py
[2025-06-03T17:19:33.096+0000] {processor.py:830} INFO - Processing file /opt/airflow/dags/api_to_db_dag.py for tasks to queue
[2025-06-03T17:19:33.097+0000] {logging_mixin.py:188} INFO - [2025-06-03T17:19:33.097+0000] {dagbag.py:538} INFO - Filling up the DagBag from /opt/airflow/dags/api_to_db_dag.py
[2025-06-03T17:19:33.152+0000] {processor.py:840} INFO - DAG(s) 'circle_community_members_ingestion' retrieved from /opt/airflow/dags/api_to_db_dag.py
[2025-06-03T17:19:33.204+0000] {logging_mixin.py:188} INFO - [2025-06-03T17:19:33.203+0000] {dag.py:3036} INFO - Sync 1 DAGs
[2025-06-03T17:19:33.249+0000] {logging_mixin.py:188} INFO - [2025-06-03T17:19:33.248+0000] {dag.py:3823} INFO - Setting next_dagrun for circle_community_members_ingestion to 2025-06-03 17:00:00+00:00, run_after=2025-06-04 17:00:00+00:00
[2025-06-03T17:19:33.294+0000] {processor.py:183} INFO - Processing /opt/airflow/dags/api_to_db_dag.py took 0.207 seconds
[2025-06-03T17:20:03.564+0000] {processor.py:161} INFO - Started process (PID=296) to work on /opt/airflow/dags/api_to_db_dag.py
[2025-06-03T17:20:03.565+0000] {processor.py:830} INFO - Processing file /opt/airflow/dags/api_to_db_dag.py for tasks to queue
[2025-06-03T17:20:03.567+0000] {logging_mixin.py:188} INFO - [2025-06-03T17:20:03.566+0000] {dagbag.py:538} INFO - Filling up the DagBag from /opt/airflow/dags/api_to_db_dag.py
[2025-06-03T17:20:03.612+0000] {processor.py:840} INFO - DAG(s) 'circle_community_members_ingestion' retrieved from /opt/airflow/dags/api_to_db_dag.py
[2025-06-03T17:20:03.655+0000] {logging_mixin.py:188} INFO - [2025-06-03T17:20:03.654+0000] {dag.py:3036} INFO - Sync 1 DAGs
[2025-06-03T17:20:03.690+0000] {logging_mixin.py:188} INFO - [2025-06-03T17:20:03.690+0000] {dag.py:3823} INFO - Setting next_dagrun for circle_community_members_ingestion to 2025-06-03 17:00:00+00:00, run_after=2025-06-04 17:00:00+00:00
[2025-06-03T17:20:03.729+0000] {processor.py:183} INFO - Processing /opt/airflow/dags/api_to_db_dag.py took 0.170 seconds
[2025-06-03T17:20:34.108+0000] {processor.py:161} INFO - Started process (PID=301) to work on /opt/airflow/dags/api_to_db_dag.py
[2025-06-03T17:20:34.111+0000] {processor.py:830} INFO - Processing file /opt/airflow/dags/api_to_db_dag.py for tasks to queue
[2025-06-03T17:20:34.113+0000] {logging_mixin.py:188} INFO - [2025-06-03T17:20:34.112+0000] {dagbag.py:538} INFO - Filling up the DagBag from /opt/airflow/dags/api_to_db_dag.py
[2025-06-03T17:20:34.175+0000] {processor.py:840} INFO - DAG(s) 'circle_community_members_ingestion' retrieved from /opt/airflow/dags/api_to_db_dag.py
[2025-06-03T17:20:34.238+0000] {logging_mixin.py:188} INFO - [2025-06-03T17:20:34.237+0000] {dag.py:3036} INFO - Sync 1 DAGs
[2025-06-03T17:20:34.306+0000] {logging_mixin.py:188} INFO - [2025-06-03T17:20:34.305+0000] {dag.py:3823} INFO - Setting next_dagrun for circle_community_members_ingestion to 2025-06-03 17:00:00+00:00, run_after=2025-06-04 17:00:00+00:00
[2025-06-03T17:20:34.382+0000] {processor.py:183} INFO - Processing /opt/airflow/dags/api_to_db_dag.py took 0.280 seconds
[2025-06-03T17:21:04.525+0000] {processor.py:161} INFO - Started process (PID=306) to work on /opt/airflow/dags/api_to_db_dag.py
[2025-06-03T17:21:04.527+0000] {processor.py:830} INFO - Processing file /opt/airflow/dags/api_to_db_dag.py for tasks to queue
[2025-06-03T17:21:04.529+0000] {logging_mixin.py:188} INFO - [2025-06-03T17:21:04.528+0000] {dagbag.py:538} INFO - Filling up the DagBag from /opt/airflow/dags/api_to_db_dag.py
[2025-06-03T17:21:04.573+0000] {processor.py:840} INFO - DAG(s) 'circle_community_members_ingestion' retrieved from /opt/airflow/dags/api_to_db_dag.py
[2025-06-03T17:21:04.611+0000] {logging_mixin.py:188} INFO - [2025-06-03T17:21:04.610+0000] {dag.py:3036} INFO - Sync 1 DAGs
[2025-06-03T17:21:04.644+0000] {logging_mixin.py:188} INFO - [2025-06-03T17:21:04.643+0000] {dag.py:3823} INFO - Setting next_dagrun for circle_community_members_ingestion to 2025-06-03 17:00:00+00:00, run_after=2025-06-04 17:00:00+00:00
[2025-06-03T17:21:04.678+0000] {processor.py:183} INFO - Processing /opt/airflow/dags/api_to_db_dag.py took 0.157 seconds
[2025-06-03T17:21:34.788+0000] {processor.py:161} INFO - Started process (PID=311) to work on /opt/airflow/dags/api_to_db_dag.py
[2025-06-03T17:21:34.791+0000] {processor.py:830} INFO - Processing file /opt/airflow/dags/api_to_db_dag.py for tasks to queue
[2025-06-03T17:21:34.801+0000] {logging_mixin.py:188} INFO - [2025-06-03T17:21:34.801+0000] {dagbag.py:538} INFO - Filling up the DagBag from /opt/airflow/dags/api_to_db_dag.py
[2025-06-03T17:21:34.853+0000] {processor.py:840} INFO - DAG(s) 'circle_community_members_ingestion' retrieved from /opt/airflow/dags/api_to_db_dag.py
[2025-06-03T17:21:34.902+0000] {logging_mixin.py:188} INFO - [2025-06-03T17:21:34.901+0000] {dag.py:3036} INFO - Sync 1 DAGs
[2025-06-03T17:21:34.949+0000] {logging_mixin.py:188} INFO - [2025-06-03T17:21:34.948+0000] {dag.py:3823} INFO - Setting next_dagrun for circle_community_members_ingestion to 2025-06-03 17:00:00+00:00, run_after=2025-06-04 17:00:00+00:00
[2025-06-03T17:21:34.996+0000] {processor.py:183} INFO - Processing /opt/airflow/dags/api_to_db_dag.py took 0.215 seconds
[2025-06-03T17:22:05.175+0000] {processor.py:161} INFO - Started process (PID=316) to work on /opt/airflow/dags/api_to_db_dag.py
[2025-06-03T17:22:05.176+0000] {processor.py:830} INFO - Processing file /opt/airflow/dags/api_to_db_dag.py for tasks to queue
[2025-06-03T17:22:05.177+0000] {logging_mixin.py:188} INFO - [2025-06-03T17:22:05.176+0000] {dagbag.py:538} INFO - Filling up the DagBag from /opt/airflow/dags/api_to_db_dag.py
[2025-06-03T17:22:05.203+0000] {processor.py:840} INFO - DAG(s) 'circle_community_members_ingestion' retrieved from /opt/airflow/dags/api_to_db_dag.py
[2025-06-03T17:22:05.229+0000] {logging_mixin.py:188} INFO - [2025-06-03T17:22:05.229+0000] {dag.py:3036} INFO - Sync 1 DAGs
[2025-06-03T17:22:05.253+0000] {logging_mixin.py:188} INFO - [2025-06-03T17:22:05.253+0000] {dag.py:3823} INFO - Setting next_dagrun for circle_community_members_ingestion to 2025-06-03 17:00:00+00:00, run_after=2025-06-04 17:00:00+00:00
[2025-06-03T17:22:05.282+0000] {processor.py:183} INFO - Processing /opt/airflow/dags/api_to_db_dag.py took 0.111 seconds
[2025-06-03T17:22:35.567+0000] {processor.py:161} INFO - Started process (PID=321) to work on /opt/airflow/dags/api_to_db_dag.py
[2025-06-03T17:22:35.568+0000] {processor.py:830} INFO - Processing file /opt/airflow/dags/api_to_db_dag.py for tasks to queue
[2025-06-03T17:22:35.569+0000] {logging_mixin.py:188} INFO - [2025-06-03T17:22:35.569+0000] {dagbag.py:538} INFO - Filling up the DagBag from /opt/airflow/dags/api_to_db_dag.py
[2025-06-03T17:22:35.594+0000] {processor.py:840} INFO - DAG(s) 'circle_community_members_ingestion' retrieved from /opt/airflow/dags/api_to_db_dag.py
[2025-06-03T17:22:35.624+0000] {logging_mixin.py:188} INFO - [2025-06-03T17:22:35.624+0000] {dag.py:3036} INFO - Sync 1 DAGs
[2025-06-03T17:22:35.649+0000] {logging_mixin.py:188} INFO - [2025-06-03T17:22:35.649+0000] {dag.py:3823} INFO - Setting next_dagrun for circle_community_members_ingestion to 2025-06-03 17:00:00+00:00, run_after=2025-06-04 17:00:00+00:00
[2025-06-03T17:22:35.681+0000] {processor.py:183} INFO - Processing /opt/airflow/dags/api_to_db_dag.py took 0.116 seconds
[2025-06-03T17:23:05.837+0000] {processor.py:161} INFO - Started process (PID=326) to work on /opt/airflow/dags/api_to_db_dag.py
[2025-06-03T17:23:05.839+0000] {processor.py:830} INFO - Processing file /opt/airflow/dags/api_to_db_dag.py for tasks to queue
[2025-06-03T17:23:05.842+0000] {logging_mixin.py:188} INFO - [2025-06-03T17:23:05.840+0000] {dagbag.py:538} INFO - Filling up the DagBag from /opt/airflow/dags/api_to_db_dag.py
[2025-06-03T17:23:05.897+0000] {processor.py:840} INFO - DAG(s) 'circle_community_members_ingestion' retrieved from /opt/airflow/dags/api_to_db_dag.py
[2025-06-03T17:23:05.946+0000] {logging_mixin.py:188} INFO - [2025-06-03T17:23:05.946+0000] {dag.py:3036} INFO - Sync 1 DAGs
[2025-06-03T17:23:05.991+0000] {logging_mixin.py:188} INFO - [2025-06-03T17:23:05.991+0000] {dag.py:3823} INFO - Setting next_dagrun for circle_community_members_ingestion to 2025-06-03 17:00:00+00:00, run_after=2025-06-04 17:00:00+00:00
[2025-06-03T17:23:06.034+0000] {processor.py:183} INFO - Processing /opt/airflow/dags/api_to_db_dag.py took 0.203 seconds
[2025-06-03T17:23:36.185+0000] {processor.py:161} INFO - Started process (PID=331) to work on /opt/airflow/dags/api_to_db_dag.py
[2025-06-03T17:23:36.187+0000] {processor.py:830} INFO - Processing file /opt/airflow/dags/api_to_db_dag.py for tasks to queue
[2025-06-03T17:23:36.188+0000] {logging_mixin.py:188} INFO - [2025-06-03T17:23:36.188+0000] {dagbag.py:538} INFO - Filling up the DagBag from /opt/airflow/dags/api_to_db_dag.py
[2025-06-03T17:23:36.210+0000] {processor.py:840} INFO - DAG(s) 'circle_community_members_ingestion' retrieved from /opt/airflow/dags/api_to_db_dag.py
[2025-06-03T17:23:36.237+0000] {logging_mixin.py:188} INFO - [2025-06-03T17:23:36.237+0000] {dag.py:3036} INFO - Sync 1 DAGs
[2025-06-03T17:23:36.263+0000] {logging_mixin.py:188} INFO - [2025-06-03T17:23:36.263+0000] {dag.py:3823} INFO - Setting next_dagrun for circle_community_members_ingestion to 2025-06-03 17:00:00+00:00, run_after=2025-06-04 17:00:00+00:00
[2025-06-03T17:23:36.292+0000] {processor.py:183} INFO - Processing /opt/airflow/dags/api_to_db_dag.py took 0.109 seconds
[2025-06-03T17:24:06.553+0000] {processor.py:161} INFO - Started process (PID=336) to work on /opt/airflow/dags/api_to_db_dag.py
[2025-06-03T17:24:06.555+0000] {processor.py:830} INFO - Processing file /opt/airflow/dags/api_to_db_dag.py for tasks to queue
[2025-06-03T17:24:06.556+0000] {logging_mixin.py:188} INFO - [2025-06-03T17:24:06.556+0000] {dagbag.py:538} INFO - Filling up the DagBag from /opt/airflow/dags/api_to_db_dag.py
[2025-06-03T17:24:06.595+0000] {processor.py:840} INFO - DAG(s) 'circle_community_members_ingestion' retrieved from /opt/airflow/dags/api_to_db_dag.py
[2025-06-03T17:24:06.629+0000] {logging_mixin.py:188} INFO - [2025-06-03T17:24:06.629+0000] {dag.py:3036} INFO - Sync 1 DAGs
[2025-06-03T17:24:06.659+0000] {logging_mixin.py:188} INFO - [2025-06-03T17:24:06.659+0000] {dag.py:3823} INFO - Setting next_dagrun for circle_community_members_ingestion to 2025-06-03 17:00:00+00:00, run_after=2025-06-04 17:00:00+00:00
[2025-06-03T17:24:06.698+0000] {processor.py:183} INFO - Processing /opt/airflow/dags/api_to_db_dag.py took 0.148 seconds
[2025-06-03T17:24:36.895+0000] {processor.py:161} INFO - Started process (PID=341) to work on /opt/airflow/dags/api_to_db_dag.py
[2025-06-03T17:24:36.896+0000] {processor.py:830} INFO - Processing file /opt/airflow/dags/api_to_db_dag.py for tasks to queue
[2025-06-03T17:24:36.897+0000] {logging_mixin.py:188} INFO - [2025-06-03T17:24:36.897+0000] {dagbag.py:538} INFO - Filling up the DagBag from /opt/airflow/dags/api_to_db_dag.py
[2025-06-03T17:24:36.922+0000] {processor.py:840} INFO - DAG(s) 'circle_community_members_ingestion' retrieved from /opt/airflow/dags/api_to_db_dag.py
[2025-06-03T17:24:36.948+0000] {logging_mixin.py:188} INFO - [2025-06-03T17:24:36.948+0000] {dag.py:3036} INFO - Sync 1 DAGs
[2025-06-03T17:24:36.976+0000] {logging_mixin.py:188} INFO - [2025-06-03T17:24:36.975+0000] {dag.py:3823} INFO - Setting next_dagrun for circle_community_members_ingestion to 2025-06-03 17:00:00+00:00, run_after=2025-06-04 17:00:00+00:00
[2025-06-03T17:24:37.007+0000] {processor.py:183} INFO - Processing /opt/airflow/dags/api_to_db_dag.py took 0.115 seconds
[2025-06-03T17:25:07.244+0000] {processor.py:161} INFO - Started process (PID=346) to work on /opt/airflow/dags/api_to_db_dag.py
[2025-06-03T17:25:07.245+0000] {processor.py:830} INFO - Processing file /opt/airflow/dags/api_to_db_dag.py for tasks to queue
[2025-06-03T17:25:07.246+0000] {logging_mixin.py:188} INFO - [2025-06-03T17:25:07.246+0000] {dagbag.py:538} INFO - Filling up the DagBag from /opt/airflow/dags/api_to_db_dag.py
[2025-06-03T17:25:07.274+0000] {processor.py:840} INFO - DAG(s) 'circle_community_members_ingestion' retrieved from /opt/airflow/dags/api_to_db_dag.py
[2025-06-03T17:25:07.305+0000] {logging_mixin.py:188} INFO - [2025-06-03T17:25:07.305+0000] {dag.py:3036} INFO - Sync 1 DAGs
[2025-06-03T17:25:07.331+0000] {logging_mixin.py:188} INFO - [2025-06-03T17:25:07.330+0000] {dag.py:3823} INFO - Setting next_dagrun for circle_community_members_ingestion to 2025-06-03 17:00:00+00:00, run_after=2025-06-04 17:00:00+00:00
[2025-06-03T17:25:07.360+0000] {processor.py:183} INFO - Processing /opt/airflow/dags/api_to_db_dag.py took 0.119 seconds
[2025-06-03T17:25:37.627+0000] {processor.py:161} INFO - Started process (PID=351) to work on /opt/airflow/dags/api_to_db_dag.py
[2025-06-03T17:25:37.629+0000] {processor.py:830} INFO - Processing file /opt/airflow/dags/api_to_db_dag.py for tasks to queue
[2025-06-03T17:25:37.631+0000] {logging_mixin.py:188} INFO - [2025-06-03T17:25:37.630+0000] {dagbag.py:538} INFO - Filling up the DagBag from /opt/airflow/dags/api_to_db_dag.py
[2025-06-03T17:25:37.688+0000] {processor.py:840} INFO - DAG(s) 'circle_community_members_ingestion' retrieved from /opt/airflow/dags/api_to_db_dag.py
[2025-06-03T17:25:37.737+0000] {logging_mixin.py:188} INFO - [2025-06-03T17:25:37.737+0000] {dag.py:3036} INFO - Sync 1 DAGs
[2025-06-03T17:25:37.777+0000] {logging_mixin.py:188} INFO - [2025-06-03T17:25:37.776+0000] {dag.py:3823} INFO - Setting next_dagrun for circle_community_members_ingestion to 2025-06-03 17:00:00+00:00, run_after=2025-06-04 17:00:00+00:00
[2025-06-03T17:25:37.823+0000] {processor.py:183} INFO - Processing /opt/airflow/dags/api_to_db_dag.py took 0.200 seconds
[2025-06-03T17:26:07.907+0000] {processor.py:161} INFO - Started process (PID=356) to work on /opt/airflow/dags/api_to_db_dag.py
[2025-06-03T17:26:07.909+0000] {processor.py:830} INFO - Processing file /opt/airflow/dags/api_to_db_dag.py for tasks to queue
[2025-06-03T17:26:07.911+0000] {logging_mixin.py:188} INFO - [2025-06-03T17:26:07.910+0000] {dagbag.py:538} INFO - Filling up the DagBag from /opt/airflow/dags/api_to_db_dag.py
[2025-06-03T17:26:07.951+0000] {processor.py:840} INFO - DAG(s) 'circle_community_members_ingestion' retrieved from /opt/airflow/dags/api_to_db_dag.py
[2025-06-03T17:26:07.995+0000] {logging_mixin.py:188} INFO - [2025-06-03T17:26:07.995+0000] {dag.py:3036} INFO - Sync 1 DAGs
[2025-06-03T17:26:08.034+0000] {logging_mixin.py:188} INFO - [2025-06-03T17:26:08.033+0000] {dag.py:3823} INFO - Setting next_dagrun for circle_community_members_ingestion to 2025-06-03 17:00:00+00:00, run_after=2025-06-04 17:00:00+00:00
[2025-06-03T17:26:08.080+0000] {processor.py:183} INFO - Processing /opt/airflow/dags/api_to_db_dag.py took 0.177 seconds
[2025-06-03T17:26:38.409+0000] {processor.py:161} INFO - Started process (PID=361) to work on /opt/airflow/dags/api_to_db_dag.py
[2025-06-03T17:26:38.411+0000] {processor.py:830} INFO - Processing file /opt/airflow/dags/api_to_db_dag.py for tasks to queue
[2025-06-03T17:26:38.412+0000] {logging_mixin.py:188} INFO - [2025-06-03T17:26:38.412+0000] {dagbag.py:538} INFO - Filling up the DagBag from /opt/airflow/dags/api_to_db_dag.py
[2025-06-03T17:26:38.441+0000] {processor.py:840} INFO - DAG(s) 'circle_community_members_ingestion' retrieved from /opt/airflow/dags/api_to_db_dag.py
[2025-06-03T17:26:38.477+0000] {logging_mixin.py:188} INFO - [2025-06-03T17:26:38.477+0000] {dag.py:3036} INFO - Sync 1 DAGs
[2025-06-03T17:26:38.508+0000] {logging_mixin.py:188} INFO - [2025-06-03T17:26:38.507+0000] {dag.py:3823} INFO - Setting next_dagrun for circle_community_members_ingestion to 2025-06-03 17:00:00+00:00, run_after=2025-06-04 17:00:00+00:00
[2025-06-03T17:26:38.544+0000] {processor.py:183} INFO - Processing /opt/airflow/dags/api_to_db_dag.py took 0.138 seconds
[2025-06-03T17:27:08.870+0000] {processor.py:161} INFO - Started process (PID=366) to work on /opt/airflow/dags/api_to_db_dag.py
[2025-06-03T17:27:08.873+0000] {processor.py:830} INFO - Processing file /opt/airflow/dags/api_to_db_dag.py for tasks to queue
[2025-06-03T17:27:08.875+0000] {logging_mixin.py:188} INFO - [2025-06-03T17:27:08.874+0000] {dagbag.py:538} INFO - Filling up the DagBag from /opt/airflow/dags/api_to_db_dag.py
[2025-06-03T17:27:08.927+0000] {processor.py:840} INFO - DAG(s) 'circle_community_members_ingestion' retrieved from /opt/airflow/dags/api_to_db_dag.py
[2025-06-03T17:27:08.975+0000] {logging_mixin.py:188} INFO - [2025-06-03T17:27:08.975+0000] {dag.py:3036} INFO - Sync 1 DAGs
[2025-06-03T17:27:09.020+0000] {logging_mixin.py:188} INFO - [2025-06-03T17:27:09.020+0000] {dag.py:3823} INFO - Setting next_dagrun for circle_community_members_ingestion to 2025-06-03 17:00:00+00:00, run_after=2025-06-04 17:00:00+00:00
[2025-06-03T17:27:09.062+0000] {processor.py:183} INFO - Processing /opt/airflow/dags/api_to_db_dag.py took 0.196 seconds
[2025-06-03T17:27:39.191+0000] {processor.py:161} INFO - Started process (PID=371) to work on /opt/airflow/dags/api_to_db_dag.py
[2025-06-03T17:27:39.192+0000] {processor.py:830} INFO - Processing file /opt/airflow/dags/api_to_db_dag.py for tasks to queue
[2025-06-03T17:27:39.193+0000] {logging_mixin.py:188} INFO - [2025-06-03T17:27:39.193+0000] {dagbag.py:538} INFO - Filling up the DagBag from /opt/airflow/dags/api_to_db_dag.py
[2025-06-03T17:27:39.215+0000] {processor.py:840} INFO - DAG(s) 'circle_community_members_ingestion' retrieved from /opt/airflow/dags/api_to_db_dag.py
[2025-06-03T17:27:39.242+0000] {logging_mixin.py:188} INFO - [2025-06-03T17:27:39.241+0000] {dag.py:3036} INFO - Sync 1 DAGs
[2025-06-03T17:27:39.263+0000] {logging_mixin.py:188} INFO - [2025-06-03T17:27:39.263+0000] {dag.py:3823} INFO - Setting next_dagrun for circle_community_members_ingestion to 2025-06-03 17:00:00+00:00, run_after=2025-06-04 17:00:00+00:00
[2025-06-03T17:27:39.292+0000] {processor.py:183} INFO - Processing /opt/airflow/dags/api_to_db_dag.py took 0.104 seconds
[2025-06-03T17:28:09.466+0000] {processor.py:161} INFO - Started process (PID=376) to work on /opt/airflow/dags/api_to_db_dag.py
[2025-06-03T17:28:09.468+0000] {processor.py:830} INFO - Processing file /opt/airflow/dags/api_to_db_dag.py for tasks to queue
[2025-06-03T17:28:09.470+0000] {logging_mixin.py:188} INFO - [2025-06-03T17:28:09.470+0000] {dagbag.py:538} INFO - Filling up the DagBag from /opt/airflow/dags/api_to_db_dag.py
[2025-06-03T17:28:09.511+0000] {processor.py:840} INFO - DAG(s) 'circle_community_members_ingestion' retrieved from /opt/airflow/dags/api_to_db_dag.py
[2025-06-03T17:28:09.564+0000] {logging_mixin.py:188} INFO - [2025-06-03T17:28:09.563+0000] {dag.py:3036} INFO - Sync 1 DAGs
[2025-06-03T17:28:09.607+0000] {logging_mixin.py:188} INFO - [2025-06-03T17:28:09.607+0000] {dag.py:3823} INFO - Setting next_dagrun for circle_community_members_ingestion to 2025-06-03 17:00:00+00:00, run_after=2025-06-04 17:00:00+00:00
[2025-06-03T17:28:09.649+0000] {processor.py:183} INFO - Processing /opt/airflow/dags/api_to_db_dag.py took 0.186 seconds
[2025-06-03T17:28:39.843+0000] {processor.py:161} INFO - Started process (PID=381) to work on /opt/airflow/dags/api_to_db_dag.py
[2025-06-03T17:28:39.845+0000] {processor.py:830} INFO - Processing file /opt/airflow/dags/api_to_db_dag.py for tasks to queue
[2025-06-03T17:28:39.847+0000] {logging_mixin.py:188} INFO - [2025-06-03T17:28:39.846+0000] {dagbag.py:538} INFO - Filling up the DagBag from /opt/airflow/dags/api_to_db_dag.py
[2025-06-03T17:28:39.899+0000] {processor.py:840} INFO - DAG(s) 'circle_community_members_ingestion' retrieved from /opt/airflow/dags/api_to_db_dag.py
[2025-06-03T17:28:39.948+0000] {logging_mixin.py:188} INFO - [2025-06-03T17:28:39.948+0000] {dag.py:3036} INFO - Sync 1 DAGs
[2025-06-03T17:28:39.993+0000] {logging_mixin.py:188} INFO - [2025-06-03T17:28:39.993+0000] {dag.py:3823} INFO - Setting next_dagrun for circle_community_members_ingestion to 2025-06-03 17:00:00+00:00, run_after=2025-06-04 17:00:00+00:00
[2025-06-03T17:28:40.048+0000] {processor.py:183} INFO - Processing /opt/airflow/dags/api_to_db_dag.py took 0.211 seconds
[2025-06-03T17:29:10.242+0000] {processor.py:161} INFO - Started process (PID=386) to work on /opt/airflow/dags/api_to_db_dag.py
[2025-06-03T17:29:10.244+0000] {processor.py:830} INFO - Processing file /opt/airflow/dags/api_to_db_dag.py for tasks to queue
[2025-06-03T17:29:10.246+0000] {logging_mixin.py:188} INFO - [2025-06-03T17:29:10.245+0000] {dagbag.py:538} INFO - Filling up the DagBag from /opt/airflow/dags/api_to_db_dag.py
[2025-06-03T17:29:10.310+0000] {processor.py:840} INFO - DAG(s) 'circle_community_members_ingestion' retrieved from /opt/airflow/dags/api_to_db_dag.py
[2025-06-03T17:29:10.359+0000] {logging_mixin.py:188} INFO - [2025-06-03T17:29:10.359+0000] {dag.py:3036} INFO - Sync 1 DAGs
[2025-06-03T17:29:10.406+0000] {logging_mixin.py:188} INFO - [2025-06-03T17:29:10.406+0000] {dag.py:3823} INFO - Setting next_dagrun for circle_community_members_ingestion to 2025-06-03 17:00:00+00:00, run_after=2025-06-04 17:00:00+00:00
[2025-06-03T17:29:10.457+0000] {processor.py:183} INFO - Processing /opt/airflow/dags/api_to_db_dag.py took 0.221 seconds
[2025-06-03T17:29:40.579+0000] {processor.py:161} INFO - Started process (PID=391) to work on /opt/airflow/dags/api_to_db_dag.py
[2025-06-03T17:29:40.581+0000] {processor.py:830} INFO - Processing file /opt/airflow/dags/api_to_db_dag.py for tasks to queue
[2025-06-03T17:29:40.582+0000] {logging_mixin.py:188} INFO - [2025-06-03T17:29:40.582+0000] {dagbag.py:538} INFO - Filling up the DagBag from /opt/airflow/dags/api_to_db_dag.py
[2025-06-03T17:29:40.607+0000] {processor.py:840} INFO - DAG(s) 'circle_community_members_ingestion' retrieved from /opt/airflow/dags/api_to_db_dag.py
[2025-06-03T17:29:40.638+0000] {logging_mixin.py:188} INFO - [2025-06-03T17:29:40.638+0000] {dag.py:3036} INFO - Sync 1 DAGs
[2025-06-03T17:29:40.670+0000] {logging_mixin.py:188} INFO - [2025-06-03T17:29:40.669+0000] {dag.py:3823} INFO - Setting next_dagrun for circle_community_members_ingestion to 2025-06-03 17:00:00+00:00, run_after=2025-06-04 17:00:00+00:00
[2025-06-03T17:29:40.706+0000] {processor.py:183} INFO - Processing /opt/airflow/dags/api_to_db_dag.py took 0.129 seconds
[2025-06-03T17:30:11.088+0000] {processor.py:161} INFO - Started process (PID=396) to work on /opt/airflow/dags/api_to_db_dag.py
[2025-06-03T17:30:11.090+0000] {processor.py:830} INFO - Processing file /opt/airflow/dags/api_to_db_dag.py for tasks to queue
[2025-06-03T17:30:11.092+0000] {logging_mixin.py:188} INFO - [2025-06-03T17:30:11.091+0000] {dagbag.py:538} INFO - Filling up the DagBag from /opt/airflow/dags/api_to_db_dag.py
[2025-06-03T17:30:11.135+0000] {processor.py:840} INFO - DAG(s) 'circle_community_members_ingestion' retrieved from /opt/airflow/dags/api_to_db_dag.py
[2025-06-03T17:30:11.170+0000] {logging_mixin.py:188} INFO - [2025-06-03T17:30:11.170+0000] {dag.py:3036} INFO - Sync 1 DAGs
[2025-06-03T17:30:11.199+0000] {logging_mixin.py:188} INFO - [2025-06-03T17:30:11.199+0000] {dag.py:3823} INFO - Setting next_dagrun for circle_community_members_ingestion to 2025-06-03 17:00:00+00:00, run_after=2025-06-04 17:00:00+00:00
[2025-06-03T17:30:11.236+0000] {processor.py:183} INFO - Processing /opt/airflow/dags/api_to_db_dag.py took 0.151 seconds
[2025-06-03T17:30:41.355+0000] {processor.py:161} INFO - Started process (PID=401) to work on /opt/airflow/dags/api_to_db_dag.py
[2025-06-03T17:30:41.356+0000] {processor.py:830} INFO - Processing file /opt/airflow/dags/api_to_db_dag.py for tasks to queue
[2025-06-03T17:30:41.357+0000] {logging_mixin.py:188} INFO - [2025-06-03T17:30:41.357+0000] {dagbag.py:538} INFO - Filling up the DagBag from /opt/airflow/dags/api_to_db_dag.py
[2025-06-03T17:30:41.383+0000] {processor.py:840} INFO - DAG(s) 'circle_community_members_ingestion' retrieved from /opt/airflow/dags/api_to_db_dag.py
[2025-06-03T17:30:41.414+0000] {logging_mixin.py:188} INFO - [2025-06-03T17:30:41.414+0000] {dag.py:3036} INFO - Sync 1 DAGs
[2025-06-03T17:30:41.440+0000] {logging_mixin.py:188} INFO - [2025-06-03T17:30:41.439+0000] {dag.py:3823} INFO - Setting next_dagrun for circle_community_members_ingestion to 2025-06-03 17:00:00+00:00, run_after=2025-06-04 17:00:00+00:00
[2025-06-03T17:30:41.473+0000] {processor.py:183} INFO - Processing /opt/airflow/dags/api_to_db_dag.py took 0.122 seconds
[2025-06-03T17:31:11.664+0000] {processor.py:161} INFO - Started process (PID=406) to work on /opt/airflow/dags/api_to_db_dag.py
[2025-06-03T17:31:11.666+0000] {processor.py:830} INFO - Processing file /opt/airflow/dags/api_to_db_dag.py for tasks to queue
[2025-06-03T17:31:11.667+0000] {logging_mixin.py:188} INFO - [2025-06-03T17:31:11.666+0000] {dagbag.py:538} INFO - Filling up the DagBag from /opt/airflow/dags/api_to_db_dag.py
[2025-06-03T17:31:11.718+0000] {processor.py:840} INFO - DAG(s) 'circle_community_members_ingestion' retrieved from /opt/airflow/dags/api_to_db_dag.py
[2025-06-03T17:31:11.750+0000] {logging_mixin.py:188} INFO - [2025-06-03T17:31:11.749+0000] {dag.py:3036} INFO - Sync 1 DAGs
[2025-06-03T17:31:11.778+0000] {logging_mixin.py:188} INFO - [2025-06-03T17:31:11.778+0000] {dag.py:3823} INFO - Setting next_dagrun for circle_community_members_ingestion to 2025-06-03 17:00:00+00:00, run_after=2025-06-04 17:00:00+00:00
[2025-06-03T17:31:11.806+0000] {processor.py:183} INFO - Processing /opt/airflow/dags/api_to_db_dag.py took 0.145 seconds
[2025-06-03T17:31:42.084+0000] {processor.py:161} INFO - Started process (PID=413) to work on /opt/airflow/dags/api_to_db_dag.py
[2025-06-03T17:31:42.085+0000] {processor.py:830} INFO - Processing file /opt/airflow/dags/api_to_db_dag.py for tasks to queue
[2025-06-03T17:31:42.088+0000] {logging_mixin.py:188} INFO - [2025-06-03T17:31:42.087+0000] {dagbag.py:538} INFO - Filling up the DagBag from /opt/airflow/dags/api_to_db_dag.py
[2025-06-03T17:31:42.123+0000] {processor.py:840} INFO - DAG(s) 'circle_community_members_ingestion' retrieved from /opt/airflow/dags/api_to_db_dag.py
[2025-06-03T17:31:42.161+0000] {logging_mixin.py:188} INFO - [2025-06-03T17:31:42.161+0000] {dag.py:3036} INFO - Sync 1 DAGs
[2025-06-03T17:31:42.186+0000] {logging_mixin.py:188} INFO - [2025-06-03T17:31:42.185+0000] {dag.py:3823} INFO - Setting next_dagrun for circle_community_members_ingestion to 2025-06-03 17:00:00+00:00, run_after=2025-06-04 17:00:00+00:00
[2025-06-03T17:31:42.214+0000] {processor.py:183} INFO - Processing /opt/airflow/dags/api_to_db_dag.py took 0.134 seconds
[2025-06-03T17:32:12.400+0000] {processor.py:161} INFO - Started process (PID=418) to work on /opt/airflow/dags/api_to_db_dag.py
[2025-06-03T17:32:12.402+0000] {processor.py:830} INFO - Processing file /opt/airflow/dags/api_to_db_dag.py for tasks to queue
[2025-06-03T17:32:12.403+0000] {logging_mixin.py:188} INFO - [2025-06-03T17:32:12.403+0000] {dagbag.py:538} INFO - Filling up the DagBag from /opt/airflow/dags/api_to_db_dag.py
[2025-06-03T17:32:12.434+0000] {processor.py:840} INFO - DAG(s) 'circle_community_members_ingestion' retrieved from /opt/airflow/dags/api_to_db_dag.py
[2025-06-03T17:32:12.473+0000] {logging_mixin.py:188} INFO - [2025-06-03T17:32:12.472+0000] {dag.py:3036} INFO - Sync 1 DAGs
[2025-06-03T17:32:12.506+0000] {logging_mixin.py:188} INFO - [2025-06-03T17:32:12.506+0000] {dag.py:3823} INFO - Setting next_dagrun for circle_community_members_ingestion to 2025-06-03 17:00:00+00:00, run_after=2025-06-04 17:00:00+00:00
[2025-06-03T17:32:12.546+0000] {processor.py:183} INFO - Processing /opt/airflow/dags/api_to_db_dag.py took 0.150 seconds
[2025-06-03T17:32:43.098+0000] {processor.py:161} INFO - Started process (PID=423) to work on /opt/airflow/dags/api_to_db_dag.py
[2025-06-03T17:32:43.100+0000] {processor.py:830} INFO - Processing file /opt/airflow/dags/api_to_db_dag.py for tasks to queue
[2025-06-03T17:32:43.103+0000] {logging_mixin.py:188} INFO - [2025-06-03T17:32:43.102+0000] {dagbag.py:538} INFO - Filling up the DagBag from /opt/airflow/dags/api_to_db_dag.py
[2025-06-03T17:32:43.171+0000] {processor.py:840} INFO - DAG(s) 'circle_community_members_ingestion' retrieved from /opt/airflow/dags/api_to_db_dag.py
[2025-06-03T17:32:43.216+0000] {logging_mixin.py:188} INFO - [2025-06-03T17:32:43.215+0000] {dag.py:3036} INFO - Sync 1 DAGs
[2025-06-03T17:32:43.253+0000] {logging_mixin.py:188} INFO - [2025-06-03T17:32:43.252+0000] {dag.py:3823} INFO - Setting next_dagrun for circle_community_members_ingestion to 2025-06-03 17:00:00+00:00, run_after=2025-06-04 17:00:00+00:00
[2025-06-03T17:32:43.294+0000] {processor.py:183} INFO - Processing /opt/airflow/dags/api_to_db_dag.py took 0.200 seconds
[2025-06-03T17:33:13.442+0000] {processor.py:161} INFO - Started process (PID=428) to work on /opt/airflow/dags/api_to_db_dag.py
[2025-06-03T17:33:13.445+0000] {processor.py:830} INFO - Processing file /opt/airflow/dags/api_to_db_dag.py for tasks to queue
[2025-06-03T17:33:13.447+0000] {logging_mixin.py:188} INFO - [2025-06-03T17:33:13.447+0000] {dagbag.py:538} INFO - Filling up the DagBag from /opt/airflow/dags/api_to_db_dag.py
[2025-06-03T17:33:13.515+0000] {processor.py:840} INFO - DAG(s) 'circle_community_members_ingestion' retrieved from /opt/airflow/dags/api_to_db_dag.py
[2025-06-03T17:33:13.569+0000] {logging_mixin.py:188} INFO - [2025-06-03T17:33:13.569+0000] {dag.py:3036} INFO - Sync 1 DAGs
[2025-06-03T17:33:13.615+0000] {logging_mixin.py:188} INFO - [2025-06-03T17:33:13.615+0000] {dag.py:3823} INFO - Setting next_dagrun for circle_community_members_ingestion to 2025-06-03 17:00:00+00:00, run_after=2025-06-04 17:00:00+00:00
[2025-06-03T17:33:13.663+0000] {processor.py:183} INFO - Processing /opt/airflow/dags/api_to_db_dag.py took 0.229 seconds
[2025-06-03T17:33:43.808+0000] {processor.py:161} INFO - Started process (PID=433) to work on /opt/airflow/dags/api_to_db_dag.py
[2025-06-03T17:33:43.810+0000] {processor.py:830} INFO - Processing file /opt/airflow/dags/api_to_db_dag.py for tasks to queue
[2025-06-03T17:33:43.811+0000] {logging_mixin.py:188} INFO - [2025-06-03T17:33:43.811+0000] {dagbag.py:538} INFO - Filling up the DagBag from /opt/airflow/dags/api_to_db_dag.py
[2025-06-03T17:33:43.846+0000] {processor.py:840} INFO - DAG(s) 'circle_community_members_ingestion' retrieved from /opt/airflow/dags/api_to_db_dag.py
[2025-06-03T17:33:43.881+0000] {logging_mixin.py:188} INFO - [2025-06-03T17:33:43.880+0000] {dag.py:3036} INFO - Sync 1 DAGs
[2025-06-03T17:33:43.908+0000] {logging_mixin.py:188} INFO - [2025-06-03T17:33:43.908+0000] {dag.py:3823} INFO - Setting next_dagrun for circle_community_members_ingestion to 2025-06-03 17:00:00+00:00, run_after=2025-06-04 17:00:00+00:00
[2025-06-03T17:33:43.943+0000] {processor.py:183} INFO - Processing /opt/airflow/dags/api_to_db_dag.py took 0.138 seconds
[2025-06-03T17:34:14.284+0000] {processor.py:161} INFO - Started process (PID=438) to work on /opt/airflow/dags/api_to_db_dag.py
[2025-06-03T17:34:14.286+0000] {processor.py:830} INFO - Processing file /opt/airflow/dags/api_to_db_dag.py for tasks to queue
[2025-06-03T17:34:14.288+0000] {logging_mixin.py:188} INFO - [2025-06-03T17:34:14.288+0000] {dagbag.py:538} INFO - Filling up the DagBag from /opt/airflow/dags/api_to_db_dag.py
[2025-06-03T17:34:14.375+0000] {processor.py:840} INFO - DAG(s) 'circle_community_members_ingestion' retrieved from /opt/airflow/dags/api_to_db_dag.py
[2025-06-03T17:34:14.429+0000] {logging_mixin.py:188} INFO - [2025-06-03T17:34:14.428+0000] {dag.py:3036} INFO - Sync 1 DAGs
[2025-06-03T17:34:14.479+0000] {logging_mixin.py:188} INFO - [2025-06-03T17:34:14.479+0000] {dag.py:3823} INFO - Setting next_dagrun for circle_community_members_ingestion to 2025-06-03 17:00:00+00:00, run_after=2025-06-04 17:00:00+00:00
[2025-06-03T17:34:14.522+0000] {processor.py:183} INFO - Processing /opt/airflow/dags/api_to_db_dag.py took 0.244 seconds
[2025-06-03T17:34:44.596+0000] {processor.py:161} INFO - Started process (PID=443) to work on /opt/airflow/dags/api_to_db_dag.py
[2025-06-03T17:34:44.598+0000] {processor.py:830} INFO - Processing file /opt/airflow/dags/api_to_db_dag.py for tasks to queue
[2025-06-03T17:34:44.599+0000] {logging_mixin.py:188} INFO - [2025-06-03T17:34:44.599+0000] {dagbag.py:538} INFO - Filling up the DagBag from /opt/airflow/dags/api_to_db_dag.py
[2025-06-03T17:34:44.650+0000] {processor.py:840} INFO - DAG(s) 'circle_community_members_ingestion' retrieved from /opt/airflow/dags/api_to_db_dag.py
[2025-06-03T17:34:44.725+0000] {logging_mixin.py:188} INFO - [2025-06-03T17:34:44.716+0000] {dag.py:3036} INFO - Sync 1 DAGs
[2025-06-03T17:34:44.790+0000] {logging_mixin.py:188} INFO - [2025-06-03T17:34:44.789+0000] {dag.py:3823} INFO - Setting next_dagrun for circle_community_members_ingestion to 2025-06-03 17:00:00+00:00, run_after=2025-06-04 17:00:00+00:00
[2025-06-03T17:34:44.865+0000] {processor.py:183} INFO - Processing /opt/airflow/dags/api_to_db_dag.py took 0.273 seconds
[2025-06-03T17:35:15.029+0000] {processor.py:161} INFO - Started process (PID=448) to work on /opt/airflow/dags/api_to_db_dag.py
[2025-06-03T17:35:15.030+0000] {processor.py:830} INFO - Processing file /opt/airflow/dags/api_to_db_dag.py for tasks to queue
[2025-06-03T17:35:15.031+0000] {logging_mixin.py:188} INFO - [2025-06-03T17:35:15.031+0000] {dagbag.py:538} INFO - Filling up the DagBag from /opt/airflow/dags/api_to_db_dag.py
[2025-06-03T17:35:15.071+0000] {processor.py:840} INFO - DAG(s) 'circle_community_members_ingestion' retrieved from /opt/airflow/dags/api_to_db_dag.py
[2025-06-03T17:35:15.105+0000] {logging_mixin.py:188} INFO - [2025-06-03T17:35:15.104+0000] {dag.py:3036} INFO - Sync 1 DAGs
[2025-06-03T17:35:15.144+0000] {logging_mixin.py:188} INFO - [2025-06-03T17:35:15.143+0000] {dag.py:3823} INFO - Setting next_dagrun for circle_community_members_ingestion to 2025-06-03 17:00:00+00:00, run_after=2025-06-04 17:00:00+00:00
[2025-06-03T17:35:15.170+0000] {processor.py:183} INFO - Processing /opt/airflow/dags/api_to_db_dag.py took 0.146 seconds
[2025-06-03T17:35:45.638+0000] {processor.py:161} INFO - Started process (PID=453) to work on /opt/airflow/dags/api_to_db_dag.py
[2025-06-03T17:35:45.644+0000] {processor.py:830} INFO - Processing file /opt/airflow/dags/api_to_db_dag.py for tasks to queue
[2025-06-03T17:35:45.647+0000] {logging_mixin.py:188} INFO - [2025-06-03T17:35:45.646+0000] {dagbag.py:538} INFO - Filling up the DagBag from /opt/airflow/dags/api_to_db_dag.py
[2025-06-03T17:35:45.764+0000] {processor.py:840} INFO - DAG(s) 'circle_community_members_ingestion' retrieved from /opt/airflow/dags/api_to_db_dag.py
[2025-06-03T17:35:45.869+0000] {logging_mixin.py:188} INFO - [2025-06-03T17:35:45.869+0000] {dag.py:3036} INFO - Sync 1 DAGs
[2025-06-03T17:35:45.934+0000] {logging_mixin.py:188} INFO - [2025-06-03T17:35:45.932+0000] {dag.py:3823} INFO - Setting next_dagrun for circle_community_members_ingestion to 2025-06-03 17:00:00+00:00, run_after=2025-06-04 17:00:00+00:00
[2025-06-03T17:35:46.034+0000] {processor.py:183} INFO - Processing /opt/airflow/dags/api_to_db_dag.py took 0.406 seconds
[2025-06-03T17:36:16.327+0000] {processor.py:161} INFO - Started process (PID=458) to work on /opt/airflow/dags/api_to_db_dag.py
[2025-06-03T17:36:16.328+0000] {processor.py:830} INFO - Processing file /opt/airflow/dags/api_to_db_dag.py for tasks to queue
[2025-06-03T17:36:16.330+0000] {logging_mixin.py:188} INFO - [2025-06-03T17:36:16.329+0000] {dagbag.py:538} INFO - Filling up the DagBag from /opt/airflow/dags/api_to_db_dag.py
[2025-06-03T17:36:16.352+0000] {processor.py:840} INFO - DAG(s) 'circle_community_members_ingestion' retrieved from /opt/airflow/dags/api_to_db_dag.py
[2025-06-03T17:36:16.378+0000] {logging_mixin.py:188} INFO - [2025-06-03T17:36:16.378+0000] {dag.py:3036} INFO - Sync 1 DAGs
[2025-06-03T17:36:16.403+0000] {logging_mixin.py:188} INFO - [2025-06-03T17:36:16.403+0000] {dag.py:3823} INFO - Setting next_dagrun for circle_community_members_ingestion to 2025-06-03 17:00:00+00:00, run_after=2025-06-04 17:00:00+00:00
[2025-06-03T17:36:16.433+0000] {processor.py:183} INFO - Processing /opt/airflow/dags/api_to_db_dag.py took 0.109 seconds
[2025-06-03T17:36:46.607+0000] {processor.py:161} INFO - Started process (PID=463) to work on /opt/airflow/dags/api_to_db_dag.py
[2025-06-03T17:36:46.608+0000] {processor.py:830} INFO - Processing file /opt/airflow/dags/api_to_db_dag.py for tasks to queue
[2025-06-03T17:36:46.609+0000] {logging_mixin.py:188} INFO - [2025-06-03T17:36:46.609+0000] {dagbag.py:538} INFO - Filling up the DagBag from /opt/airflow/dags/api_to_db_dag.py
[2025-06-03T17:36:46.641+0000] {processor.py:840} INFO - DAG(s) 'circle_community_members_ingestion' retrieved from /opt/airflow/dags/api_to_db_dag.py
[2025-06-03T17:36:46.673+0000] {logging_mixin.py:188} INFO - [2025-06-03T17:36:46.673+0000] {dag.py:3036} INFO - Sync 1 DAGs
[2025-06-03T17:36:46.700+0000] {logging_mixin.py:188} INFO - [2025-06-03T17:36:46.700+0000] {dag.py:3823} INFO - Setting next_dagrun for circle_community_members_ingestion to 2025-06-03 17:00:00+00:00, run_after=2025-06-04 17:00:00+00:00
[2025-06-03T17:36:46.735+0000] {processor.py:183} INFO - Processing /opt/airflow/dags/api_to_db_dag.py took 0.132 seconds
[2025-06-03T17:37:17.081+0000] {processor.py:161} INFO - Started process (PID=468) to work on /opt/airflow/dags/api_to_db_dag.py
[2025-06-03T17:37:17.082+0000] {processor.py:830} INFO - Processing file /opt/airflow/dags/api_to_db_dag.py for tasks to queue
[2025-06-03T17:37:17.083+0000] {logging_mixin.py:188} INFO - [2025-06-03T17:37:17.083+0000] {dagbag.py:538} INFO - Filling up the DagBag from /opt/airflow/dags/api_to_db_dag.py
[2025-06-03T17:37:17.108+0000] {processor.py:840} INFO - DAG(s) 'circle_community_members_ingestion' retrieved from /opt/airflow/dags/api_to_db_dag.py
[2025-06-03T17:37:17.135+0000] {logging_mixin.py:188} INFO - [2025-06-03T17:37:17.135+0000] {dag.py:3036} INFO - Sync 1 DAGs
[2025-06-03T17:37:17.160+0000] {logging_mixin.py:188} INFO - [2025-06-03T17:37:17.160+0000] {dag.py:3823} INFO - Setting next_dagrun for circle_community_members_ingestion to 2025-06-03 17:00:00+00:00, run_after=2025-06-04 17:00:00+00:00
[2025-06-03T17:37:17.189+0000] {processor.py:183} INFO - Processing /opt/airflow/dags/api_to_db_dag.py took 0.111 seconds
[2025-06-03T17:37:47.378+0000] {processor.py:161} INFO - Started process (PID=473) to work on /opt/airflow/dags/api_to_db_dag.py
[2025-06-03T17:37:47.380+0000] {processor.py:830} INFO - Processing file /opt/airflow/dags/api_to_db_dag.py for tasks to queue
[2025-06-03T17:37:47.382+0000] {logging_mixin.py:188} INFO - [2025-06-03T17:37:47.382+0000] {dagbag.py:538} INFO - Filling up the DagBag from /opt/airflow/dags/api_to_db_dag.py
[2025-06-03T17:37:47.409+0000] {processor.py:840} INFO - DAG(s) 'circle_community_members_ingestion' retrieved from /opt/airflow/dags/api_to_db_dag.py
[2025-06-03T17:37:47.439+0000] {logging_mixin.py:188} INFO - [2025-06-03T17:37:47.439+0000] {dag.py:3036} INFO - Sync 1 DAGs
[2025-06-03T17:37:47.468+0000] {logging_mixin.py:188} INFO - [2025-06-03T17:37:47.467+0000] {dag.py:3823} INFO - Setting next_dagrun for circle_community_members_ingestion to 2025-06-03 17:00:00+00:00, run_after=2025-06-04 17:00:00+00:00
[2025-06-03T17:37:47.496+0000] {processor.py:183} INFO - Processing /opt/airflow/dags/api_to_db_dag.py took 0.121 seconds
[2025-06-03T17:38:17.678+0000] {processor.py:161} INFO - Started process (PID=478) to work on /opt/airflow/dags/api_to_db_dag.py
[2025-06-03T17:38:17.680+0000] {processor.py:830} INFO - Processing file /opt/airflow/dags/api_to_db_dag.py for tasks to queue
[2025-06-03T17:38:17.682+0000] {logging_mixin.py:188} INFO - [2025-06-03T17:38:17.682+0000] {dagbag.py:538} INFO - Filling up the DagBag from /opt/airflow/dags/api_to_db_dag.py
[2025-06-03T17:38:17.717+0000] {processor.py:840} INFO - DAG(s) 'circle_community_members_ingestion' retrieved from /opt/airflow/dags/api_to_db_dag.py
[2025-06-03T17:38:17.751+0000] {logging_mixin.py:188} INFO - [2025-06-03T17:38:17.751+0000] {dag.py:3036} INFO - Sync 1 DAGs
[2025-06-03T17:38:17.783+0000] {logging_mixin.py:188} INFO - [2025-06-03T17:38:17.783+0000] {dag.py:3823} INFO - Setting next_dagrun for circle_community_members_ingestion to 2025-06-03 17:00:00+00:00, run_after=2025-06-04 17:00:00+00:00
[2025-06-03T17:38:17.821+0000] {processor.py:183} INFO - Processing /opt/airflow/dags/api_to_db_dag.py took 0.146 seconds
[2025-06-03T17:38:48.054+0000] {processor.py:161} INFO - Started process (PID=483) to work on /opt/airflow/dags/api_to_db_dag.py
[2025-06-03T17:38:48.058+0000] {processor.py:830} INFO - Processing file /opt/airflow/dags/api_to_db_dag.py for tasks to queue
[2025-06-03T17:38:48.061+0000] {logging_mixin.py:188} INFO - [2025-06-03T17:38:48.060+0000] {dagbag.py:538} INFO - Filling up the DagBag from /opt/airflow/dags/api_to_db_dag.py
[2025-06-03T17:38:48.128+0000] {processor.py:840} INFO - DAG(s) 'circle_community_members_ingestion' retrieved from /opt/airflow/dags/api_to_db_dag.py
[2025-06-03T17:38:48.213+0000] {logging_mixin.py:188} INFO - [2025-06-03T17:38:48.212+0000] {dag.py:3036} INFO - Sync 1 DAGs
[2025-06-03T17:38:48.309+0000] {logging_mixin.py:188} INFO - [2025-06-03T17:38:48.308+0000] {dag.py:3823} INFO - Setting next_dagrun for circle_community_members_ingestion to 2025-06-03 17:00:00+00:00, run_after=2025-06-04 17:00:00+00:00
[2025-06-03T17:38:48.389+0000] {processor.py:183} INFO - Processing /opt/airflow/dags/api_to_db_dag.py took 0.346 seconds
[2025-06-03T17:39:18.607+0000] {processor.py:161} INFO - Started process (PID=492) to work on /opt/airflow/dags/api_to_db_dag.py
[2025-06-03T17:39:18.611+0000] {processor.py:830} INFO - Processing file /opt/airflow/dags/api_to_db_dag.py for tasks to queue
[2025-06-03T17:39:18.614+0000] {logging_mixin.py:188} INFO - [2025-06-03T17:39:18.613+0000] {dagbag.py:538} INFO - Filling up the DagBag from /opt/airflow/dags/api_to_db_dag.py
[2025-06-03T17:39:18.675+0000] {processor.py:840} INFO - DAG(s) 'circle_community_members_ingestion' retrieved from /opt/airflow/dags/api_to_db_dag.py
[2025-06-03T17:39:18.712+0000] {logging_mixin.py:188} INFO - [2025-06-03T17:39:18.712+0000] {dag.py:3036} INFO - Sync 1 DAGs
[2025-06-03T17:39:18.744+0000] {logging_mixin.py:188} INFO - [2025-06-03T17:39:18.744+0000] {dag.py:3823} INFO - Setting next_dagrun for circle_community_members_ingestion to 2025-06-03 17:00:00+00:00, run_after=2025-06-04 17:00:00+00:00
[2025-06-03T17:39:18.782+0000] {processor.py:183} INFO - Processing /opt/airflow/dags/api_to_db_dag.py took 0.182 seconds
