[2025-06-05T05:17:23.866+0000] {taskinstance.py:1956} INFO - Dependencies all met for dep_context=non-requeueable deps ti=<TaskInstance: events_ingestion.fetch_and_store_events_task manual__2025-06-05T12:17:19+07:00 [queued]>
[2025-06-05T05:17:23.905+0000] {taskinstance.py:1956} INFO - Dependencies all met for dep_context=requeueable deps ti=<TaskInstance: events_ingestion.fetch_and_store_events_task manual__2025-06-05T12:17:19+07:00 [queued]>
[2025-06-05T05:17:23.907+0000] {taskinstance.py:2170} INFO - Starting attempt 1 of 1
[2025-06-05T05:17:23.975+0000] {taskinstance.py:2191} INFO - Executing <Task(PythonOperator): fetch_and_store_events_task> on 2025-06-05 05:17:19+00:00
[2025-06-05T05:17:23.985+0000] {standard_task_runner.py:60} INFO - Started process 1324 to run task
[2025-06-05T05:17:23.998+0000] {standard_task_runner.py:87} INFO - Running: ['***', 'tasks', 'run', 'events_ingestion', 'fetch_and_store_events_task', 'manual__2025-06-05T12:17:19+07:00', '--job-id', '47', '--raw', '--subdir', 'DAGS_FOLDER/api_to_db_dag_events.py', '--cfg-path', '/tmp/tmpss2ju_1n']
[2025-06-05T05:17:24.009+0000] {standard_task_runner.py:88} INFO - Job 47: Subtask fetch_and_store_events_task
[2025-06-05T05:17:24.462+0000] {task_command.py:423} INFO - Running <TaskInstance: events_ingestion.fetch_and_store_events_task manual__2025-06-05T12:17:19+07:00 [running]> on host e4f5e6f9211f
[2025-06-05T05:17:24.940+0000] {taskinstance.py:2480} INFO - Exporting env vars: AIRFLOW_CTX_DAG_OWNER='***' AIRFLOW_CTX_DAG_ID='events_ingestion' AIRFLOW_CTX_TASK_ID='fetch_and_store_events_task' AIRFLOW_CTX_EXECUTION_DATE='2025-06-05T05:17:19+00:00' AIRFLOW_CTX_TRY_NUMBER='1' AIRFLOW_CTX_DAG_RUN_ID='manual__2025-06-05T12:17:19+07:00'
[2025-06-05T05:17:24.944+0000] {api_to_db_dag_events.py:37} INFO - Đang gọi API: https://app.circle.so/api/admin/v2/events?page=1&per_page=60
[2025-06-05T05:17:25.585+0000] {api_to_db_dag_events.py:40} INFO - Đã lấy 1 bản ghi từ API (nhiều trang).
[2025-06-05T05:17:25.587+0000] {api_to_db_dag_events.py:47} INFO - Đang kết nối đến cơ sở dữ liệu với Conn ID: QUANG
[2025-06-05T05:17:25.604+0000] {base.py:83} INFO - Using connection ID 'QUANG' for task execution.
[2025-06-05T05:17:25.927+0000] {api_to_db_dag_events.py:53} INFO - Kết nối cơ sở dữ liệu thành công.
[2025-06-05T05:17:26.006+0000] {api_to_db_dag_events.py:135} INFO - Đã chèn 1 event vào DB.
[2025-06-05T05:17:26.007+0000] {api_to_db_dag_events.py:141} INFO - Đã đóng kết nối cơ sở dữ liệu.
[2025-06-05T05:17:26.008+0000] {python.py:201} INFO - Done. Returned value was: None
[2025-06-05T05:17:26.019+0000] {taskinstance.py:1138} INFO - Marking task as SUCCESS. dag_id=events_ingestion, task_id=fetch_and_store_events_task, execution_date=20250605T051719, start_date=20250605T051723, end_date=20250605T051726
[2025-06-05T05:17:26.093+0000] {local_task_job_runner.py:234} INFO - Task exited with return code 0
[2025-06-05T05:17:26.115+0000] {taskinstance.py:3280} INFO - 0 downstream tasks scheduled from follow-on schedule check
